<Event xmlns='http://schemas.microsoft.com/win/2004/08/events/event'><System><Provider Name='Microsoft-Windows-Security-Auditing' Guid='{54849625-5478-4994-a5ba-3e3b0328c30d}'/><EventID>5379</EventID><Version>0</Version><Level>0</Level><Task>13824</Task><Opcode>0</Opcode><Keywords>0x8020000000000000</Keywords><TimeCreated SystemTime='2026-07-16T10:48:51.0809883Z'/><EventRecordID>274521</EventRecordID><Correlation ActivityID='{d674bba0-1160-0000-82bc-74d66011dd01}'/><Execution ProcessID='948' ThreadID='9912'/><Channel>Security</Channel><Computer>DESKTOP-15MLO7N</Computer><Security/></System><EventData><Data Name='SubjectUserSid'>S-1-5-21-4135273746-3520294150-535758031-1001</Data><Data Name='SubjectUserName'>parma</Data><Data Name='SubjectDomainName'>DESKTOP-15MLO7N</Data><Data Name='SubjectLogonId'>0x4fa2d92</Data><Data Name='TargetName'>MicrosoftAccount:user=parmarjigar8070@gmail.com</Data><Data Name='Type'>0</Data><Data Name='CountOfCredentialsReturned'>1</Data><Data Name='ReadOperation'>%%8100</Data><Data Name='ReturnCode'>0</Data><Data Name='ProcessCreationTime'>2026-07-11T20:34:18.2739730Z</Data><Data Name='ClientProcessId'>7928</Data></EventData><RenderingInfo Culture='en-IN'><Message>Credential Manager credentials were read.

Subject:
	Security ID:		S-1-5-21-4135273746-3520294150-535758031-1001
	Account Name:		parma
	Account Domain:		DESKTOP-15MLO7N
	Logon ID:		0x4FA2D92
	Read Operation:		Enumerate Credentials

This event occurs when a user performs a read operation on stored credentials in Credential Manager.</Message><Level>Information</Level><Task>User Account Management</Task><Opcode>Info</Opcode><Channel>Security</Channel><Provider>Microsoft Windows security auditing.</Provider><Keywords><Keyword>Audit Success</Keyword></Keywords></RenderingInfo></Event><Event xmlns='http://schemas.microsoft.com/win/2004/08/events/event'><System><Provider Name='Microsoft-Windows-Security-Auditing' Guid='{54849625-5478-4994-a5ba-3e3b0328c30d}'/><EventID>5379</EventID><Version>0</Version><Level>0</Level><Task>13824</Task><Opcode>0</Opcode><Keywords>0x8020000000000000</Keywords><TimeCreated SystemTime='2026-07-16T10:48:51.0807618Z'/><EventRecordID>274520</EventRecordID><Correlation ActivityID='{d674bba0-1160-0000-82bc-74d66011dd01}'/><Execution ProcessID='948' ThreadID='9912'/><Channel>Security</Channel><Computer>DESKTOP-15MLO7N</Computer><Security/></System><EventData><Data Name='SubjectUserSid'>S-1-5-21-4135273746-3520294150-535758031-1001</Data><Data Name='SubjectUserName'>parma</Data><Data Name='SubjectDomainName'>DESKTOP-15MLO7N</Data><Data Name='SubjectLogonId'>0x4fa2d92</Data><Data Name='TargetName'>MicrosoftAccount:user=parmarjigar8070@gmail.com</Data><Data Name='Type'>0</Data><Data Name='CountOfCredentialsReturned'>1</Data><Data Name='ReadOperation'>%%8100</Data><Data Name='ReturnCode'>0</Data><Data Name='ProcessCreationTime'>2026-07-11T20:34:18.2739730Z</Data><Data Name='ClientProcessId'>7928</Data></EventData><RenderingInfo Culture='en-IN'><Message>Credential Manager credentials were read.

Subject:
	Security ID:		S-1-5-21-4135273746-3520294150-535758031-1001
	Account Name:		parma
	Account Domain:		DESKTOP-15MLO7N
	Logon ID:		0x4FA2D92
	Read Operation:		Enumerate Credentials

This event occurs when a user performs a read operation on stored credentials in Credential Manager.</Message><Level>Information</Level><Task>User Account Management</Task><Opcode>Info</Opcode><Channel>Security</Channel><Provider>Microsoft Windows security auditing.</Provider><Keywords><Keyword>Audit Success</Keyword></Keywords></RenderingInfo></Event><Event xmlns='http://schemas.microsoft.com/win/2004/08/events/event'><System><Provider Name='Microsoft-Windows-Security-Auditing' Guid='{54849625-5478-4994-a5ba-3e3b0328c30d}'/><EventID>5379</EventID><Version>0</Version><Level>0</Level><Task>13824</Task><Opcode>0</Opcode><Keywords>0x8020000000000000</Keywords><TimeCreated SystemTime='2026-07-16T10:48:51.0805876Z'/><EventRecordID>274519</EventRecordID><Correlation ActivityID='{d674bba0-1160-0000-82bc-74d66011dd01}'/><Execution ProcessID='948' ThreadID='9912'/><Channel>Security</Channel><Computer>DESKTOP-15MLO7N</Computer><Security/></System><EventData><Data Name='SubjectUserSid'>S-1-5-21-4135273746-3520294150-535758031-1001</Data><Data Name='SubjectUserName'>parma</Data><Data Name='SubjectDomainName'>DESKTOP-15MLO7N</Data><Data Name='SubjectLogonId'>0x4fa2d92</Data><Data Name='TargetName'>MicrosoftAccount:user=parmarjigar8070@gmail.com</Data><Data Name='Type'>0</Data><Data Name='CountOfCredentialsReturned'>1</Data><Data Name='ReadOperation'>%%8100</Data><Data Name='ReturnCode'>0</Data><Data Name='ProcessCreationTime'>2026-07-11T20:34:18.2739730Z</Data><Data Name='ClientProcessId'>7928</Data></EventData><RenderingInfo Culture='en-IN'><Message>Credential Manager credentials were read.

Subject:
	Security ID:		S-1-5-21-4135273746-3520294150-535758031-1001
	Account Name:		parma
	Account Domain:		DESKTOP-15MLO7N
	Logon ID:		0x4FA2D92
	Read Operation:		Enumerate Credentials

This event occurs when a user performs a read operation on stored credentials in Credential Manager.</Message><Level>Information</Level><Task>User Account Management</Task><Opcode>Info</Opcode><Channel>Security</Channel><Provider>Microsoft Windows security auditing.</Provider><Keywords><Keyword>Audit Success</Keyword></Keywords></RenderingInfo></Event><Event xmlns='http://schemas.microsoft.com/win/2004/08/events/event'><System><Provider Name='Microsoft-Windows-Security-Auditing' Guid='{54849625-5478-4994-a5ba-3e3b0328c30d}'/><EventID>5379</EventID><Version>0</Version><Level>0</Level><Task>13824</Task><Opcode>0</Opcode><Keywords>0x8020000000000000</Keywords><TimeCreated SystemTime='2026-07-16T10:48:51.0803580Z'/><EventRecordID>274518</EventRecordID><Correlation ActivityID='{d674bba0-1160-0000-82bc-74d66011dd01}'/><Execution ProcessID='948' ThreadID='9912'/><Channel>Security</Channel><Computer>DESKTOP-15MLO7N</Computer><Security/></System><EventData><Data Name='SubjectUserSid'>S-1-5-21-4135273746-3520294150-535758031-1001</Data><Data Name='SubjectUserName'>parma</Data><Data Name='SubjectDomainName'>DESKTOP-15MLO7N</Data><Data Name='SubjectLogonId'>0x4fa2d92</Data><Data Name='TargetName'>MicrosoftAccount:user=parmarjigar8070@gmail.com</Data><Data Name='Type'>0</Data><Data Name='CountOfCredentialsReturned'>1</Data><Data Name='ReadOperation'>%%8100</Data><Data Name='ReturnCode'>0</Data><Data Name='ProcessCreationTime'>2026-07-11T20:34:18.2739730Z</Data><Data Name='ClientProcessId'>7928</Data></EventData><RenderingInfo Culture='en-IN'><Message>Credential Manager credentials were read.

Subject:
	Security ID:		S-1-5-21-4135273746-3520294150-535758031-1001
	Account Name:		parma
	Account Domain:		DESKTOP-15MLO7N
	Logon ID:		0x4FA2D92
	Read Operation:		Enumerate Credentials

This event occurs when a user performs a read operation on stored credentials in Credential Manager.</Message><Level>Information</Level><Task>User Account Management</Task><Opcode>Info</Opcode><Channel>Security</Channel><Provider>Microsoft Windows security auditing.</Provider><Keywords><Keyword>Audit Success</Keyword></Keywords></RenderingInfo></Event><Event xmlns='http://schemas.microsoft.com/win/2004/08/events/event'><System><Provider Name='Microsoft-Windows-Security-Auditing' Guid='{54849625-5478-4994-a5ba-3e3b0328c30d}'/><EventID>5379</EventID><Version>0</Version><Level>0</Level><Task>13824</Task><Opcode>0</Opcode><Keywords>0x8020000000000000</Keywords><TimeCreated SystemTime='2026-07-16T10:48:51.0801908Z'/><EventRecordID>274517</EventRecordID><Correlation ActivityID='{d674bba0-1160-0000-82bc-74d66011dd01}'/><Execution ProcessID='948' ThreadID='9912'/><Channel>Security</Channel><Computer>DESKTOP-15MLO7N</Computer><Security/></System><EventData><Data Name='SubjectUserSid'>S-1-5-21-4135273746-3520294150-535758031-1001</Data><Data Name='SubjectUserName'>parma</Data><Data Name='SubjectDomainName'>DESKTOP-15MLO7N</Data><Data Name='SubjectLogonId'>0x4fa2d92</Data><Data Name='TargetName'>MicrosoftAccount:user=parmarjigar8070@gmail.com</Data><Data Name='Type'>0</Data><Data Name='CountOfCredentialsReturned'>1</Data><Data Name='ReadOperation'>%%8100</Data><Data Name='ReturnCode'>0</Data><Data Name='ProcessCreationTime'>2026-07-11T20:34:18.2739730Z</Data><Data Name='ClientProcessId'>7928</Data></EventData><RenderingInfo Culture='en-IN'><Message>Credential Manager credentials were read.

Subject:
	Security ID:		S-1-5-21-4135273746-3520294150-535758031-1001
	Account Name:		parma
	Account Domain:		DESKTOP-15MLO7N
	Logon ID:		0x4FA2D92
	Read Operation:		Enumerate Credentials

This event occurs when a user performs a read operation on stored credentials in Credential Manager.</Message><Level>Information</Level><Task>User Account Management</Task><Opcode>Info</Opcode><Channel>Security</Channel><Provider>Microsoft Windows security auditing.</Provider><Keywords><Keyword>Audit Success</Keyword></Keywords></RenderingInfo></Event><Event xmlns='http://schemas.microsoft.com/win/2004/08/events/event'><System><Provider Name='Microsoft-Windows-Security-Auditing' Guid='{54849625-5478-4994-a5ba-3e3b0328c30d}'/><EventID>5379</EventID><Version>0</Version><Level>0</Level><Task>13824</Task><Opcode>0</Opcode><Keywords>0x8020000000000000</Keywords><TimeCreated SystemTime='2026-07-16T10:48:51.0799673Z'/><EventRecordID>274516</EventRecordID><Correlation ActivityID='{d674bba0-1160-0000-82bc-74d66011dd01}'/><Execution ProcessID='948' ThreadID='9912'/><Channel>Security</Channel><Computer>DESKTOP-15MLO7N</Computer><Security/></System><EventData><Data Name='SubjectUserSid'>S-1-5-21-4135273746-3520294150-535758031-1001</Data><Data Name='SubjectUserName'>parma</Data><Data Name='SubjectDomainName'>DESKTOP-15MLO7N</Data><Data Name='SubjectLogonId'>0x4fa2d92</Data><Data Name='TargetName'>MicrosoftAccount:user=parmarjigar8070@gmail.com</Data><Data Name='Type'>0</Data><Data Name='CountOfCredentialsReturned'>1</Data><Data Name='ReadOperation'>%%8100</Data><Data Name='ReturnCode'>0</Data><Data Name='ProcessCreationTime'>2026-07-11T20:34:18.2739730Z</Data><Data Name='ClientProcessId'>7928</Data></EventData><RenderingInfo Culture='en-IN'><Message>Credential Manager credentials were read.

Subject:
	Security ID:		S-1-5-21-4135273746-3520294150-535758031-1001
	Account Name:		parma
	Account Domain:		DESKTOP-15MLO7N
	Logon ID:		0x4FA2D92
	Read Operation:		Enumerate Credentials

This event occurs when a user performs a read operation on stored credentials in Credential Manager.</Message><Level>Information</Level><Task>User Account Management</Task><Opcode>Info</Opcode><Channel>Security</Channel><Provider>Microsoft Windows security auditing.</Provider><Keywords><Keyword>Audit Success</Keyword></Keywords></RenderingInfo></Event><Event xmlns='http://schemas.microsoft.com/win/2004/08/events/event'><System><Provider Name='Microsoft-Windows-Security-Auditing' Guid='{54849625-5478-4994-a5ba-3e3b0328c30d}'/><EventID>5379</EventID><Version>0</Version><Level>0</Level><Task>13824</Task><Opcode>0</Opcode><Keywords>0x8020000000000000</Keywords><TimeCreated SystemTime='2026-07-16T10:48:51.0797929Z'/><EventRecordID>274515</EventRecordID><Correlation ActivityID='{d674bba0-1160-0000-82bc-74d66011dd01}'/><Execution ProcessID='948' ThreadID='9912'/><Channel>Security</Channel><Computer>DESKTOP-15MLO7N</Computer><Security/></System><EventData><Data Name='SubjectUserSid'>S-1-5-21-4135273746-3520294150-535758031-1001</Data><Data Name='SubjectUserName'>parma</Data><Data Name='SubjectDomainName'>DESKTOP-15MLO7N</Data><Data Name='SubjectLogonId'>0x4fa2d92</Data><Data Name='TargetName'>MicrosoftAccount:user=parmarjigar8070@gmail.com</Data><Data Name='Type'>0</Data><Data Name='CountOfCredentialsReturned'>1</Data><Data Name='ReadOperation'>%%8100</Data><Data Name='ReturnCode'>0</Data><Data Name='ProcessCreationTime'>2026-07-11T20:34:18.2739730Z</Data><Data Name='ClientProcessId'>7928</Data></EventData><RenderingInfo Culture='en-IN'><Message>Credential Manager credentials were read.

Subject:
	Security ID:		S-1-5-21-4135273746-3520294150-535758031-1001
	Account Name:		parma
	Account Domain:		DESKTOP-15MLO7N
	Logon ID:		0x4FA2D92
	Read Operation:		Enumerate Credentials

This event occurs when a user performs a read operation on stored credentials in Credential Manager.</Message><Level>Information</Level><Task>User Account Management</Task><Opcode>Info</Opcode><Channel>Security</Channel><Provider>Microsoft Windows security auditing.</Provider><Keywords><Keyword>Audit Success</Keyword></Keywords></RenderingInfo></Event><Event xmlns='http://schemas.microsoft.com/win/2004/08/events/event'><System><Provider Name='Microsoft-Windows-Security-Auditing' Guid='{54849625-5478-4994-a5ba-3e3b0328c30d}'/><EventID>5379</EventID><Version>0</Version><Level>0</Level><Task>13824</Task><Opcode>0</Opcode><Keywords>0x8020000000000000</Keywords><TimeCreated SystemTime='2026-07-16T10:48:51.0795352Z'/><EventRecordID>274514</EventRecordID><Correlation ActivityID='{d674bba0-1160-0000-82bc-74d66011dd01}'/><Execution ProcessID='948' ThreadID='9912'/><Channel>Security</Channel><Computer>DESKTOP-15MLO7N</Computer><Security/></System><EventData><Data Name='SubjectUserSid'>S-1-5-21-4135273746-3520294150-535758031-1001</Data><Data Name='SubjectUserName'>parma</Data><Data Name='SubjectDomainName'>DESKTOP-15MLO7N</Data><Data Name='SubjectLogonId'>0x4fa2d92</Data><Data Name='TargetName'>MicrosoftAccount:user=parmarjigar8070@gmail.com</Data><Data Name='Type'>0</Data><Data Name='CountOfCredentialsReturned'>1</Data><Data Name='ReadOperation'>%%8100</Data><Data Name='ReturnCode'>0</Data><Data Name='ProcessCreationTime'>2026-07-11T20:34:18.2739730Z</Data><Data Name='ClientProcessId'>7928</Data></EventData><RenderingInfo Culture='en-IN'><Message>Credential Manager credentials were read.

Subject:
	Security ID:		S-1-5-21-4135273746-3520294150-535758031-1001
	Account Name:		parma
	Account Domain:		DESKTOP-15MLO7N
	Logon ID:		0x4FA2D92
	Read Operation:		Enumerate Credentials

This event occurs when a user performs a read operation on stored credentials in Credential Manager.</Message><Level>Information</Level><Task>User Account Management</Task><Opcode>Info</Opcode><Channel>Security</Channel><Provider>Microsoft Windows security auditing.</Provider><Keywords><Keyword>Audit Success</Keyword></Keywords></RenderingInfo></Event><Event xmlns='http://schemas.microsoft.com/win/2004/08/events/event'><System><Provider Name='Microsoft-Windows-Security-Auditing' Guid='{54849625-5478-4994-a5ba-3e3b0328c30d}'/><EventID>5379</EventID><Version>0</Version><Level>0</Level><Task>13824</Task><Opcode>0</Opcode><Keywords>0x8020000000000000</Keywords><TimeCreated SystemTime='2026-07-16T10:48:51.0793462Z'/><EventRecordID>274513</EventRecordID><Correlation ActivityID='{d674bba0-1160-0000-82bc-74d66011dd01}'/><Execution ProcessID='948' ThreadID='9912'/><Channel>Security</Channel><Computer>DESKTOP-15MLO7N</Computer><Security/></System><EventData><Data Name='SubjectUserSid'>S-1-5-21-4135273746-3520294150-535758031-1001</Data><Data Name='SubjectUserName'>parma</Data><Data Name='SubjectDomainName'>DESKTOP-15MLO7N</Data><Data Name='SubjectLogonId'>0x4fa2d92</Data><Data Name='TargetName'>MicrosoftAccount:user=parmarjigar8070@gmail.com</Data><Data Name='Type'>0</Data><Data Name='CountOfCredentialsReturned'>1</Data><Data Name='ReadOperation'>%%8100</Data><Data Name='ReturnCode'>0</Data><Data Name='ProcessCreationTime'>2026-07-11T20:34:18.2739730Z</Data><Data Name='ClientProcessId'>7928</Data></EventData><RenderingInfo Culture='en-IN'><Message>Credential Manager credentials were read.

Subject:
	Security ID:		S-1-5-21-4135273746-3520294150-535758031-1001
	Account Name:		parma
	Account Domain:		DESKTOP-15MLO7N
	Logon ID:		0x4FA2D92
	Read Operation:		Enumerate Credentials

This event occurs when a user performs a read operation on stored credentials in Credential Manager.</Message><Level>Information</Level><Task>User Account Management</Task><Opcode>Info</Opcode><Channel>Security</Channel><Provider>Microsoft Windows security auditing.</Provider><Keywords><Keyword>Audit Success</Keyword></Keywords></RenderingInfo></Event><Event xmlns='http://schemas.microsoft.com/win/2004/08/events/event'><System><Provider Name='Microsoft-Windows-Security-Auditing' Guid='{54849625-5478-4994-a5ba-3e3b0328c30d}'/><EventID>5379</EventID><Version>0</Version><Level>0</Level><Task>13824</Task><Opcode>0</Opcode><Keywords>0x8020000000000000</Keywords><TimeCreated SystemTime='2026-07-16T10:48:51.0790686Z'/><EventRecordID>274512</EventRecordID><Correlation ActivityID='{d674bba0-1160-0000-82bc-74d66011dd01}'/><Execution ProcessID='948' ThreadID='9912'/><Channel>Security</Channel><Computer>DESKTOP-15MLO7N</Computer><Security/></System><EventData><Data Name='SubjectUserSid'>S-1-5-21-4135273746-3520294150-535758031-1001</Data><Data Name='SubjectUserName'>parma</Data><Data Name='SubjectDomainName'>DESKTOP-15MLO7N</Data><Data Name='SubjectLogonId'>0x4fa2d92</Data><Data Name='TargetName'>MicrosoftAccount:user=parmarjigar8070@gmail.com</Data><Data Name='Type'>0</Data><Data Name='CountOfCredentialsReturned'>1</Data><Data Name='ReadOperation'>%%8100</Data><Data Name='ReturnCode'>0</Data><Data Name='ProcessCreationTime'>2026-07-11T20:34:18.2739730Z</Data><Data Name='ClientProcessId'>7928</Data></EventData><RenderingInfo Culture='en-IN'><Message>Credential Manager credentials were read.

Subject:
	Security ID:		S-1-5-21-4135273746-3520294150-535758031-1001
	Account Name:		parma
	Account Domain:		DESKTOP-15MLO7N
	Logon ID:		0x4FA2D92
	Read Operation:		Enumerate Credentials

This event occurs when a user performs a read operation on stored credentials in Credential Manager.</Message><Level>Information</Level><Task>User Account Management</Task><Opcode>Info</Opcode><Channel>Security</Channel><Provider>Microsoft Windows security auditing.</Provider><Keywords><Keyword>Audit Success</Keyword></Keywords></RenderingInfo></Event><Event xmlns='http://schemas.microsoft.com/win/2004/08/events/event'><System><Provider Name='Microsoft-Windows-Security-Auditing' Guid='{54849625-5478-4994-a5ba-3e3b0328c30d}'/><EventID>5379</EventID><Version>0</Version><Level>0</Level><Task>13824</Task><Opcode>0</Opcode><Keywords>0x8020000000000000</Keywords><TimeCreated SystemTime='2026-07-16T10:48:51.0787839Z'/><EventRecordID>274511</EventRecordID><Correlation ActivityID='{d674bba0-1160-0000-82bc-74d66011dd01}'/><Execution ProcessID='948' ThreadID='9912'/><Channel>Security</Channel><Computer>DESKTOP-15MLO7N</Computer><Security/></System><EventData><Data Name='SubjectUserSid'>S-1-5-21-4135273746-3520294150-535758031-1001</Data><Data Name='SubjectUserName'>parma</Data><Data Name='SubjectDomainName'>DESKTOP-15MLO7N</Data><Data Name='SubjectLogonId'>0x4fa2d92</Data><Data Name='TargetName'>MicrosoftAccount:user=parmarjigar8070@gmail.com</Data><Data Name='Type'>0</Data><Data Name='CountOfCredentialsReturned'>1</Data><Data Name='ReadOperation'>%%8100</Data><Data Name='ReturnCode'>0</Data><Data Name='ProcessCreationTime'>2026-07-11T20:34:18.2739730Z</Data><Data Name='ClientProcessId'>7928</Data></EventData><RenderingInfo Culture='en-IN'><Message>Credential Manager credentials were read.

Subject:
	Security ID:		S-1-5-21-4135273746-3520294150-535758031-1001
	Account Name:		parma
	Account Domain:		DESKTOP-15MLO7N
	Logon ID:		0x4FA2D92
	Read Operation:		Enumerate Credentials

This event occurs when a user performs a read operation on stored credentials in Credential Manager.</Message><Level>Information</Level><Task>User Account Management</Task><Opcode>Info</Opcode><Channel>Security</Channel><Provider>Microsoft Windows security auditing.</Provider><Keywords><Keyword>Audit Success</Keyword></Keywords></RenderingInfo></Event><Event xmlns='http://schemas.microsoft.com/win/2004/08/events/event'><System><Provider Name='Microsoft-Windows-Security-Auditing' Guid='{54849625-5478-4994-a5ba-3e3b0328c30d}'/><EventID>4672</EventID><Version>0</Version><Level>0</Level><Task>12548</Task><Opcode>0</Opcode><Keywords>0x8020000000000000</Keywords><TimeCreated SystemTime='2026-07-16T10:48:50.0129656Z'/><EventRecordID>274510</EventRecordID><Correlation ActivityID='{d674bba0-1160-0000-82bc-74d66011dd01}'/><Execution ProcessID='948' ThreadID='12412'/><Channel>Security</Channel><Computer>DESKTOP-15MLO7N</Computer><Security/></System><EventData><Data Name='SubjectUserSid'>S-1-5-18</Data><Data Name='SubjectUserName'>SYSTEM</Data><Data Name='SubjectDomainName'>NT AUTHORITY</Data><Data Name='SubjectLogonId'>0x3e7</Data><Data Name='PrivilegeList'>SeAssignPrimaryTokenPrivilege
			SeTcbPrivilege
			SeSecurityPrivilege
			SeTakeOwnershipPrivilege
			SeLoadDriverPrivilege
			SeBackupPrivilege
			SeRestorePrivilege
			SeDebugPrivilege
			SeAuditPrivilege
			SeSystemEnvironmentPrivilege
			SeImpersonatePrivilege
			SeDelegateSessionUserImpersonatePrivilege</Data></EventData><RenderingInfo Culture='en-IN'><Message>Special privileges assigned to new logon.

Subject:
	Security ID:		S-1-5-18
	Account Name:		SYSTEM
	Account Domain:		NT AUTHORITY
	Logon ID:		0x3E7

Privileges:		SeAssignPrimaryTokenPrivilege
			SeTcbPrivilege
			SeSecurityPrivilege
			SeTakeOwnershipPrivilege
			SeLoadDriverPrivilege
			SeBackupPrivilege
			SeRestorePrivilege
			SeDebugPrivilege
			SeAuditPrivilege
			SeSystemEnvironmentPrivilege
			SeImpersonatePrivilege
			SeDelegateSessionUserImpersonatePrivilege</Message><Level>Information</Level><Task>Special Logon</Task><Opcode>Info</Opcode><Channel>Security</Channel><Provider>Microsoft Windows security auditing.</Provider><Keywords><Keyword>Audit Success</Keyword></Keywords></RenderingInfo></Event><Event xmlns='http://schemas.microsoft.com/win/2004/08/events/event'><System><Provider Name='Microsoft-Windows-Security-Auditing' Guid='{54849625-5478-4994-a5ba-3e3b0328c30d}'/><EventID>4624</EventID><Version>2</Version><Level>0</Level><Task>12544</Task><Opcode>0</Opcode><Keywords>0x8020000000000000</Keywords><TimeCreated SystemTime='2026-07-16T10:48:50.0129546Z'/><EventRecordID>274509</EventRecordID><Correlation ActivityID='{d674bba0-1160-0000-82bc-74d66011dd01}'/><Execution ProcessID='948' ThreadID='12412'/><Channel>Security</Channel><Computer>DESKTOP-15MLO7N</Computer><Security/></System><EventData><Data Name='SubjectUserSid'>S-1-5-18</Data><Data Name='SubjectUserName'>DESKTOP-15MLO7N$</Data><Data Name='SubjectDomainName'>WORKGROUP</Data><Data Name='SubjectLogonId'>0x3e7</Data><Data Name='TargetUserSid'>S-1-5-18</Data><Data Name='TargetUserName'>SYSTEM</Data><Data Name='TargetDomainName'>NT AUTHORITY</Data><Data Name='TargetLogonId'>0x3e7</Data><Data Name='LogonType'>5</Data><Data Name='LogonProcessName'>Advapi  </Data><Data Name='AuthenticationPackageName'>Negotiate</Data><Data Name='WorkstationName'>-</Data><Data Name='LogonGuid'>{00000000-0000-0000-0000-000000000000}</Data><Data Name='TransmittedServices'>-</Data><Data Name='LmPackageName'>-</Data><Data Name='KeyLength'>0</Data><Data Name='ProcessId'>0x358</Data><Data Name='ProcessName'>C:\Windows\System32\services.exe</Data><Data Name='IpAddress'>-</Data><Data Name='IpPort'>-</Data><Data Name='ImpersonationLevel'>%%1833</Data><Data Name='RestrictedAdminMode'>-</Data><Data Name='TargetOutboundUserName'>-</Data><Data Name='TargetOutboundDomainName'>-</Data><Data Name='VirtualAccount'>%%1843</Data><Data Name='TargetLinkedLogonId'>0x0</Data><Data Name='ElevatedToken'>%%1842</Data></EventData><RenderingInfo Culture='en-IN'><Message>An account was successfully logged on.

Subject:
	Security ID:		S-1-5-18
	Account Name:		DESKTOP-15MLO7N$
	Account Domain:		WORKGROUP
	Logon ID:		0x3E7

Logon Information:
	Logon Type:		5
	Restricted Admin Mode:	-
	Virtual Account:		No
	Elevated Token:		Yes

Impersonation Level:		Impersonation

New Logon:
	Security ID:		S-1-5-18
	Account Name:		SYSTEM
	Account Domain:		NT AUTHORITY
	Logon ID:		0x3E7
	Linked Logon ID:		0x0
	Network Account Name:	-
	Network Account Domain:	-
	Logon GUID:		{00000000-0000-0000-0000-000000000000}

Process Information:
	Process ID:		0x358
	Process Name:		C:\Windows\System32\services.exe

Network Information:
	Workstation Name:	-
	Source Network Address:	-
	Source Port:		-

Detailed Authentication Information:
	Logon Process:		Advapi  
	Authentication Package:	Negotiate
	Transited Services:	-
	Package Name (NTLM only):	-
	Key Length:		0

This event is generated when a logon session is created. It is generated on the computer that was accessed.

The subject fields indicate the account on the local system which requested the logon. This is most commonly a service such as the Server service, or a local process such as Winlogon.exe or Services.exe.

The logon type field indicates the kind of logon that occurred. The most common types are 2 (interactive) and 3 (network).

The New Logon fields indicate the account for whom the new logon was created, i.e. the account that was logged on.

The network fields indicate where a remote logon request originated. Workstation name is not always available and may be left blank in some cases.

The impersonation level field indicates the extent to which a process in the logon session can impersonate.

The authentication information fields provide detailed information about this specific logon request.
	- Logon GUID is a unique identifier that can be used to correlate this event with a KDC event.
	- Transited services indicate which intermediate services have participated in this logon request.
	- Package name indicates which sub-protocol was used among the NTLM protocols.
	- Key length indicates the length of the generated session key. This will be 0 if no session key was requested.</Message><Level>Information</Level><Task>Logon</Task><Opcode>Info</Opcode><Channel>Security</Channel><Provider>Microsoft Windows security auditing.</Provider><Keywords><Keyword>Audit Success</Keyword></Keywords></RenderingInfo></Event><Event xmlns='http://schemas.microsoft.com/win/2004/08/events/event'><System><Provider Name='Microsoft-Windows-Security-Auditing' Guid='{54849625-5478-4994-a5ba-3e3b0328c30d}'/><EventID>5379</EventID><Version>0</Version><Level>0</Level><Task>13824</Task><Opcode>0</Opcode><Keywords>0x8020000000000000</Keywords><TimeCreated SystemTime='2026-07-16T10:48:49.9545092Z'/><EventRecordID>274508</EventRecordID><Correlation ActivityID='{d674bba0-1160-0000-82bc-74d66011dd01}'/><Execution ProcessID='948' ThreadID='9912'/><Channel>Security</Channel><Computer>DESKTOP-15MLO7N</Computer><Security/></System><EventData><Data Name='SubjectUserSid'>S-1-5-21-4135273746-3520294150-535758031-1001</Data><Data Name='SubjectUserName'>parma</Data><Data Name='SubjectDomainName'>DESKTOP-15MLO7N</Data><Data Name='SubjectLogonId'>0x4fa2d92</Data><Data Name='TargetName'>MicrosoftAccount:user=parmarjigar8070@gmail.com</Data><Data Name='Type'>0</Data><Data Name='CountOfCredentialsReturned'>1</Data><Data Name='ReadOperation'>%%8100</Data><Data Name='ReturnCode'>0</Data><Data Name='ProcessCreationTime'>2026-07-11T20:34:18.2739730Z</Data><Data Name='ClientProcessId'>7928</Data></EventData><RenderingInfo Culture='en-IN'><Message>Credential Manager credentials were read.

Subject:
	Security ID:		S-1-5-21-4135273746-3520294150-535758031-1001
	Account Name:		parma
	Account Domain:		DESKTOP-15MLO7N
	Logon ID:		0x4FA2D92
	Read Operation:		Enumerate Credentials

This event occurs when a user performs a read operation on stored credentials in Credential Manager.</Message><Level>Information</Level><Task>User Account Management</Task><Opcode>Info</Opcode><Channel>Security</Channel><Provider>Microsoft Windows security auditing.</Provider><Keywords><Keyword>Audit Success</Keyword></Keywords></RenderingInfo></Event><Event xmlns='http://schemas.microsoft.com/win/2004/08/events/event'><System><Provider Name='Microsoft-Windows-Security-Auditing' Guid='{54849625-5478-4994-a5ba-3e3b0328c30d}'/><EventID>5379</EventID><Version>0</Version><Level>0</Level><Task>13824</Task><Opcode>0</Opcode><Keywords>0x8020000000000000</Keywords><TimeCreated SystemTime='2026-07-16T10:48:49.9522974Z'/><EventRecordID>274507</EventRecordID><Correlation ActivityID='{d674bba0-1160-0000-82bc-74d66011dd01}'/><Execution ProcessID='948' ThreadID='12412'/><Channel>Security</Channel><Computer>DESKTOP-15MLO7N</Computer><Security/></System><EventData><Data Name='SubjectUserSid'>S-1-5-21-4135273746-3520294150-535758031-1001</Data><Data Name='SubjectUserName'>parma</Data><Data Name='SubjectDomainName'>DESKTOP-15MLO7N</Data><Data Name='SubjectLogonId'>0x4fa2d92</Data><Data Name='TargetName'>MicrosoftAccount:user=parmarjigar8070@gmail.com</Data><Data Name='Type'>0</Data><Data Name='CountOfCredentialsReturned'>1</Data><Data Name='ReadOperation'>%%8100</Data><Data Name='ReturnCode'>0</Data><Data Name='ProcessCreationTime'>2026-07-11T20:34:18.2739730Z</Data><Data Name='ClientProcessId'>7928</Data></EventData><RenderingInfo Culture='en-IN'><Message>Credential Manager credentials were read.

Subject:
	Security ID:		S-1-5-21-4135273746-3520294150-535758031-1001
	Account Name:		parma
	Account Domain:		DESKTOP-15MLO7N
	Logon ID:		0x4FA2D92
	Read Operation:		Enumerate Credentials

This event occurs when a user performs a read operation on stored credentials in Credential Manager.</Message><Level>Information</Level><Task>User Account Management</Task><Opcode>Info</Opcode><Channel>Security</Channel><Provider>Microsoft Windows security auditing.</Provider><Keywords><Keyword>Audit Success</Keyword></Keywords></RenderingInfo></Event><Event xmlns='http://schemas.microsoft.com/win/2004/08/events/event'><System><Provider Name='Microsoft-Windows-Security-Auditing' Guid='{54849625-5478-4994-a5ba-3e3b0328c30d}'/><EventID>5379</EventID><Version>0</Version><Level>0</Level><Task>13824</Task><Opcode>0</Opcode><Keywords>0x8020000000000000</Keywords><TimeCreated SystemTime='2026-07-16T10:48:49.9514009Z'/><EventRecordID>274506</EventRecordID><Correlation ActivityID='{d674bba0-1160-0000-82bc-74d66011dd01}'/><Execution ProcessID='948' ThreadID='12412'/><Channel>Security</Channel><Computer>DESKTOP-15MLO7N</Computer><Security/></System><EventData><Data Name='SubjectUserSid'>S-1-5-21-4135273746-3520294150-535758031-1001</Data><Data Name='SubjectUserName'>parma</Data><Data Name='SubjectDomainName'>DESKTOP-15MLO7N</Data><Data Name='SubjectLogonId'>0x4fa2d92</Data><Data Name='TargetName'>WindowsLive:(cert):name=parmarjigar8070@gmail.com;serviceuri=*</Data><Data Name='Type'>0</Data><Data Name='CountOfCredentialsReturned'>0</Data><Data Name='ReadOperation'>%%8100</Data><Data Name='ReturnCode'>3221226021</Data><Data Name='ProcessCreationTime'>2026-07-11T20:34:18.2739730Z</Data><Data Name='ClientProcessId'>7928</Data></EventData><RenderingInfo Culture='en-IN'><Message>Credential Manager credentials were read.

Subject:
	Security ID:		S-1-5-21-4135273746-3520294150-535758031-1001
	Account Name:		parma
	Account Domain:		DESKTOP-15MLO7N
	Logon ID:		0x4FA2D92
	Read Operation:		Enumerate Credentials

This event occurs when a user performs a read operation on stored credentials in Credential Manager.</Message><Level>Information</Level><Task>User Account Management</Task><Opcode>Info</Opcode><Channel>Security</Channel><Provider>Microsoft Windows security auditing.</Provider><Keywords><Keyword>Audit Success</Keyword></Keywords></RenderingInfo></Event><Event xmlns='http://schemas.microsoft.com/win/2004/08/events/event'><System><Provider Name='Microsoft-Windows-Security-Auditing' Guid='{54849625-5478-4994-a5ba-3e3b0328c30d}'/><EventID>5379</EventID><Version>0</Version><Level>0</Level><Task>13824</Task><Opcode>0</Opcode><Keywords>0x8020000000000000</Keywords><TimeCreated SystemTime='2026-07-16T10:48:49.9512740Z'/><EventRecordID>274505</EventRecordID><Correlation ActivityID='{d674bba0-1160-0000-82bc-74d66011dd01}'/><Execution ProcessID='948' ThreadID='12412'/><Channel>Security</Channel><Computer>DESKTOP-15MLO7N</Computer><Security/></System><EventData><Data Name='SubjectUserSid'>S-1-5-21-4135273746-3520294150-535758031-1001</Data><Data Name='SubjectUserName'>parma</Data><Data Name='SubjectDomainName'>DESKTOP-15MLO7N</Data><Data Name='SubjectLogonId'>0x4fa2d92</Data><Data Name='TargetName'>WindowsLive:(token):name=parmarjigar8070@gmail.com;serviceuri=*</Data><Data Name='Type'>0</Data><Data Name='CountOfCredentialsReturned'>0</Data><Data Name='ReadOperation'>%%8100</Data><Data Name='ReturnCode'>3221226021</Data><Data Name='ProcessCreationTime'>2026-07-11T20:34:18.2739730Z</Data><Data Name='ClientProcessId'>7928</Data></EventData><RenderingInfo Culture='en-IN'><Message>Credential Manager credentials were read.

Subject:
	Security ID:		S-1-5-21-4135273746-3520294150-535758031-1001
	Account Name:		parma
	Account Domain:		DESKTOP-15MLO7N
	Logon ID:		0x4FA2D92
	Read Operation:		Enumerate Credentials

This event occurs when a user performs a read operation on stored credentials in Credential Manager.</Message><Level>Information</Level><Task>User Account Management</Task><Opcode>Info</Opcode><Channel>Security</Channel><Provider>Microsoft Windows security auditing.</Provider><Keywords><Keyword>Audit Success</Keyword></Keywords></RenderingInfo></Event><Event xmlns='http://schemas.microsoft.com/win/2004/08/events/event'><System><Provider Name='Microsoft-Windows-Security-Auditing' Guid='{54849625-5478-4994-a5ba-3e3b0328c30d}'/><EventID>5379</EventID><Version>0</Version><Level>0</Level><Task>13824</Task><Opcode>0</Opcode><Keywords>0x8020000000000000</Keywords><TimeCreated SystemTime='2026-07-16T10:48:49.9491931Z'/><EventRecordID>274504</EventRecordID><Correlation ActivityID='{d674bba0-1160-0000-82bc-74d66011dd01}'/><Execution ProcessID='948' ThreadID='12412'/><Channel>Security</Channel><Computer>DESKTOP-15MLO7N</Computer><Security/></System><EventData><Data Name='SubjectUserSid'>S-1-5-21-4135273746-3520294150-535758031-1001</Data><Data Name='SubjectUserName'>parma</Data><Data Name='SubjectDomainName'>DESKTOP-15MLO7N</Data><Data Name='SubjectLogonId'>0x4fa2d92</Data><Data Name='TargetName'>MicrosoftAccount:user=parmarjigar8070@gmail.com</Data><Data Name='Type'>0</Data><Data Name='CountOfCredentialsReturned'>1</Data><Data Name='ReadOperation'>%%8100</Data><Data Name='ReturnCode'>0</Data><Data Name='ProcessCreationTime'>2026-07-11T20:34:18.2739730Z</Data><Data Name='ClientProcessId'>7928</Data></EventData><RenderingInfo Culture='en-IN'><Message>Credential Manager credentials were read.

Subject:
	Security ID:		S-1-5-21-4135273746-3520294150-535758031-1001
	Account Name:		parma
	Account Domain:		DESKTOP-15MLO7N
	Logon ID:		0x4FA2D92
	Read Operation:		Enumerate Credentials

This event occurs when a user performs a read operation on stored credentials in Credential Manager.</Message><Level>Information</Level><Task>User Account Management</Task><Opcode>Info</Opcode><Channel>Security</Channel><Provider>Microsoft Windows security auditing.</Provider><Keywords><Keyword>Audit Success</Keyword></Keywords></RenderingInfo></Event><Event xmlns='http://schemas.microsoft.com/win/2004/08/events/event'><System><Provider Name='Microsoft-Windows-Security-Auditing' Guid='{54849625-5478-4994-a5ba-3e3b0328c30d}'/><EventID>4625</EventID><Version>0</Version><Level>0</Level><Task>12544</Task><Opcode>0</Opcode><Keywords>0x8010000000000000</Keywords><TimeCreated SystemTime='2026-07-16T10:48:45.7942542Z'/><EventRecordID>274503</EventRecordID><Correlation ActivityID='{d674bba0-1160-0000-82bc-74d66011dd01}'/><Execution ProcessID='948' ThreadID='12412'/><Channel>Security</Channel><Computer>DESKTOP-15MLO7N</Computer><Security/></System><EventData><Data Name='SubjectUserSid'>S-1-5-18</Data><Data Name='SubjectUserName'>DESKTOP-15MLO7N$</Data><Data Name='SubjectDomainName'>WORKGROUP</Data><Data Name='SubjectLogonId'>0x3e7</Data><Data Name='TargetUserSid'>S-1-0-0</Data><Data Name='TargetUserName'>-</Data><Data Name='TargetDomainName'>-</Data><Data Name='Status'>0xc000006d</Data><Data Name='FailureReason'>%%2304</Data><Data Name='SubStatus'>0xc0000380</Data><Data Name='LogonType'>2</Data><Data Name='LogonProcessName'>User32 </Data><Data Name='AuthenticationPackageName'>Negotiate</Data><Data Name='WorkstationName'>-</Data><Data Name='TransmittedServices'>-</Data><Data Name='LmPackageName'>-</Data><Data Name='KeyLength'>0</Data><Data Name='ProcessId'>0x6d0</Data><Data Name='ProcessName'>C:\Windows\System32\svchost.exe</Data><Data Name='IpAddress'>127.0.0.1</Data><Data Name='IpPort'>0</Data></EventData><RenderingInfo Culture='en-IN'><Message>An account failed to log on.

Subject:
	Security ID:		S-1-5-18
	Account Name:		DESKTOP-15MLO7N$
	Account Domain:		WORKGROUP
	Logon ID:		0x3E7

Logon Type:			2

Account For Which Logon Failed:
	Security ID:		S-1-0-0
	Account Name:		-
	Account Domain:		-

Failure Information:
	Failure Reason:		An Error occured during Logon.
	Status:			0xC000006D
	Sub Status:		0xC0000380

Process Information:
	Caller Process ID:	0x6d0
	Caller Process Name:	C:\Windows\System32\svchost.exe

Network Information:
	Workstation Name:	-
	Source Network Address:	127.0.0.1
	Source Port:		0

Detailed Authentication Information:
	Logon Process:		User32 
	Authentication Package:	Negotiate
	Transited Services:	-
	Package Name (NTLM only):	-
	Key Length:		0

This event is generated when a logon request fails. It is generated on the computer where access was attempted.

The Subject fields indicate the account on the local system which requested the logon. This is most commonly a service such as the Server service, or a local process such as Winlogon.exe or Services.exe.

The Logon Type field indicates the kind of logon that was requested. The most common types are 2 (interactive) and 3 (network).

The Process Information fields indicate which account and process on the system requested the logon.

The Network Information fields indicate where a remote logon request originated. Workstation name is not always available and may be left blank in some cases.

The authentication information fields provide detailed information about this specific logon request.
	- Transited services indicate which intermediate services have participated in this logon request.
	- Package name indicates which sub-protocol was used among the NTLM protocols.
	- Key length indicates the length of the generated session key. This will be 0 if no session key was requested.</Message><Level>Information</Level><Task>Logon</Task><Opcode>Info</Opcode><Channel>Security</Channel><Provider>Microsoft Windows security auditing.</Provider><Keywords><Keyword>Audit Failure</Keyword></Keywords></RenderingInfo></Event><Event xmlns='http://schemas.microsoft.com/win/2004/08/events/event'><System><Provider Name='Microsoft-Windows-Security-Auditing' Guid='{54849625-5478-4994-a5ba-3e3b0328c30d}'/><EventID>5059</EventID><Version>1</Version><Level>0</Level><Task>12292</Task><Opcode>0</Opcode><Keywords>0x8020000000000000</Keywords><TimeCreated SystemTime='2026-07-16T10:48:45.7713816Z'/><EventRecordID>274502</EventRecordID><Correlation ActivityID='{d674bba0-1160-0000-82bc-74d66011dd01}'/><Execution ProcessID='948' ThreadID='9912'/><Channel>Security</Channel><Computer>DESKTOP-15MLO7N</Computer><Security/></System><EventData><Data Name='SubjectUserSid'>S-1-5-19</Data><Data Name='SubjectUserName'>LOCAL SERVICE</Data><Data Name='SubjectDomainName'>NT AUTHORITY</Data><Data Name='SubjectLogonId'>0x3e5</Data><Data Name='ClientProcessId'>6560</Data><Data Name='ClientCreationTime'>2026-07-11T18:15:47.8017743Z</Data><Data Name='ProviderName'>Microsoft Software Key Storage Provider</Data><Data Name='AlgorithmName'>RSA</Data><Data Name='KeyName'>{CC9F90B0-F25D-44F4-B01F-FCFBDB019A2B}</Data><Data Name='KeyType'>%%2500</Data><Data Name='Operation'>%%2464</Data><Data Name='ReturnCode'>0x0</Data></EventData><RenderingInfo Culture='en-IN'><Message>Key migration operation.

Subject:
	Security ID:		S-1-5-19
	Account Name:		LOCAL SERVICE
	Account Domain:		NT AUTHORITY
	Logon ID:		0x3E5

Process Information:
	Process ID:		6560
	Process Creation Time:	‎2026‎-‎07‎-‎11T18:15:47.801774300Z

Cryptographic Parameters:
	Provider Name:	Microsoft Software Key Storage Provider
	Algorithm Name:	RSA
	Key Name:	{CC9F90B0-F25D-44F4-B01F-FCFBDB019A2B}
	Key Type:	User key.

Additional Information:
	Operation:	Export of persistent cryptographic key.
	Return Code:	0x0</Message><Level>Information</Level><Task>Other System Events</Task><Opcode>Info</Opcode><Channel>Security</Channel><Provider>Microsoft Windows security auditing.</Provider><Keywords><Keyword>Audit Success</Keyword></Keywords></RenderingInfo></Event><Event xmlns='http://schemas.microsoft.com/win/2004/08/events/event'><System><Provider Name='Microsoft-Windows-Security-Auditing' Guid='{54849625-5478-4994-a5ba-3e3b0328c30d}'/><EventID>5059</EventID><Version>1</Version><Level>0</Level><Task>12292</Task><Opcode>0</Opcode><Keywords>0x8020000000000000</Keywords><TimeCreated SystemTime='2026-07-16T10:48:45.7648522Z'/><EventRecordID>274501</EventRecordID><Correlation ActivityID='{d674bba0-1160-0000-82bc-74d66011dd01}'/><Execution ProcessID='948' ThreadID='9912'/><Channel>Security</Channel><Computer>DESKTOP-15MLO7N</Computer><Security/></System><EventData><Data Name='SubjectUserSid'>S-1-5-19</Data><Data Name='SubjectUserName'>LOCAL SERVICE</Data><Data Name='SubjectDomainName'>NT AUTHORITY</Data><Data Name='SubjectLogonId'>0x3e5</Data><Data Name='ClientProcessId'>6560</Data><Data Name='ClientCreationTime'>2026-07-11T18:15:47.8017743Z</Data><Data Name='ProviderName'>Microsoft Software Key Storage Provider</Data><Data Name='AlgorithmName'>RSA</Data><Data Name='KeyName'>{CC9F90B0-F25D-44F4-B01F-FCFBDB019A2B}</Data><Data Name='KeyType'>%%2500</Data><Data Name='Operation'>%%2464</Data><Data Name='ReturnCode'>0x0</Data></EventData><RenderingInfo Culture='en-IN'><Message>Key migration operation.

Subject:
	Security ID:		S-1-5-19
	Account Name:		LOCAL SERVICE
	Account Domain:		NT AUTHORITY
	Logon ID:		0x3E5

Process Information:
	Process ID:		6560
	Process Creation Time:	‎2026‎-‎07‎-‎11T18:15:47.801774300Z

Cryptographic Parameters:
	Provider Name:	Microsoft Software Key Storage Provider
	Algorithm Name:	RSA
	Key Name:	{CC9F90B0-F25D-44F4-B01F-FCFBDB019A2B}
	Key Type:	User key.

Additional Information:
	Operation:	Export of persistent cryptographic key.
	Return Code:	0x0</Message><Level>Information</Level><Task>Other System Events</Task><Opcode>Info</Opcode><Channel>Security</Channel><Provider>Microsoft Windows security auditing.</Provider><Keywords><Keyword>Audit Success</Keyword></Keywords></RenderingInfo></Event><Event xmlns='http://schemas.microsoft.com/win/2004/08/events/event'><System><Provider Name='Microsoft-Windows-Security-Auditing' Guid='{54849625-5478-4994-a5ba-3e3b0328c30d}'/><EventID>5379</EventID><Version>0</Version><Level>0</Level><Task>13824</Task><Opcode>0</Opcode><Keywords>0x8020000000000000</Keywords><TimeCreated SystemTime='2026-07-16T10:48:36.4645691Z'/><EventRecordID>274500</EventRecordID><Correlation ActivityID='{d674bba0-1160-0000-82bc-74d66011dd01}'/><Execution ProcessID='948' ThreadID='9912'/><Channel>Security</Channel><Computer>DESKTOP-15MLO7N</Computer><Security/></System><EventData><Data Name='SubjectUserSid'>S-1-5-21-4135273746-3520294150-535758031-1001</Data><Data Name='SubjectUserName'>parma</Data><Data Name='SubjectDomainName'>DESKTOP-15MLO7N</Data><Data Name='SubjectLogonId'>0x4fa2d92</Data><Data Name='TargetName'>MicrosoftAccount:user=parmarjigar8070@gmail.com</Data><Data Name='Type'>0</Data><Data Name='CountOfCredentialsReturned'>1</Data><Data Name='ReadOperation'>%%8100</Data><Data Name='ReturnCode'>0</Data><Data Name='ProcessCreationTime'>2026-07-11T20:34:18.2739730Z</Data><Data Name='ClientProcessId'>7928</Data></EventData><RenderingInfo Culture='en-IN'><Message>Credential Manager credentials were read.

Subject:
	Security ID:		S-1-5-21-4135273746-3520294150-535758031-1001
	Account Name:		parma
	Account Domain:		DESKTOP-15MLO7N
	Logon ID:		0x4FA2D92
	Read Operation:		Enumerate Credentials

This event occurs when a user performs a read operation on stored credentials in Credential Manager.</Message><Level>Information</Level><Task>User Account Management</Task><Opcode>Info</Opcode><Channel>Security</Channel><Provider>Microsoft Windows security auditing.</Provider><Keywords><Keyword>Audit Success</Keyword></Keywords></RenderingInfo></Event><Event xmlns='http://schemas.microsoft.com/win/2004/08/events/event'><System><Provider Name='Microsoft-Windows-Security-Auditing' Guid='{54849625-5478-4994-a5ba-3e3b0328c30d}'/><EventID>5379</EventID><Version>0</Version><Level>0</Level><Task>13824</Task><Opcode>0</Opcode><Keywords>0x8020000000000000</Keywords><TimeCreated SystemTime='2026-07-16T10:48:36.4642525Z'/><EventRecordID>274499</EventRecordID><Correlation ActivityID='{d674bba0-1160-0000-82bc-74d66011dd01}'/><Execution ProcessID='948' ThreadID='9912'/><Channel>Security</Channel><Computer>DESKTOP-15MLO7N</Computer><Security/></System><EventData><Data Name='SubjectUserSid'>S-1-5-21-4135273746-3520294150-535758031-1001</Data><Data Name='SubjectUserName'>parma</Data><Data Name='SubjectDomainName'>DESKTOP-15MLO7N</Data><Data Name='SubjectLogonId'>0x4fa2d92</Data><Data Name='TargetName'>MicrosoftAccount:user=parmarjigar8070@gmail.com</Data><Data Name='Type'>0</Data><Data Name='CountOfCredentialsReturned'>1</Data><Data Name='ReadOperation'>%%8100</Data><Data Name='ReturnCode'>0</Data><Data Name='ProcessCreationTime'>2026-07-11T20:34:18.2739730Z</Data><Data Name='ClientProcessId'>7928</Data></EventData><RenderingInfo Culture='en-IN'><Message>Credential Manager credentials were read.

Subject:
	Security ID:		S-1-5-21-4135273746-3520294150-535758031-1001
	Account Name:		parma
	Account Domain:		DESKTOP-15MLO7N
	Logon ID:		0x4FA2D92
	Read Operation:		Enumerate Credentials

This event occurs when a user performs a read operation on stored credentials in Credential Manager.</Message><Level>Information</Level><Task>User Account Management</Task><Opcode>Info</Opcode><Channel>Security</Channel><Provider>Microsoft Windows security auditing.</Provider><Keywords><Keyword>Audit Success</Keyword></Keywords></RenderingInfo></Event><Event xmlns='http://schemas.microsoft.com/win/2004/08/events/event'><System><Provider Name='Microsoft-Windows-Security-Auditing' Guid='{54849625-5478-4994-a5ba-3e3b0328c30d}'/><EventID>5379</EventID><Version>0</Version><Level>0</Level><Task>13824</Task><Opcode>0</Opcode><Keywords>0x8020000000000000</Keywords><TimeCreated SystemTime='2026-07-16T10:48:36.4638317Z'/><EventRecordID>274498</EventRecordID><Correlation ActivityID='{d674bba0-1160-0000-82bc-74d66011dd01}'/><Execution ProcessID='948' ThreadID='9912'/><Channel>Security</Channel><Computer>DESKTOP-15MLO7N</Computer><Security/></System><EventData><Data Name='SubjectUserSid'>S-1-5-21-4135273746-3520294150-535758031-1001</Data><Data Name='SubjectUserName'>parma</Data><Data Name='SubjectDomainName'>DESKTOP-15MLO7N</Data><Data Name='SubjectLogonId'>0x4fa2d92</Data><Data Name='TargetName'>MicrosoftAccount:user=parmarjigar8070@gmail.com</Data><Data Name='Type'>0</Data><Data Name='CountOfCredentialsReturned'>1</Data><Data Name='ReadOperation'>%%8100</Data><Data Name='ReturnCode'>0</Data><Data Name='ProcessCreationTime'>2026-07-11T20:34:18.2739730Z</Data><Data Name='ClientProcessId'>7928</Data></EventData><RenderingInfo Culture='en-IN'><Message>Credential Manager credentials were read.

Subject:
	Security ID:		S-1-5-21-4135273746-3520294150-535758031-1001
	Account Name:		parma
	Account Domain:		DESKTOP-15MLO7N
	Logon ID:		0x4FA2D92
	Read Operation:		Enumerate Credentials

This event occurs when a user performs a read operation on stored credentials in Credential Manager.</Message><Level>Information</Level><Task>User Account Management</Task><Opcode>Info</Opcode><Channel>Security</Channel><Provider>Microsoft Windows security auditing.</Provider><Keywords><Keyword>Audit Success</Keyword></Keywords></RenderingInfo></Event><Event xmlns='http://schemas.microsoft.com/win/2004/08/events/event'><System><Provider Name='Microsoft-Windows-Security-Auditing' Guid='{54849625-5478-4994-a5ba-3e3b0328c30d}'/><EventID>5379</EventID><Version>0</Version><Level>0</Level><Task>13824</Task><Opcode>0</Opcode><Keywords>0x8020000000000000</Keywords><TimeCreated SystemTime='2026-07-16T10:48:36.4635224Z'/><EventRecordID>274497</EventRecordID><Correlation ActivityID='{d674bba0-1160-0000-82bc-74d66011dd01}'/><Execution ProcessID='948' ThreadID='9912'/><Channel>Security</Channel><Computer>DESKTOP-15MLO7N</Computer><Security/></System><EventData><Data Name='SubjectUserSid'>S-1-5-21-4135273746-3520294150-535758031-1001</Data><Data Name='SubjectUserName'>parma</Data><Data Name='SubjectDomainName'>DESKTOP-15MLO7N</Data><Data Name='SubjectLogonId'>0x4fa2d92</Data><Data Name='TargetName'>MicrosoftAccount:user=parmarjigar8070@gmail.com</Data><Data Name='Type'>0</Data><Data Name='CountOfCredentialsReturned'>1</Data><Data Name='ReadOperation'>%%8100</Data><Data Name='ReturnCode'>0</Data><Data Name='ProcessCreationTime'>2026-07-11T20:34:18.2739730Z</Data><Data Name='ClientProcessId'>7928</Data></EventData><RenderingInfo Culture='en-IN'><Message>Credential Manager credentials were read.

Subject:
	Security ID:		S-1-5-21-4135273746-3520294150-535758031-1001
	Account Name:		parma
	Account Domain:		DESKTOP-15MLO7N
	Logon ID:		0x4FA2D92
	Read Operation:		Enumerate Credentials

This event occurs when a user performs a read operation on stored credentials in Credential Manager.</Message><Level>Information</Level><Task>User Account Management</Task><Opcode>Info</Opcode><Channel>Security</Channel><Provider>Microsoft Windows security auditing.</Provider><Keywords><Keyword>Audit Success</Keyword></Keywords></RenderingInfo></Event>