<Event xmlns='http://schemas.microsoft.com/win/2004/08/events/event'><System><Provider Name='Microsoft-Windows-Security-Auditing' Guid='{54849625-5478-4994-a5ba-3e3b0328c30d}'/><EventID>4798</EventID><Version>0</Version><Level>0</Level><Task>13824</Task><Opcode>0</Opcode><Keywords>0x8020000000000000</Keywords><TimeCreated SystemTime='2026-07-16T10:47:14.1100523Z'/><EventRecordID>274307</EventRecordID><Correlation ActivityID='{d674bba0-1160-0000-82bc-74d66011dd01}'/><Execution ProcessID='948' ThreadID='10828'/><Channel>Security</Channel><Computer>DESKTOP-15MLO7N</Computer><Security/></System><EventData><Data Name='TargetUserName'>DefaultAccount</Data><Data Name='TargetDomainName'>DESKTOP-15MLO7N</Data><Data Name='TargetSid'>S-1-5-21-4135273746-3520294150-535758031-503</Data><Data Name='SubjectUserSid'>S-1-5-18</Data><Data Name='SubjectUserName'>DESKTOP-15MLO7N$</Data><Data Name='SubjectDomainName'>WORKGROUP</Data><Data Name='SubjectLogonId'>0x3e7</Data><Data Name='CallerProcessId'>0x2a04</Data><Data Name='CallerProcessName'>C:\Windows\System32\svchost.exe</Data></EventData><RenderingInfo Culture='en-IN'><Message>A user's local group membership was enumerated.

Subject:
	Security ID:		S-1-5-18
	Account Name:		DESKTOP-15MLO7N$
	Account Domain:		WORKGROUP
	Logon ID:		0x3E7

User:
	Security ID:		S-1-5-21-4135273746-3520294150-535758031-503
	Account Name:		DefaultAccount
	Account Domain:		DESKTOP-15MLO7N

Process Information:
	Process ID:		0x2a04
	Process Name:		C:\Windows\System32\svchost.exe</Message><Level>Information</Level><Task>User Account Management</Task><Opcode>Info</Opcode><Channel>Security</Channel><Provider>Microsoft Windows security auditing.</Provider><Keywords><Keyword>Audit Success</Keyword></Keywords></RenderingInfo></Event><Event xmlns='http://schemas.microsoft.com/win/2004/08/events/event'><System><Provider Name='Microsoft-Windows-Security-Auditing' Guid='{54849625-5478-4994-a5ba-3e3b0328c30d}'/><EventID>4798</EventID><Version>0</Version><Level>0</Level><Task>13824</Task><Opcode>0</Opcode><Keywords>0x8020000000000000</Keywords><TimeCreated SystemTime='2026-07-16T10:47:14.1089631Z'/><EventRecordID>274306</EventRecordID><Correlation ActivityID='{d674bba0-1160-0000-82bc-74d66011dd01}'/><Execution ProcessID='948' ThreadID='10828'/><Channel>Security</Channel><Computer>DESKTOP-15MLO7N</Computer><Security/></System><EventData><Data Name='TargetUserName'>Administrator</Data><Data Name='TargetDomainName'>DESKTOP-15MLO7N</Data><Data Name='TargetSid'>S-1-5-21-4135273746-3520294150-535758031-500</Data><Data Name='SubjectUserSid'>S-1-5-18</Data><Data Name='SubjectUserName'>DESKTOP-15MLO7N$</Data><Data Name='SubjectDomainName'>WORKGROUP</Data><Data Name='SubjectLogonId'>0x3e7</Data><Data Name='CallerProcessId'>0x2a04</Data><Data Name='CallerProcessName'>C:\Windows\System32\svchost.exe</Data></EventData><RenderingInfo Culture='en-IN'><Message>A user's local group membership was enumerated.

Subject:
	Security ID:		S-1-5-18
	Account Name:		DESKTOP-15MLO7N$
	Account Domain:		WORKGROUP
	Logon ID:		0x3E7

User:
	Security ID:		S-1-5-21-4135273746-3520294150-535758031-500
	Account Name:		Administrator
	Account Domain:		DESKTOP-15MLO7N

Process Information:
	Process ID:		0x2a04
	Process Name:		C:\Windows\System32\svchost.exe</Message><Level>Information</Level><Task>User Account Management</Task><Opcode>Info</Opcode><Channel>Security</Channel><Provider>Microsoft Windows security auditing.</Provider><Keywords><Keyword>Audit Success</Keyword></Keywords></RenderingInfo></Event><Event xmlns='http://schemas.microsoft.com/win/2004/08/events/event'><System><Provider Name='Microsoft-Windows-Security-Auditing' Guid='{54849625-5478-4994-a5ba-3e3b0328c30d}'/><EventID>5379</EventID><Version>0</Version><Level>0</Level><Task>13824</Task><Opcode>0</Opcode><Keywords>0x8020000000000000</Keywords><TimeCreated SystemTime='2026-07-16T10:47:13.8570838Z'/><EventRecordID>274305</EventRecordID><Correlation ActivityID='{d674bba0-1160-0000-82bc-74d66011dd01}'/><Execution ProcessID='948' ThreadID='10828'/><Channel>Security</Channel><Computer>DESKTOP-15MLO7N</Computer><Security/></System><EventData><Data Name='SubjectUserSid'>S-1-5-18</Data><Data Name='SubjectUserName'>DESKTOP-15MLO7N$</Data><Data Name='SubjectDomainName'>WORKGROUP</Data><Data Name='SubjectLogonId'>0x3e7</Data><Data Name='TargetName'>MicrosoftAccount:user=02axpnyczfmuxmji</Data><Data Name='Type'>0</Data><Data Name='CountOfCredentialsReturned'>0</Data><Data Name='ReadOperation'>%%8100</Data><Data Name='ReturnCode'>3221226021</Data><Data Name='ProcessCreationTime'>2026-07-11T20:34:18.2739730Z</Data><Data Name='ClientProcessId'>7928</Data></EventData><RenderingInfo Culture='en-IN'><Message>Credential Manager credentials were read.

Subject:
	Security ID:		S-1-5-18
	Account Name:		DESKTOP-15MLO7N$
	Account Domain:		WORKGROUP
	Logon ID:		0x3E7
	Read Operation:		Enumerate Credentials

This event occurs when a user performs a read operation on stored credentials in Credential Manager.</Message><Level>Information</Level><Task>User Account Management</Task><Opcode>Info</Opcode><Channel>Security</Channel><Provider>Microsoft Windows security auditing.</Provider><Keywords><Keyword>Audit Success</Keyword></Keywords></RenderingInfo></Event><Event xmlns='http://schemas.microsoft.com/win/2004/08/events/event'><System><Provider Name='Microsoft-Windows-Security-Auditing' Guid='{54849625-5478-4994-a5ba-3e3b0328c30d}'/><EventID>5379</EventID><Version>0</Version><Level>0</Level><Task>13824</Task><Opcode>0</Opcode><Keywords>0x8020000000000000</Keywords><TimeCreated SystemTime='2026-07-16T10:47:13.8569704Z'/><EventRecordID>274304</EventRecordID><Correlation ActivityID='{d674bba0-1160-0000-82bc-74d66011dd01}'/><Execution ProcessID='948' ThreadID='10828'/><Channel>Security</Channel><Computer>DESKTOP-15MLO7N</Computer><Security/></System><EventData><Data Name='SubjectUserSid'>S-1-5-18</Data><Data Name='SubjectUserName'>DESKTOP-15MLO7N$</Data><Data Name='SubjectDomainName'>WORKGROUP</Data><Data Name='SubjectLogonId'>0x3e7</Data><Data Name='TargetName'>MicrosoftAccount:user=02axpnyczfmuxmji</Data><Data Name='Type'>0</Data><Data Name='CountOfCredentialsReturned'>0</Data><Data Name='ReadOperation'>%%8100</Data><Data Name='ReturnCode'>3221226021</Data><Data Name='ProcessCreationTime'>2026-07-11T20:34:18.2739730Z</Data><Data Name='ClientProcessId'>7928</Data></EventData><RenderingInfo Culture='en-IN'><Message>Credential Manager credentials were read.

Subject:
	Security ID:		S-1-5-18
	Account Name:		DESKTOP-15MLO7N$
	Account Domain:		WORKGROUP
	Logon ID:		0x3E7
	Read Operation:		Enumerate Credentials

This event occurs when a user performs a read operation on stored credentials in Credential Manager.</Message><Level>Information</Level><Task>User Account Management</Task><Opcode>Info</Opcode><Channel>Security</Channel><Provider>Microsoft Windows security auditing.</Provider><Keywords><Keyword>Audit Success</Keyword></Keywords></RenderingInfo></Event><Event xmlns='http://schemas.microsoft.com/win/2004/08/events/event'><System><Provider Name='Microsoft-Windows-Security-Auditing' Guid='{54849625-5478-4994-a5ba-3e3b0328c30d}'/><EventID>5379</EventID><Version>0</Version><Level>0</Level><Task>13824</Task><Opcode>0</Opcode><Keywords>0x8020000000000000</Keywords><TimeCreated SystemTime='2026-07-16T10:47:13.4649440Z'/><EventRecordID>274303</EventRecordID><Correlation ActivityID='{d674bba0-1160-0000-82bc-74d66011dd01}'/><Execution ProcessID='948' ThreadID='10828'/><Channel>Security</Channel><Computer>DESKTOP-15MLO7N</Computer><Security/></System><EventData><Data Name='SubjectUserSid'>S-1-5-18</Data><Data Name='SubjectUserName'>DESKTOP-15MLO7N$</Data><Data Name='SubjectDomainName'>WORKGROUP</Data><Data Name='SubjectLogonId'>0x3e7</Data><Data Name='TargetName'>MicrosoftAccount:user=02axpnyczfmuxmji</Data><Data Name='Type'>0</Data><Data Name='CountOfCredentialsReturned'>0</Data><Data Name='ReadOperation'>%%8100</Data><Data Name='ReturnCode'>3221226021</Data><Data Name='ProcessCreationTime'>2026-07-11T20:34:18.2739730Z</Data><Data Name='ClientProcessId'>7928</Data></EventData><RenderingInfo Culture='en-IN'><Message>Credential Manager credentials were read.

Subject:
	Security ID:		S-1-5-18
	Account Name:		DESKTOP-15MLO7N$
	Account Domain:		WORKGROUP
	Logon ID:		0x3E7
	Read Operation:		Enumerate Credentials

This event occurs when a user performs a read operation on stored credentials in Credential Manager.</Message><Level>Information</Level><Task>User Account Management</Task><Opcode>Info</Opcode><Channel>Security</Channel><Provider>Microsoft Windows security auditing.</Provider><Keywords><Keyword>Audit Success</Keyword></Keywords></RenderingInfo></Event><Event xmlns='http://schemas.microsoft.com/win/2004/08/events/event'><System><Provider Name='Microsoft-Windows-Security-Auditing' Guid='{54849625-5478-4994-a5ba-3e3b0328c30d}'/><EventID>5379</EventID><Version>0</Version><Level>0</Level><Task>13824</Task><Opcode>0</Opcode><Keywords>0x8020000000000000</Keywords><TimeCreated SystemTime='2026-07-16T10:47:13.3287515Z'/><EventRecordID>274302</EventRecordID><Correlation ActivityID='{d674bba0-1160-0000-82bc-74d66011dd01}'/><Execution ProcessID='948' ThreadID='10828'/><Channel>Security</Channel><Computer>DESKTOP-15MLO7N</Computer><Security/></System><EventData><Data Name='SubjectUserSid'>S-1-5-18</Data><Data Name='SubjectUserName'>DESKTOP-15MLO7N$</Data><Data Name='SubjectDomainName'>WORKGROUP</Data><Data Name='SubjectLogonId'>0x3e7</Data><Data Name='TargetName'>MicrosoftAccount:user=02axpnyczfmuxmji</Data><Data Name='Type'>0</Data><Data Name='CountOfCredentialsReturned'>0</Data><Data Name='ReadOperation'>%%8100</Data><Data Name='ReturnCode'>3221226021</Data><Data Name='ProcessCreationTime'>2026-07-11T20:34:18.2739730Z</Data><Data Name='ClientProcessId'>7928</Data></EventData><RenderingInfo Culture='en-IN'><Message>Credential Manager credentials were read.

Subject:
	Security ID:		S-1-5-18
	Account Name:		DESKTOP-15MLO7N$
	Account Domain:		WORKGROUP
	Logon ID:		0x3E7
	Read Operation:		Enumerate Credentials

This event occurs when a user performs a read operation on stored credentials in Credential Manager.</Message><Level>Information</Level><Task>User Account Management</Task><Opcode>Info</Opcode><Channel>Security</Channel><Provider>Microsoft Windows security auditing.</Provider><Keywords><Keyword>Audit Success</Keyword></Keywords></RenderingInfo></Event><Event xmlns='http://schemas.microsoft.com/win/2004/08/events/event'><System><Provider Name='Microsoft-Windows-Security-Auditing' Guid='{54849625-5478-4994-a5ba-3e3b0328c30d}'/><EventID>4672</EventID><Version>0</Version><Level>0</Level><Task>12548</Task><Opcode>0</Opcode><Keywords>0x8020000000000000</Keywords><TimeCreated SystemTime='2026-07-16T10:47:13.1341159Z'/><EventRecordID>274301</EventRecordID><Correlation ActivityID='{d674bba0-1160-0000-82bc-74d66011dd01}'/><Execution ProcessID='948' ThreadID='10828'/><Channel>Security</Channel><Computer>DESKTOP-15MLO7N</Computer><Security/></System><EventData><Data Name='SubjectUserSid'>S-1-5-21-4135273746-3520294150-535758031-1001</Data><Data Name='SubjectUserName'>parmarjigar8070@gmail.com</Data><Data Name='SubjectDomainName'>MicrosoftAccount</Data><Data Name='SubjectLogonId'>0x4fa2d1a</Data><Data Name='PrivilegeList'>SeSecurityPrivilege
			SeTakeOwnershipPrivilege
			SeLoadDriverPrivilege
			SeBackupPrivilege
			SeRestorePrivilege
			SeDebugPrivilege
			SeSystemEnvironmentPrivilege
			SeImpersonatePrivilege
			SeDelegateSessionUserImpersonatePrivilege</Data></EventData><RenderingInfo Culture='en-IN'><Message>Special privileges assigned to new logon.

Subject:
	Security ID:		S-1-5-21-4135273746-3520294150-535758031-1001
	Account Name:		parmarjigar8070@gmail.com
	Account Domain:		MicrosoftAccount
	Logon ID:		0x4FA2D1A

Privileges:		SeSecurityPrivilege
			SeTakeOwnershipPrivilege
			SeLoadDriverPrivilege
			SeBackupPrivilege
			SeRestorePrivilege
			SeDebugPrivilege
			SeSystemEnvironmentPrivilege
			SeImpersonatePrivilege
			SeDelegateSessionUserImpersonatePrivilege</Message><Level>Information</Level><Task>Special Logon</Task><Opcode>Info</Opcode><Channel>Security</Channel><Provider>Microsoft Windows security auditing.</Provider><Keywords><Keyword>Audit Success</Keyword></Keywords></RenderingInfo></Event><Event xmlns='http://schemas.microsoft.com/win/2004/08/events/event'><System><Provider Name='Microsoft-Windows-Security-Auditing' Guid='{54849625-5478-4994-a5ba-3e3b0328c30d}'/><EventID>4624</EventID><Version>2</Version><Level>0</Level><Task>12544</Task><Opcode>0</Opcode><Keywords>0x8020000000000000</Keywords><TimeCreated SystemTime='2026-07-16T10:47:13.1341080Z'/><EventRecordID>274300</EventRecordID><Correlation ActivityID='{d674bba0-1160-0000-82bc-74d66011dd01}'/><Execution ProcessID='948' ThreadID='10828'/><Channel>Security</Channel><Computer>DESKTOP-15MLO7N</Computer><Security/></System><EventData><Data Name='SubjectUserSid'>S-1-5-18</Data><Data Name='SubjectUserName'>DESKTOP-15MLO7N$</Data><Data Name='SubjectDomainName'>WORKGROUP</Data><Data Name='SubjectLogonId'>0x3e7</Data><Data Name='TargetUserSid'>S-1-5-21-4135273746-3520294150-535758031-1001</Data><Data Name='TargetUserName'>parmarjigar8070@gmail.com</Data><Data Name='TargetDomainName'>MicrosoftAccount</Data><Data Name='TargetLogonId'>0x4fa2d92</Data><Data Name='LogonType'>11</Data><Data Name='LogonProcessName'>User32 </Data><Data Name='AuthenticationPackageName'>Negotiate</Data><Data Name='WorkstationName'>DESKTOP-15MLO7N</Data><Data Name='LogonGuid'>{00000000-0000-0000-0000-000000000000}</Data><Data Name='TransmittedServices'>-</Data><Data Name='LmPackageName'>-</Data><Data Name='KeyLength'>0</Data><Data Name='ProcessId'>0x6d0</Data><Data Name='ProcessName'>C:\Windows\System32\svchost.exe</Data><Data Name='IpAddress'>127.0.0.1</Data><Data Name='IpPort'>0</Data><Data Name='ImpersonationLevel'>%%1833</Data><Data Name='RestrictedAdminMode'>-</Data><Data Name='TargetOutboundUserName'>-</Data><Data Name='TargetOutboundDomainName'>-</Data><Data Name='VirtualAccount'>%%1843</Data><Data Name='TargetLinkedLogonId'>0x4fa2d1a</Data><Data Name='ElevatedToken'>%%1843</Data></EventData><RenderingInfo Culture='en-IN'><Message>An account was successfully logged on.

Subject:
	Security ID:		S-1-5-18
	Account Name:		DESKTOP-15MLO7N$
	Account Domain:		WORKGROUP
	Logon ID:		0x3E7

Logon Information:
	Logon Type:		11
	Restricted Admin Mode:	-
	Virtual Account:		No
	Elevated Token:		No

Impersonation Level:		Impersonation

New Logon:
	Security ID:		S-1-5-21-4135273746-3520294150-535758031-1001
	Account Name:		parmarjigar8070@gmail.com
	Account Domain:		MicrosoftAccount
	Logon ID:		0x4FA2D92
	Linked Logon ID:		0x4FA2D1A
	Network Account Name:	-
	Network Account Domain:	-
	Logon GUID:		{00000000-0000-0000-0000-000000000000}

Process Information:
	Process ID:		0x6d0
	Process Name:		C:\Windows\System32\svchost.exe

Network Information:
	Workstation Name:	DESKTOP-15MLO7N
	Source Network Address:	127.0.0.1
	Source Port:		0

Detailed Authentication Information:
	Logon Process:		User32 
	Authentication Package:	Negotiate
	Transited Services:	-
	Package Name (NTLM only):	-
	Key Length:		0

This event is generated when a logon session is created. It is generated on the computer that was accessed.

The subject fields indicate the account on the local system which requested the logon. This is most commonly a service such as the Server service, or a local process such as Winlogon.exe or Services.exe.

The logon type field indicates the kind of logon that occurred. The most common types are 2 (interactive) and 3 (network).

The New Logon fields indicate the account for whom the new logon was created, i.e. the account that was logged on.

The network fields indicate where a remote logon request originated. Workstation name is not always available and may be left blank in some cases.

The impersonation level field indicates the extent to which a process in the logon session can impersonate.

The authentication information fields provide detailed information about this specific logon request.
	- Logon GUID is a unique identifier that can be used to correlate this event with a KDC event.
	- Transited services indicate which intermediate services have participated in this logon request.
	- Package name indicates which sub-protocol was used among the NTLM protocols.
	- Key length indicates the length of the generated session key. This will be 0 if no session key was requested.</Message><Level>Information</Level><Task>Logon</Task><Opcode>Info</Opcode><Channel>Security</Channel><Provider>Microsoft Windows security auditing.</Provider><Keywords><Keyword>Audit Success</Keyword></Keywords></RenderingInfo></Event><Event xmlns='http://schemas.microsoft.com/win/2004/08/events/event'><System><Provider Name='Microsoft-Windows-Security-Auditing' Guid='{54849625-5478-4994-a5ba-3e3b0328c30d}'/><EventID>4624</EventID><Version>2</Version><Level>0</Level><Task>12544</Task><Opcode>0</Opcode><Keywords>0x8020000000000000</Keywords><TimeCreated SystemTime='2026-07-16T10:47:13.1340821Z'/><EventRecordID>274299</EventRecordID><Correlation ActivityID='{d674bba0-1160-0000-82bc-74d66011dd01}'/><Execution ProcessID='948' ThreadID='10828'/><Channel>Security</Channel><Computer>DESKTOP-15MLO7N</Computer><Security/></System><EventData><Data Name='SubjectUserSid'>S-1-5-18</Data><Data Name='SubjectUserName'>DESKTOP-15MLO7N$</Data><Data Name='SubjectDomainName'>WORKGROUP</Data><Data Name='SubjectLogonId'>0x3e7</Data><Data Name='TargetUserSid'>S-1-5-21-4135273746-3520294150-535758031-1001</Data><Data Name='TargetUserName'>parmarjigar8070@gmail.com</Data><Data Name='TargetDomainName'>MicrosoftAccount</Data><Data Name='TargetLogonId'>0x4fa2d1a</Data><Data Name='LogonType'>11</Data><Data Name='LogonProcessName'>User32 </Data><Data Name='AuthenticationPackageName'>Negotiate</Data><Data Name='WorkstationName'>DESKTOP-15MLO7N</Data><Data Name='LogonGuid'>{00000000-0000-0000-0000-000000000000}</Data><Data Name='TransmittedServices'>-</Data><Data Name='LmPackageName'>-</Data><Data Name='KeyLength'>0</Data><Data Name='ProcessId'>0x6d0</Data><Data Name='ProcessName'>C:\Windows\System32\svchost.exe</Data><Data Name='IpAddress'>127.0.0.1</Data><Data Name='IpPort'>0</Data><Data Name='ImpersonationLevel'>%%1833</Data><Data Name='RestrictedAdminMode'>-</Data><Data Name='TargetOutboundUserName'>-</Data><Data Name='TargetOutboundDomainName'>-</Data><Data Name='VirtualAccount'>%%1843</Data><Data Name='TargetLinkedLogonId'>0x4fa2d92</Data><Data Name='ElevatedToken'>%%1842</Data></EventData><RenderingInfo Culture='en-IN'><Message>An account was successfully logged on.

Subject:
	Security ID:		S-1-5-18
	Account Name:		DESKTOP-15MLO7N$
	Account Domain:		WORKGROUP
	Logon ID:		0x3E7

Logon Information:
	Logon Type:		11
	Restricted Admin Mode:	-
	Virtual Account:		No
	Elevated Token:		Yes

Impersonation Level:		Impersonation

New Logon:
	Security ID:		S-1-5-21-4135273746-3520294150-535758031-1001
	Account Name:		parmarjigar8070@gmail.com
	Account Domain:		MicrosoftAccount
	Logon ID:		0x4FA2D1A
	Linked Logon ID:		0x4FA2D92
	Network Account Name:	-
	Network Account Domain:	-
	Logon GUID:		{00000000-0000-0000-0000-000000000000}

Process Information:
	Process ID:		0x6d0
	Process Name:		C:\Windows\System32\svchost.exe

Network Information:
	Workstation Name:	DESKTOP-15MLO7N
	Source Network Address:	127.0.0.1
	Source Port:		0

Detailed Authentication Information:
	Logon Process:		User32 
	Authentication Package:	Negotiate
	Transited Services:	-
	Package Name (NTLM only):	-
	Key Length:		0

This event is generated when a logon session is created. It is generated on the computer that was accessed.

The subject fields indicate the account on the local system which requested the logon. This is most commonly a service such as the Server service, or a local process such as Winlogon.exe or Services.exe.

The logon type field indicates the kind of logon that occurred. The most common types are 2 (interactive) and 3 (network).

The New Logon fields indicate the account for whom the new logon was created, i.e. the account that was logged on.

The network fields indicate where a remote logon request originated. Workstation name is not always available and may be left blank in some cases.

The impersonation level field indicates the extent to which a process in the logon session can impersonate.

The authentication information fields provide detailed information about this specific logon request.
	- Logon GUID is a unique identifier that can be used to correlate this event with a KDC event.
	- Transited services indicate which intermediate services have participated in this logon request.
	- Package name indicates which sub-protocol was used among the NTLM protocols.
	- Key length indicates the length of the generated session key. This will be 0 if no session key was requested.</Message><Level>Information</Level><Task>Logon</Task><Opcode>Info</Opcode><Channel>Security</Channel><Provider>Microsoft Windows security auditing.</Provider><Keywords><Keyword>Audit Success</Keyword></Keywords></RenderingInfo></Event><Event xmlns='http://schemas.microsoft.com/win/2004/08/events/event'><System><Provider Name='Microsoft-Windows-Security-Auditing' Guid='{54849625-5478-4994-a5ba-3e3b0328c30d}'/><EventID>4648</EventID><Version>0</Version><Level>0</Level><Task>12544</Task><Opcode>0</Opcode><Keywords>0x8020000000000000</Keywords><TimeCreated SystemTime='2026-07-16T10:47:13.1340398Z'/><EventRecordID>274298</EventRecordID><Correlation ActivityID='{d674bba0-1160-0000-82bc-74d66011dd01}'/><Execution ProcessID='948' ThreadID='10828'/><Channel>Security</Channel><Computer>DESKTOP-15MLO7N</Computer><Security/></System><EventData><Data Name='SubjectUserSid'>S-1-5-18</Data><Data Name='SubjectUserName'>DESKTOP-15MLO7N$</Data><Data Name='SubjectDomainName'>WORKGROUP</Data><Data Name='SubjectLogonId'>0x3e7</Data><Data Name='LogonGuid'>{00000000-0000-0000-0000-000000000000}</Data><Data Name='TargetUserName'>parmarjigar8070@gmail.com</Data><Data Name='TargetDomainName'>MicrosoftAccount</Data><Data Name='TargetLogonGuid'>{00000000-0000-0000-0000-000000000000}</Data><Data Name='TargetServerName'>localhost</Data><Data Name='TargetInfo'>localhost</Data><Data Name='ProcessId'>0x6d0</Data><Data Name='ProcessName'>C:\Windows\System32\svchost.exe</Data><Data Name='IpAddress'>127.0.0.1</Data><Data Name='IpPort'>0</Data></EventData><RenderingInfo Culture='en-IN'><Message>A logon was attempted using explicit credentials.

Subject:
	Security ID:		S-1-5-18
	Account Name:		DESKTOP-15MLO7N$
	Account Domain:		WORKGROUP
	Logon ID:		0x3E7
	Logon GUID:		{00000000-0000-0000-0000-000000000000}

Account Whose Credentials Were Used:
	Account Name:		parmarjigar8070@gmail.com
	Account Domain:		MicrosoftAccount
	Logon GUID:		{00000000-0000-0000-0000-000000000000}

Target Server:
	Target Server Name:	localhost
	Additional Information:	localhost

Process Information:
	Process ID:		0x6d0
	Process Name:		C:\Windows\System32\svchost.exe

Network Information:
	Network Address:	127.0.0.1
	Port:			0

This event is generated when a process attempts to log on an account by explicitly specifying that account’s credentials.  This most commonly occurs in batch-type configurations such as scheduled tasks, or when using the RUNAS command.</Message><Level>Information</Level><Task>Logon</Task><Opcode>Info</Opcode><Channel>Security</Channel><Provider>Microsoft Windows security auditing.</Provider><Keywords><Keyword>Audit Success</Keyword></Keywords></RenderingInfo></Event><Event xmlns='http://schemas.microsoft.com/win/2004/08/events/event'><System><Provider Name='Microsoft-Windows-Security-Auditing' Guid='{54849625-5478-4994-a5ba-3e3b0328c30d}'/><EventID>4738</EventID><Version>0</Version><Level>0</Level><Task>13824</Task><Opcode>0</Opcode><Keywords>0x8020000000000000</Keywords><TimeCreated SystemTime='2026-07-16T10:47:12.8373226Z'/><EventRecordID>274297</EventRecordID><Correlation ActivityID='{d674bba0-1160-0000-82bc-74d66011dd01}'/><Execution ProcessID='948' ThreadID='10828'/><Channel>Security</Channel><Computer>DESKTOP-15MLO7N</Computer><Security/></System><EventData><Data Name='Dummy'>-</Data><Data Name='TargetUserName'>parma</Data><Data Name='TargetDomainName'>DESKTOP-15MLO7N</Data><Data Name='TargetSid'>S-1-5-21-4135273746-3520294150-535758031-1001</Data><Data Name='SubjectUserSid'>S-1-5-18</Data><Data Name='SubjectUserName'>DESKTOP-15MLO7N$</Data><Data Name='SubjectDomainName'>WORKGROUP</Data><Data Name='SubjectLogonId'>0x3e7</Data><Data Name='PrivilegeList'>-</Data><Data Name='SamAccountName'>-</Data><Data Name='DisplayName'>%%1793</Data><Data Name='UserPrincipalName'>-</Data><Data Name='HomeDirectory'>-</Data><Data Name='HomePath'>-</Data><Data Name='ScriptPath'>-</Data><Data Name='ProfilePath'>-</Data><Data Name='UserWorkstations'>-</Data><Data Name='PasswordLastSet'>-</Data><Data Name='AccountExpires'>-</Data><Data Name='PrimaryGroupId'>-</Data><Data Name='AllowedToDelegateTo'>-</Data><Data Name='OldUacValue'>-</Data><Data Name='NewUacValue'>-</Data><Data Name='UserAccountControl'>-</Data><Data Name='UserParameters'>-</Data><Data Name='SidHistory'>-</Data><Data Name='LogonHours'>-</Data></EventData><RenderingInfo Culture='en-IN'><Message>A user account was changed.

Subject:
	Security ID:		S-1-5-18
	Account Name:		DESKTOP-15MLO7N$
	Account Domain:		WORKGROUP
	Logon ID:		0x3E7

Target Account:
	Security ID:		S-1-5-21-4135273746-3520294150-535758031-1001
	Account Name:		parma
	Account Domain:		DESKTOP-15MLO7N

Changed Attributes:
	SAM Account Name:	-
	Display Name:		&lt;value not set&gt;
	User Principal Name:	-
	Home Directory:		-
	Home Drive:		-
	Script Path:		-
	Profile Path:		-
	User Workstations:	-
	Password Last Set:	-
	Account Expires:		-
	Primary Group ID:	-
	AllowedToDelegateTo:	-
	Old UAC Value:		-
	New UAC Value:		-
	User Account Control:	-
	User Parameters:	-
	SID History:		-
	Logon Hours:		-

Additional Information:
	Privileges:		-</Message><Level>Information</Level><Task>User Account Management</Task><Opcode>Info</Opcode><Channel>Security</Channel><Provider>Microsoft Windows security auditing.</Provider><Keywords><Keyword>Audit Success</Keyword></Keywords></RenderingInfo></Event><Event xmlns='http://schemas.microsoft.com/win/2004/08/events/event'><System><Provider Name='Microsoft-Windows-Security-Auditing' Guid='{54849625-5478-4994-a5ba-3e3b0328c30d}'/><EventID>5379</EventID><Version>0</Version><Level>0</Level><Task>13824</Task><Opcode>0</Opcode><Keywords>0x8020000000000000</Keywords><TimeCreated SystemTime='2026-07-16T10:47:09.9185888Z'/><EventRecordID>274296</EventRecordID><Correlation ActivityID='{d674bba0-1160-0000-82bc-74d66011dd01}'/><Execution ProcessID='948' ThreadID='10828'/><Channel>Security</Channel><Computer>DESKTOP-15MLO7N</Computer><Security/></System><EventData><Data Name='SubjectUserSid'>S-1-5-18</Data><Data Name='SubjectUserName'>DESKTOP-15MLO7N$</Data><Data Name='SubjectDomainName'>WORKGROUP</Data><Data Name='SubjectLogonId'>0x3e7</Data><Data Name='TargetName'>WindowsLive:(cert):name=02axpnyczfmuxmji;serviceuri=*</Data><Data Name='Type'>0</Data><Data Name='CountOfCredentialsReturned'>0</Data><Data Name='ReadOperation'>%%8100</Data><Data Name='ReturnCode'>3221226021</Data><Data Name='ProcessCreationTime'>2026-07-11T20:34:18.2739730Z</Data><Data Name='ClientProcessId'>7928</Data></EventData><RenderingInfo Culture='en-IN'><Message>Credential Manager credentials were read.

Subject:
	Security ID:		S-1-5-18
	Account Name:		DESKTOP-15MLO7N$
	Account Domain:		WORKGROUP
	Logon ID:		0x3E7
	Read Operation:		Enumerate Credentials

This event occurs when a user performs a read operation on stored credentials in Credential Manager.</Message><Level>Information</Level><Task>User Account Management</Task><Opcode>Info</Opcode><Channel>Security</Channel><Provider>Microsoft Windows security auditing.</Provider><Keywords><Keyword>Audit Success</Keyword></Keywords></RenderingInfo></Event><Event xmlns='http://schemas.microsoft.com/win/2004/08/events/event'><System><Provider Name='Microsoft-Windows-Security-Auditing' Guid='{54849625-5478-4994-a5ba-3e3b0328c30d}'/><EventID>5379</EventID><Version>0</Version><Level>0</Level><Task>13824</Task><Opcode>0</Opcode><Keywords>0x8020000000000000</Keywords><TimeCreated SystemTime='2026-07-16T10:47:09.4589889Z'/><EventRecordID>274295</EventRecordID><Correlation ActivityID='{d674bba0-1160-0000-82bc-74d66011dd01}'/><Execution ProcessID='948' ThreadID='10828'/><Channel>Security</Channel><Computer>DESKTOP-15MLO7N</Computer><Security/></System><EventData><Data Name='SubjectUserSid'>S-1-5-18</Data><Data Name='SubjectUserName'>DESKTOP-15MLO7N$</Data><Data Name='SubjectDomainName'>WORKGROUP</Data><Data Name='SubjectLogonId'>0x3e7</Data><Data Name='TargetName'>WindowsLive:(token):name=02axpnyczfmuxmji;serviceuri=*</Data><Data Name='Type'>0</Data><Data Name='CountOfCredentialsReturned'>0</Data><Data Name='ReadOperation'>%%8100</Data><Data Name='ReturnCode'>3221226021</Data><Data Name='ProcessCreationTime'>2026-07-11T20:34:18.2739730Z</Data><Data Name='ClientProcessId'>7928</Data></EventData><RenderingInfo Culture='en-IN'><Message>Credential Manager credentials were read.

Subject:
	Security ID:		S-1-5-18
	Account Name:		DESKTOP-15MLO7N$
	Account Domain:		WORKGROUP
	Logon ID:		0x3E7
	Read Operation:		Enumerate Credentials

This event occurs when a user performs a read operation on stored credentials in Credential Manager.</Message><Level>Information</Level><Task>User Account Management</Task><Opcode>Info</Opcode><Channel>Security</Channel><Provider>Microsoft Windows security auditing.</Provider><Keywords><Keyword>Audit Success</Keyword></Keywords></RenderingInfo></Event><Event xmlns='http://schemas.microsoft.com/win/2004/08/events/event'><System><Provider Name='Microsoft-Windows-Security-Auditing' Guid='{54849625-5478-4994-a5ba-3e3b0328c30d}'/><EventID>5379</EventID><Version>0</Version><Level>0</Level><Task>13824</Task><Opcode>0</Opcode><Keywords>0x8020000000000000</Keywords><TimeCreated SystemTime='2026-07-16T10:47:09.2139602Z'/><EventRecordID>274294</EventRecordID><Correlation ActivityID='{d674bba0-1160-0000-82bc-74d66011dd01}'/><Execution ProcessID='948' ThreadID='10828'/><Channel>Security</Channel><Computer>DESKTOP-15MLO7N</Computer><Security/></System><EventData><Data Name='SubjectUserSid'>S-1-5-18</Data><Data Name='SubjectUserName'>DESKTOP-15MLO7N$</Data><Data Name='SubjectDomainName'>WORKGROUP</Data><Data Name='SubjectLogonId'>0x3e7</Data><Data Name='TargetName'>MicrosoftAccount:user=02axpnyczfmuxmji</Data><Data Name='Type'>0</Data><Data Name='CountOfCredentialsReturned'>0</Data><Data Name='ReadOperation'>%%8100</Data><Data Name='ReturnCode'>3221226021</Data><Data Name='ProcessCreationTime'>2026-07-11T20:34:18.2739730Z</Data><Data Name='ClientProcessId'>7928</Data></EventData><RenderingInfo Culture='en-IN'><Message>Credential Manager credentials were read.

Subject:
	Security ID:		S-1-5-18
	Account Name:		DESKTOP-15MLO7N$
	Account Domain:		WORKGROUP
	Logon ID:		0x3E7
	Read Operation:		Enumerate Credentials

This event occurs when a user performs a read operation on stored credentials in Credential Manager.</Message><Level>Information</Level><Task>User Account Management</Task><Opcode>Info</Opcode><Channel>Security</Channel><Provider>Microsoft Windows security auditing.</Provider><Keywords><Keyword>Audit Success</Keyword></Keywords></RenderingInfo></Event><Event xmlns='http://schemas.microsoft.com/win/2004/08/events/event'><System><Provider Name='Microsoft-Windows-Security-Auditing' Guid='{54849625-5478-4994-a5ba-3e3b0328c30d}'/><EventID>4798</EventID><Version>0</Version><Level>0</Level><Task>13824</Task><Opcode>0</Opcode><Keywords>0x8020000000000000</Keywords><TimeCreated SystemTime='2026-07-16T10:47:09.0010080Z'/><EventRecordID>274293</EventRecordID><Correlation ActivityID='{d674bba0-1160-0000-82bc-74d66011dd01}'/><Execution ProcessID='948' ThreadID='10828'/><Channel>Security</Channel><Computer>DESKTOP-15MLO7N</Computer><Security/></System><EventData><Data Name='TargetUserName'>parma</Data><Data Name='TargetDomainName'>DESKTOP-15MLO7N</Data><Data Name='TargetSid'>S-1-5-21-4135273746-3520294150-535758031-1001</Data><Data Name='SubjectUserSid'>S-1-5-18</Data><Data Name='SubjectUserName'>DESKTOP-15MLO7N$</Data><Data Name='SubjectDomainName'>WORKGROUP</Data><Data Name='SubjectLogonId'>0x3e7</Data><Data Name='CallerProcessId'>0x2a04</Data><Data Name='CallerProcessName'>C:\Windows\System32\svchost.exe</Data></EventData><RenderingInfo Culture='en-IN'><Message>A user's local group membership was enumerated.

Subject:
	Security ID:		S-1-5-18
	Account Name:		DESKTOP-15MLO7N$
	Account Domain:		WORKGROUP
	Logon ID:		0x3E7

User:
	Security ID:		S-1-5-21-4135273746-3520294150-535758031-1001
	Account Name:		parma
	Account Domain:		DESKTOP-15MLO7N

Process Information:
	Process ID:		0x2a04
	Process Name:		C:\Windows\System32\svchost.exe</Message><Level>Information</Level><Task>User Account Management</Task><Opcode>Info</Opcode><Channel>Security</Channel><Provider>Microsoft Windows security auditing.</Provider><Keywords><Keyword>Audit Success</Keyword></Keywords></RenderingInfo></Event><Event xmlns='http://schemas.microsoft.com/win/2004/08/events/event'><System><Provider Name='Microsoft-Windows-Security-Auditing' Guid='{54849625-5478-4994-a5ba-3e3b0328c30d}'/><EventID>4798</EventID><Version>0</Version><Level>0</Level><Task>13824</Task><Opcode>0</Opcode><Keywords>0x8020000000000000</Keywords><TimeCreated SystemTime='2026-07-16T10:47:09.0003688Z'/><EventRecordID>274292</EventRecordID><Correlation ActivityID='{d674bba0-1160-0000-82bc-74d66011dd01}'/><Execution ProcessID='948' ThreadID='10828'/><Channel>Security</Channel><Computer>DESKTOP-15MLO7N</Computer><Security/></System><EventData><Data Name='TargetUserName'>Guest</Data><Data Name='TargetDomainName'>DESKTOP-15MLO7N</Data><Data Name='TargetSid'>S-1-5-21-4135273746-3520294150-535758031-501</Data><Data Name='SubjectUserSid'>S-1-5-18</Data><Data Name='SubjectUserName'>DESKTOP-15MLO7N$</Data><Data Name='SubjectDomainName'>WORKGROUP</Data><Data Name='SubjectLogonId'>0x3e7</Data><Data Name='CallerProcessId'>0x2a04</Data><Data Name='CallerProcessName'>C:\Windows\System32\svchost.exe</Data></EventData><RenderingInfo Culture='en-IN'><Message>A user's local group membership was enumerated.

Subject:
	Security ID:		S-1-5-18
	Account Name:		DESKTOP-15MLO7N$
	Account Domain:		WORKGROUP
	Logon ID:		0x3E7

User:
	Security ID:		S-1-5-21-4135273746-3520294150-535758031-501
	Account Name:		Guest
	Account Domain:		DESKTOP-15MLO7N

Process Information:
	Process ID:		0x2a04
	Process Name:		C:\Windows\System32\svchost.exe</Message><Level>Information</Level><Task>User Account Management</Task><Opcode>Info</Opcode><Channel>Security</Channel><Provider>Microsoft Windows security auditing.</Provider><Keywords><Keyword>Audit Success</Keyword></Keywords></RenderingInfo></Event><Event xmlns='http://schemas.microsoft.com/win/2004/08/events/event'><System><Provider Name='Microsoft-Windows-Security-Auditing' Guid='{54849625-5478-4994-a5ba-3e3b0328c30d}'/><EventID>4798</EventID><Version>0</Version><Level>0</Level><Task>13824</Task><Opcode>0</Opcode><Keywords>0x8020000000000000</Keywords><TimeCreated SystemTime='2026-07-16T10:47:08.9998060Z'/><EventRecordID>274291</EventRecordID><Correlation ActivityID='{d674bba0-1160-0000-82bc-74d66011dd01}'/><Execution ProcessID='948' ThreadID='10828'/><Channel>Security</Channel><Computer>DESKTOP-15MLO7N</Computer><Security/></System><EventData><Data Name='TargetUserName'>DefaultAccount</Data><Data Name='TargetDomainName'>DESKTOP-15MLO7N</Data><Data Name='TargetSid'>S-1-5-21-4135273746-3520294150-535758031-503</Data><Data Name='SubjectUserSid'>S-1-5-18</Data><Data Name='SubjectUserName'>DESKTOP-15MLO7N$</Data><Data Name='SubjectDomainName'>WORKGROUP</Data><Data Name='SubjectLogonId'>0x3e7</Data><Data Name='CallerProcessId'>0x2a04</Data><Data Name='CallerProcessName'>C:\Windows\System32\svchost.exe</Data></EventData><RenderingInfo Culture='en-IN'><Message>A user's local group membership was enumerated.

Subject:
	Security ID:		S-1-5-18
	Account Name:		DESKTOP-15MLO7N$
	Account Domain:		WORKGROUP
	Logon ID:		0x3E7

User:
	Security ID:		S-1-5-21-4135273746-3520294150-535758031-503
	Account Name:		DefaultAccount
	Account Domain:		DESKTOP-15MLO7N

Process Information:
	Process ID:		0x2a04
	Process Name:		C:\Windows\System32\svchost.exe</Message><Level>Information</Level><Task>User Account Management</Task><Opcode>Info</Opcode><Channel>Security</Channel><Provider>Microsoft Windows security auditing.</Provider><Keywords><Keyword>Audit Success</Keyword></Keywords></RenderingInfo></Event><Event xmlns='http://schemas.microsoft.com/win/2004/08/events/event'><System><Provider Name='Microsoft-Windows-Security-Auditing' Guid='{54849625-5478-4994-a5ba-3e3b0328c30d}'/><EventID>4798</EventID><Version>0</Version><Level>0</Level><Task>13824</Task><Opcode>0</Opcode><Keywords>0x8020000000000000</Keywords><TimeCreated SystemTime='2026-07-16T10:47:08.9992215Z'/><EventRecordID>274290</EventRecordID><Correlation ActivityID='{d674bba0-1160-0000-82bc-74d66011dd01}'/><Execution ProcessID='948' ThreadID='10828'/><Channel>Security</Channel><Computer>DESKTOP-15MLO7N</Computer><Security/></System><EventData><Data Name='TargetUserName'>Administrator</Data><Data Name='TargetDomainName'>DESKTOP-15MLO7N</Data><Data Name='TargetSid'>S-1-5-21-4135273746-3520294150-535758031-500</Data><Data Name='SubjectUserSid'>S-1-5-18</Data><Data Name='SubjectUserName'>DESKTOP-15MLO7N$</Data><Data Name='SubjectDomainName'>WORKGROUP</Data><Data Name='SubjectLogonId'>0x3e7</Data><Data Name='CallerProcessId'>0x2a04</Data><Data Name='CallerProcessName'>C:\Windows\System32\svchost.exe</Data></EventData><RenderingInfo Culture='en-IN'><Message>A user's local group membership was enumerated.

Subject:
	Security ID:		S-1-5-18
	Account Name:		DESKTOP-15MLO7N$
	Account Domain:		WORKGROUP
	Logon ID:		0x3E7

User:
	Security ID:		S-1-5-21-4135273746-3520294150-535758031-500
	Account Name:		Administrator
	Account Domain:		DESKTOP-15MLO7N

Process Information:
	Process ID:		0x2a04
	Process Name:		C:\Windows\System32\svchost.exe</Message><Level>Information</Level><Task>User Account Management</Task><Opcode>Info</Opcode><Channel>Security</Channel><Provider>Microsoft Windows security auditing.</Provider><Keywords><Keyword>Audit Success</Keyword></Keywords></RenderingInfo></Event><Event xmlns='http://schemas.microsoft.com/win/2004/08/events/event'><System><Provider Name='Microsoft-Windows-Security-Auditing' Guid='{54849625-5478-4994-a5ba-3e3b0328c30d}'/><EventID>4798</EventID><Version>0</Version><Level>0</Level><Task>13824</Task><Opcode>0</Opcode><Keywords>0x8020000000000000</Keywords><TimeCreated SystemTime='2026-07-16T10:47:08.9949507Z'/><EventRecordID>274289</EventRecordID><Correlation ActivityID='{d674bba0-1160-0000-82bc-74d66011dd01}'/><Execution ProcessID='948' ThreadID='10828'/><Channel>Security</Channel><Computer>DESKTOP-15MLO7N</Computer><Security/></System><EventData><Data Name='TargetUserName'>parma</Data><Data Name='TargetDomainName'>DESKTOP-15MLO7N</Data><Data Name='TargetSid'>S-1-5-21-4135273746-3520294150-535758031-1001</Data><Data Name='SubjectUserSid'>S-1-5-18</Data><Data Name='SubjectUserName'>DESKTOP-15MLO7N$</Data><Data Name='SubjectDomainName'>WORKGROUP</Data><Data Name='SubjectLogonId'>0x3e7</Data><Data Name='CallerProcessId'>0x2a04</Data><Data Name='CallerProcessName'>C:\Windows\System32\svchost.exe</Data></EventData><RenderingInfo Culture='en-IN'><Message>A user's local group membership was enumerated.

Subject:
	Security ID:		S-1-5-18
	Account Name:		DESKTOP-15MLO7N$
	Account Domain:		WORKGROUP
	Logon ID:		0x3E7

User:
	Security ID:		S-1-5-21-4135273746-3520294150-535758031-1001
	Account Name:		parma
	Account Domain:		DESKTOP-15MLO7N

Process Information:
	Process ID:		0x2a04
	Process Name:		C:\Windows\System32\svchost.exe</Message><Level>Information</Level><Task>User Account Management</Task><Opcode>Info</Opcode><Channel>Security</Channel><Provider>Microsoft Windows security auditing.</Provider><Keywords><Keyword>Audit Success</Keyword></Keywords></RenderingInfo></Event><Event xmlns='http://schemas.microsoft.com/win/2004/08/events/event'><System><Provider Name='Microsoft-Windows-Security-Auditing' Guid='{54849625-5478-4994-a5ba-3e3b0328c30d}'/><EventID>4798</EventID><Version>0</Version><Level>0</Level><Task>13824</Task><Opcode>0</Opcode><Keywords>0x8020000000000000</Keywords><TimeCreated SystemTime='2026-07-16T10:47:08.9943542Z'/><EventRecordID>274288</EventRecordID><Correlation ActivityID='{d674bba0-1160-0000-82bc-74d66011dd01}'/><Execution ProcessID='948' ThreadID='10828'/><Channel>Security</Channel><Computer>DESKTOP-15MLO7N</Computer><Security/></System><EventData><Data Name='TargetUserName'>Guest</Data><Data Name='TargetDomainName'>DESKTOP-15MLO7N</Data><Data Name='TargetSid'>S-1-5-21-4135273746-3520294150-535758031-501</Data><Data Name='SubjectUserSid'>S-1-5-18</Data><Data Name='SubjectUserName'>DESKTOP-15MLO7N$</Data><Data Name='SubjectDomainName'>WORKGROUP</Data><Data Name='SubjectLogonId'>0x3e7</Data><Data Name='CallerProcessId'>0x2a04</Data><Data Name='CallerProcessName'>C:\Windows\System32\svchost.exe</Data></EventData><RenderingInfo Culture='en-IN'><Message>A user's local group membership was enumerated.

Subject:
	Security ID:		S-1-5-18
	Account Name:		DESKTOP-15MLO7N$
	Account Domain:		WORKGROUP
	Logon ID:		0x3E7

User:
	Security ID:		S-1-5-21-4135273746-3520294150-535758031-501
	Account Name:		Guest
	Account Domain:		DESKTOP-15MLO7N

Process Information:
	Process ID:		0x2a04
	Process Name:		C:\Windows\System32\svchost.exe</Message><Level>Information</Level><Task>User Account Management</Task><Opcode>Info</Opcode><Channel>Security</Channel><Provider>Microsoft Windows security auditing.</Provider><Keywords><Keyword>Audit Success</Keyword></Keywords></RenderingInfo></Event><Event xmlns='http://schemas.microsoft.com/win/2004/08/events/event'><System><Provider Name='Microsoft-Windows-Security-Auditing' Guid='{54849625-5478-4994-a5ba-3e3b0328c30d}'/><EventID>4798</EventID><Version>0</Version><Level>0</Level><Task>13824</Task><Opcode>0</Opcode><Keywords>0x8020000000000000</Keywords><TimeCreated SystemTime='2026-07-16T10:47:08.9937859Z'/><EventRecordID>274287</EventRecordID><Correlation ActivityID='{d674bba0-1160-0000-82bc-74d66011dd01}'/><Execution ProcessID='948' ThreadID='10828'/><Channel>Security</Channel><Computer>DESKTOP-15MLO7N</Computer><Security/></System><EventData><Data Name='TargetUserName'>DefaultAccount</Data><Data Name='TargetDomainName'>DESKTOP-15MLO7N</Data><Data Name='TargetSid'>S-1-5-21-4135273746-3520294150-535758031-503</Data><Data Name='SubjectUserSid'>S-1-5-18</Data><Data Name='SubjectUserName'>DESKTOP-15MLO7N$</Data><Data Name='SubjectDomainName'>WORKGROUP</Data><Data Name='SubjectLogonId'>0x3e7</Data><Data Name='CallerProcessId'>0x2a04</Data><Data Name='CallerProcessName'>C:\Windows\System32\svchost.exe</Data></EventData><RenderingInfo Culture='en-IN'><Message>A user's local group membership was enumerated.

Subject:
	Security ID:		S-1-5-18
	Account Name:		DESKTOP-15MLO7N$
	Account Domain:		WORKGROUP
	Logon ID:		0x3E7

User:
	Security ID:		S-1-5-21-4135273746-3520294150-535758031-503
	Account Name:		DefaultAccount
	Account Domain:		DESKTOP-15MLO7N

Process Information:
	Process ID:		0x2a04
	Process Name:		C:\Windows\System32\svchost.exe</Message><Level>Information</Level><Task>User Account Management</Task><Opcode>Info</Opcode><Channel>Security</Channel><Provider>Microsoft Windows security auditing.</Provider><Keywords><Keyword>Audit Success</Keyword></Keywords></RenderingInfo></Event><Event xmlns='http://schemas.microsoft.com/win/2004/08/events/event'><System><Provider Name='Microsoft-Windows-Security-Auditing' Guid='{54849625-5478-4994-a5ba-3e3b0328c30d}'/><EventID>4798</EventID><Version>0</Version><Level>0</Level><Task>13824</Task><Opcode>0</Opcode><Keywords>0x8020000000000000</Keywords><TimeCreated SystemTime='2026-07-16T10:47:08.9931945Z'/><EventRecordID>274286</EventRecordID><Correlation ActivityID='{d674bba0-1160-0000-82bc-74d66011dd01}'/><Execution ProcessID='948' ThreadID='10828'/><Channel>Security</Channel><Computer>DESKTOP-15MLO7N</Computer><Security/></System><EventData><Data Name='TargetUserName'>Administrator</Data><Data Name='TargetDomainName'>DESKTOP-15MLO7N</Data><Data Name='TargetSid'>S-1-5-21-4135273746-3520294150-535758031-500</Data><Data Name='SubjectUserSid'>S-1-5-18</Data><Data Name='SubjectUserName'>DESKTOP-15MLO7N$</Data><Data Name='SubjectDomainName'>WORKGROUP</Data><Data Name='SubjectLogonId'>0x3e7</Data><Data Name='CallerProcessId'>0x2a04</Data><Data Name='CallerProcessName'>C:\Windows\System32\svchost.exe</Data></EventData><RenderingInfo Culture='en-IN'><Message>A user's local group membership was enumerated.

Subject:
	Security ID:		S-1-5-18
	Account Name:		DESKTOP-15MLO7N$
	Account Domain:		WORKGROUP
	Logon ID:		0x3E7

User:
	Security ID:		S-1-5-21-4135273746-3520294150-535758031-500
	Account Name:		Administrator
	Account Domain:		DESKTOP-15MLO7N

Process Information:
	Process ID:		0x2a04
	Process Name:		C:\Windows\System32\svchost.exe</Message><Level>Information</Level><Task>User Account Management</Task><Opcode>Info</Opcode><Channel>Security</Channel><Provider>Microsoft Windows security auditing.</Provider><Keywords><Keyword>Audit Success</Keyword></Keywords></RenderingInfo></Event><Event xmlns='http://schemas.microsoft.com/win/2004/08/events/event'><System><Provider Name='Microsoft-Windows-Security-Auditing' Guid='{54849625-5478-4994-a5ba-3e3b0328c30d}'/><EventID>4798</EventID><Version>0</Version><Level>0</Level><Task>13824</Task><Opcode>0</Opcode><Keywords>0x8020000000000000</Keywords><TimeCreated SystemTime='2026-07-16T10:47:03.2969569Z'/><EventRecordID>274285</EventRecordID><Correlation ActivityID='{d674bba0-1160-0000-82bc-74d66011dd01}'/><Execution ProcessID='948' ThreadID='11152'/><Channel>Security</Channel><Computer>DESKTOP-15MLO7N</Computer><Security/></System><EventData><Data Name='TargetUserName'>parma</Data><Data Name='TargetDomainName'>DESKTOP-15MLO7N</Data><Data Name='TargetSid'>S-1-5-21-4135273746-3520294150-535758031-1001</Data><Data Name='SubjectUserSid'>S-1-5-18</Data><Data Name='SubjectUserName'>DESKTOP-15MLO7N$</Data><Data Name='SubjectDomainName'>WORKGROUP</Data><Data Name='SubjectLogonId'>0x3e7</Data><Data Name='CallerProcessId'>0x2a04</Data><Data Name='CallerProcessName'>C:\Windows\System32\svchost.exe</Data></EventData><RenderingInfo Culture='en-IN'><Message>A user's local group membership was enumerated.

Subject:
	Security ID:		S-1-5-18
	Account Name:		DESKTOP-15MLO7N$
	Account Domain:		WORKGROUP
	Logon ID:		0x3E7

User:
	Security ID:		S-1-5-21-4135273746-3520294150-535758031-1001
	Account Name:		parma
	Account Domain:		DESKTOP-15MLO7N

Process Information:
	Process ID:		0x2a04
	Process Name:		C:\Windows\System32\svchost.exe</Message><Level>Information</Level><Task>User Account Management</Task><Opcode>Info</Opcode><Channel>Security</Channel><Provider>Microsoft Windows security auditing.</Provider><Keywords><Keyword>Audit Success</Keyword></Keywords></RenderingInfo></Event><Event xmlns='http://schemas.microsoft.com/win/2004/08/events/event'><System><Provider Name='Microsoft-Windows-Security-Auditing' Guid='{54849625-5478-4994-a5ba-3e3b0328c30d}'/><EventID>4798</EventID><Version>0</Version><Level>0</Level><Task>13824</Task><Opcode>0</Opcode><Keywords>0x8020000000000000</Keywords><TimeCreated SystemTime='2026-07-16T10:47:03.2958530Z'/><EventRecordID>274284</EventRecordID><Correlation ActivityID='{d674bba0-1160-0000-82bc-74d66011dd01}'/><Execution ProcessID='948' ThreadID='11152'/><Channel>Security</Channel><Computer>DESKTOP-15MLO7N</Computer><Security/></System><EventData><Data Name='TargetUserName'>Guest</Data><Data Name='TargetDomainName'>DESKTOP-15MLO7N</Data><Data Name='TargetSid'>S-1-5-21-4135273746-3520294150-535758031-501</Data><Data Name='SubjectUserSid'>S-1-5-18</Data><Data Name='SubjectUserName'>DESKTOP-15MLO7N$</Data><Data Name='SubjectDomainName'>WORKGROUP</Data><Data Name='SubjectLogonId'>0x3e7</Data><Data Name='CallerProcessId'>0x2a04</Data><Data Name='CallerProcessName'>C:\Windows\System32\svchost.exe</Data></EventData><RenderingInfo Culture='en-IN'><Message>A user's local group membership was enumerated.

Subject:
	Security ID:		S-1-5-18
	Account Name:		DESKTOP-15MLO7N$
	Account Domain:		WORKGROUP
	Logon ID:		0x3E7

User:
	Security ID:		S-1-5-21-4135273746-3520294150-535758031-501
	Account Name:		Guest
	Account Domain:		DESKTOP-15MLO7N

Process Information:
	Process ID:		0x2a04
	Process Name:		C:\Windows\System32\svchost.exe</Message><Level>Information</Level><Task>User Account Management</Task><Opcode>Info</Opcode><Channel>Security</Channel><Provider>Microsoft Windows security auditing.</Provider><Keywords><Keyword>Audit Success</Keyword></Keywords></RenderingInfo></Event>