<Event xmlns='http://schemas.microsoft.com/win/2004/08/events/event'><System><Provider Name='Microsoft-Windows-Security-Auditing' Guid='{54849625-5478-4994-a5ba-3e3b0328c30d}'/><EventID>4798</EventID><Version>0</Version><Level>0</Level><Task>13824</Task><Opcode>0</Opcode><Keywords>0x8020000000000000</Keywords><TimeCreated SystemTime='2026-07-16T10:57:36.4963336Z'/><EventRecordID>275000</EventRecordID><Correlation ActivityID='{d674bba0-1160-0000-82bc-74d66011dd01}'/><Execution ProcessID='948' ThreadID='12412'/><Channel>Security</Channel><Computer>DESKTOP-15MLO7N</Computer><Security/></System><EventData><Data Name='TargetUserName'>parma</Data><Data Name='TargetDomainName'>DESKTOP-15MLO7N</Data><Data Name='TargetSid'>S-1-5-21-4135273746-3520294150-535758031-1001</Data><Data Name='SubjectUserSid'>S-1-5-18</Data><Data Name='SubjectUserName'>DESKTOP-15MLO7N$</Data><Data Name='SubjectDomainName'>WORKGROUP</Data><Data Name='SubjectLogonId'>0x3e7</Data><Data Name='CallerProcessId'>0x2a04</Data><Data Name='CallerProcessName'>C:\Windows\System32\svchost.exe</Data></EventData><RenderingInfo Culture='en-IN'><Message>A user's local group membership was enumerated.

Subject:
	Security ID:		S-1-5-18
	Account Name:		DESKTOP-15MLO7N$
	Account Domain:		WORKGROUP
	Logon ID:		0x3E7

User:
	Security ID:		S-1-5-21-4135273746-3520294150-535758031-1001
	Account Name:		parma
	Account Domain:		DESKTOP-15MLO7N

Process Information:
	Process ID:		0x2a04
	Process Name:		C:\Windows\System32\svchost.exe</Message><Level>Information</Level><Task>User Account Management</Task><Opcode>Info</Opcode><Channel>Security</Channel><Provider>Microsoft Windows security auditing.</Provider><Keywords><Keyword>Audit Success</Keyword></Keywords></RenderingInfo></Event><Event xmlns='http://schemas.microsoft.com/win/2004/08/events/event'><System><Provider Name='Microsoft-Windows-Security-Auditing' Guid='{54849625-5478-4994-a5ba-3e3b0328c30d}'/><EventID>4798</EventID><Version>0</Version><Level>0</Level><Task>13824</Task><Opcode>0</Opcode><Keywords>0x8020000000000000</Keywords><TimeCreated SystemTime='2026-07-16T10:57:36.4954754Z'/><EventRecordID>274999</EventRecordID><Correlation ActivityID='{d674bba0-1160-0000-82bc-74d66011dd01}'/><Execution ProcessID='948' ThreadID='12412'/><Channel>Security</Channel><Computer>DESKTOP-15MLO7N</Computer><Security/></System><EventData><Data Name='TargetUserName'>Guest</Data><Data Name='TargetDomainName'>DESKTOP-15MLO7N</Data><Data Name='TargetSid'>S-1-5-21-4135273746-3520294150-535758031-501</Data><Data Name='SubjectUserSid'>S-1-5-18</Data><Data Name='SubjectUserName'>DESKTOP-15MLO7N$</Data><Data Name='SubjectDomainName'>WORKGROUP</Data><Data Name='SubjectLogonId'>0x3e7</Data><Data Name='CallerProcessId'>0x2a04</Data><Data Name='CallerProcessName'>C:\Windows\System32\svchost.exe</Data></EventData><RenderingInfo Culture='en-IN'><Message>A user's local group membership was enumerated.

Subject:
	Security ID:		S-1-5-18
	Account Name:		DESKTOP-15MLO7N$
	Account Domain:		WORKGROUP
	Logon ID:		0x3E7

User:
	Security ID:		S-1-5-21-4135273746-3520294150-535758031-501
	Account Name:		Guest
	Account Domain:		DESKTOP-15MLO7N

Process Information:
	Process ID:		0x2a04
	Process Name:		C:\Windows\System32\svchost.exe</Message><Level>Information</Level><Task>User Account Management</Task><Opcode>Info</Opcode><Channel>Security</Channel><Provider>Microsoft Windows security auditing.</Provider><Keywords><Keyword>Audit Success</Keyword></Keywords></RenderingInfo></Event><Event xmlns='http://schemas.microsoft.com/win/2004/08/events/event'><System><Provider Name='Microsoft-Windows-Security-Auditing' Guid='{54849625-5478-4994-a5ba-3e3b0328c30d}'/><EventID>4798</EventID><Version>0</Version><Level>0</Level><Task>13824</Task><Opcode>0</Opcode><Keywords>0x8020000000000000</Keywords><TimeCreated SystemTime='2026-07-16T10:57:36.4946462Z'/><EventRecordID>274998</EventRecordID><Correlation ActivityID='{d674bba0-1160-0000-82bc-74d66011dd01}'/><Execution ProcessID='948' ThreadID='12412'/><Channel>Security</Channel><Computer>DESKTOP-15MLO7N</Computer><Security/></System><EventData><Data Name='TargetUserName'>DefaultAccount</Data><Data Name='TargetDomainName'>DESKTOP-15MLO7N</Data><Data Name='TargetSid'>S-1-5-21-4135273746-3520294150-535758031-503</Data><Data Name='SubjectUserSid'>S-1-5-18</Data><Data Name='SubjectUserName'>DESKTOP-15MLO7N$</Data><Data Name='SubjectDomainName'>WORKGROUP</Data><Data Name='SubjectLogonId'>0x3e7</Data><Data Name='CallerProcessId'>0x2a04</Data><Data Name='CallerProcessName'>C:\Windows\System32\svchost.exe</Data></EventData><RenderingInfo Culture='en-IN'><Message>A user's local group membership was enumerated.

Subject:
	Security ID:		S-1-5-18
	Account Name:		DESKTOP-15MLO7N$
	Account Domain:		WORKGROUP
	Logon ID:		0x3E7

User:
	Security ID:		S-1-5-21-4135273746-3520294150-535758031-503
	Account Name:		DefaultAccount
	Account Domain:		DESKTOP-15MLO7N

Process Information:
	Process ID:		0x2a04
	Process Name:		C:\Windows\System32\svchost.exe</Message><Level>Information</Level><Task>User Account Management</Task><Opcode>Info</Opcode><Channel>Security</Channel><Provider>Microsoft Windows security auditing.</Provider><Keywords><Keyword>Audit Success</Keyword></Keywords></RenderingInfo></Event><Event xmlns='http://schemas.microsoft.com/win/2004/08/events/event'><System><Provider Name='Microsoft-Windows-Security-Auditing' Guid='{54849625-5478-4994-a5ba-3e3b0328c30d}'/><EventID>4798</EventID><Version>0</Version><Level>0</Level><Task>13824</Task><Opcode>0</Opcode><Keywords>0x8020000000000000</Keywords><TimeCreated SystemTime='2026-07-16T10:57:36.4937995Z'/><EventRecordID>274997</EventRecordID><Correlation ActivityID='{d674bba0-1160-0000-82bc-74d66011dd01}'/><Execution ProcessID='948' ThreadID='12412'/><Channel>Security</Channel><Computer>DESKTOP-15MLO7N</Computer><Security/></System><EventData><Data Name='TargetUserName'>Administrator</Data><Data Name='TargetDomainName'>DESKTOP-15MLO7N</Data><Data Name='TargetSid'>S-1-5-21-4135273746-3520294150-535758031-500</Data><Data Name='SubjectUserSid'>S-1-5-18</Data><Data Name='SubjectUserName'>DESKTOP-15MLO7N$</Data><Data Name='SubjectDomainName'>WORKGROUP</Data><Data Name='SubjectLogonId'>0x3e7</Data><Data Name='CallerProcessId'>0x2a04</Data><Data Name='CallerProcessName'>C:\Windows\System32\svchost.exe</Data></EventData><RenderingInfo Culture='en-IN'><Message>A user's local group membership was enumerated.

Subject:
	Security ID:		S-1-5-18
	Account Name:		DESKTOP-15MLO7N$
	Account Domain:		WORKGROUP
	Logon ID:		0x3E7

User:
	Security ID:		S-1-5-21-4135273746-3520294150-535758031-500
	Account Name:		Administrator
	Account Domain:		DESKTOP-15MLO7N

Process Information:
	Process ID:		0x2a04
	Process Name:		C:\Windows\System32\svchost.exe</Message><Level>Information</Level><Task>User Account Management</Task><Opcode>Info</Opcode><Channel>Security</Channel><Provider>Microsoft Windows security auditing.</Provider><Keywords><Keyword>Audit Success</Keyword></Keywords></RenderingInfo></Event><Event xmlns='http://schemas.microsoft.com/win/2004/08/events/event'><System><Provider Name='Microsoft-Windows-Security-Auditing' Guid='{54849625-5478-4994-a5ba-3e3b0328c30d}'/><EventID>4798</EventID><Version>0</Version><Level>0</Level><Task>13824</Task><Opcode>0</Opcode><Keywords>0x8020000000000000</Keywords><TimeCreated SystemTime='2026-07-16T10:57:36.4881327Z'/><EventRecordID>274996</EventRecordID><Correlation ActivityID='{d674bba0-1160-0000-82bc-74d66011dd01}'/><Execution ProcessID='948' ThreadID='11152'/><Channel>Security</Channel><Computer>DESKTOP-15MLO7N</Computer><Security/></System><EventData><Data Name='TargetUserName'>parma</Data><Data Name='TargetDomainName'>DESKTOP-15MLO7N</Data><Data Name='TargetSid'>S-1-5-21-4135273746-3520294150-535758031-1001</Data><Data Name='SubjectUserSid'>S-1-5-18</Data><Data Name='SubjectUserName'>DESKTOP-15MLO7N$</Data><Data Name='SubjectDomainName'>WORKGROUP</Data><Data Name='SubjectLogonId'>0x3e7</Data><Data Name='CallerProcessId'>0x2a04</Data><Data Name='CallerProcessName'>C:\Windows\System32\svchost.exe</Data></EventData><RenderingInfo Culture='en-IN'><Message>A user's local group membership was enumerated.

Subject:
	Security ID:		S-1-5-18
	Account Name:		DESKTOP-15MLO7N$
	Account Domain:		WORKGROUP
	Logon ID:		0x3E7

User:
	Security ID:		S-1-5-21-4135273746-3520294150-535758031-1001
	Account Name:		parma
	Account Domain:		DESKTOP-15MLO7N

Process Information:
	Process ID:		0x2a04
	Process Name:		C:\Windows\System32\svchost.exe</Message><Level>Information</Level><Task>User Account Management</Task><Opcode>Info</Opcode><Channel>Security</Channel><Provider>Microsoft Windows security auditing.</Provider><Keywords><Keyword>Audit Success</Keyword></Keywords></RenderingInfo></Event><Event xmlns='http://schemas.microsoft.com/win/2004/08/events/event'><System><Provider Name='Microsoft-Windows-Security-Auditing' Guid='{54849625-5478-4994-a5ba-3e3b0328c30d}'/><EventID>4798</EventID><Version>0</Version><Level>0</Level><Task>13824</Task><Opcode>0</Opcode><Keywords>0x8020000000000000</Keywords><TimeCreated SystemTime='2026-07-16T10:57:36.4873741Z'/><EventRecordID>274995</EventRecordID><Correlation ActivityID='{d674bba0-1160-0000-82bc-74d66011dd01}'/><Execution ProcessID='948' ThreadID='11152'/><Channel>Security</Channel><Computer>DESKTOP-15MLO7N</Computer><Security/></System><EventData><Data Name='TargetUserName'>Guest</Data><Data Name='TargetDomainName'>DESKTOP-15MLO7N</Data><Data Name='TargetSid'>S-1-5-21-4135273746-3520294150-535758031-501</Data><Data Name='SubjectUserSid'>S-1-5-18</Data><Data Name='SubjectUserName'>DESKTOP-15MLO7N$</Data><Data Name='SubjectDomainName'>WORKGROUP</Data><Data Name='SubjectLogonId'>0x3e7</Data><Data Name='CallerProcessId'>0x2a04</Data><Data Name='CallerProcessName'>C:\Windows\System32\svchost.exe</Data></EventData><RenderingInfo Culture='en-IN'><Message>A user's local group membership was enumerated.

Subject:
	Security ID:		S-1-5-18
	Account Name:		DESKTOP-15MLO7N$
	Account Domain:		WORKGROUP
	Logon ID:		0x3E7

User:
	Security ID:		S-1-5-21-4135273746-3520294150-535758031-501
	Account Name:		Guest
	Account Domain:		DESKTOP-15MLO7N

Process Information:
	Process ID:		0x2a04
	Process Name:		C:\Windows\System32\svchost.exe</Message><Level>Information</Level><Task>User Account Management</Task><Opcode>Info</Opcode><Channel>Security</Channel><Provider>Microsoft Windows security auditing.</Provider><Keywords><Keyword>Audit Success</Keyword></Keywords></RenderingInfo></Event><Event xmlns='http://schemas.microsoft.com/win/2004/08/events/event'><System><Provider Name='Microsoft-Windows-Security-Auditing' Guid='{54849625-5478-4994-a5ba-3e3b0328c30d}'/><EventID>4798</EventID><Version>0</Version><Level>0</Level><Task>13824</Task><Opcode>0</Opcode><Keywords>0x8020000000000000</Keywords><TimeCreated SystemTime='2026-07-16T10:57:36.4864419Z'/><EventRecordID>274994</EventRecordID><Correlation ActivityID='{d674bba0-1160-0000-82bc-74d66011dd01}'/><Execution ProcessID='948' ThreadID='11152'/><Channel>Security</Channel><Computer>DESKTOP-15MLO7N</Computer><Security/></System><EventData><Data Name='TargetUserName'>DefaultAccount</Data><Data Name='TargetDomainName'>DESKTOP-15MLO7N</Data><Data Name='TargetSid'>S-1-5-21-4135273746-3520294150-535758031-503</Data><Data Name='SubjectUserSid'>S-1-5-18</Data><Data Name='SubjectUserName'>DESKTOP-15MLO7N$</Data><Data Name='SubjectDomainName'>WORKGROUP</Data><Data Name='SubjectLogonId'>0x3e7</Data><Data Name='CallerProcessId'>0x2a04</Data><Data Name='CallerProcessName'>C:\Windows\System32\svchost.exe</Data></EventData><RenderingInfo Culture='en-IN'><Message>A user's local group membership was enumerated.

Subject:
	Security ID:		S-1-5-18
	Account Name:		DESKTOP-15MLO7N$
	Account Domain:		WORKGROUP
	Logon ID:		0x3E7

User:
	Security ID:		S-1-5-21-4135273746-3520294150-535758031-503
	Account Name:		DefaultAccount
	Account Domain:		DESKTOP-15MLO7N

Process Information:
	Process ID:		0x2a04
	Process Name:		C:\Windows\System32\svchost.exe</Message><Level>Information</Level><Task>User Account Management</Task><Opcode>Info</Opcode><Channel>Security</Channel><Provider>Microsoft Windows security auditing.</Provider><Keywords><Keyword>Audit Success</Keyword></Keywords></RenderingInfo></Event><Event xmlns='http://schemas.microsoft.com/win/2004/08/events/event'><System><Provider Name='Microsoft-Windows-Security-Auditing' Guid='{54849625-5478-4994-a5ba-3e3b0328c30d}'/><EventID>4798</EventID><Version>0</Version><Level>0</Level><Task>13824</Task><Opcode>0</Opcode><Keywords>0x8020000000000000</Keywords><TimeCreated SystemTime='2026-07-16T10:57:36.4858677Z'/><EventRecordID>274993</EventRecordID><Correlation ActivityID='{d674bba0-1160-0000-82bc-74d66011dd01}'/><Execution ProcessID='948' ThreadID='11152'/><Channel>Security</Channel><Computer>DESKTOP-15MLO7N</Computer><Security/></System><EventData><Data Name='TargetUserName'>Administrator</Data><Data Name='TargetDomainName'>DESKTOP-15MLO7N</Data><Data Name='TargetSid'>S-1-5-21-4135273746-3520294150-535758031-500</Data><Data Name='SubjectUserSid'>S-1-5-18</Data><Data Name='SubjectUserName'>DESKTOP-15MLO7N$</Data><Data Name='SubjectDomainName'>WORKGROUP</Data><Data Name='SubjectLogonId'>0x3e7</Data><Data Name='CallerProcessId'>0x2a04</Data><Data Name='CallerProcessName'>C:\Windows\System32\svchost.exe</Data></EventData><RenderingInfo Culture='en-IN'><Message>A user's local group membership was enumerated.

Subject:
	Security ID:		S-1-5-18
	Account Name:		DESKTOP-15MLO7N$
	Account Domain:		WORKGROUP
	Logon ID:		0x3E7

User:
	Security ID:		S-1-5-21-4135273746-3520294150-535758031-500
	Account Name:		Administrator
	Account Domain:		DESKTOP-15MLO7N

Process Information:
	Process ID:		0x2a04
	Process Name:		C:\Windows\System32\svchost.exe</Message><Level>Information</Level><Task>User Account Management</Task><Opcode>Info</Opcode><Channel>Security</Channel><Provider>Microsoft Windows security auditing.</Provider><Keywords><Keyword>Audit Success</Keyword></Keywords></RenderingInfo></Event><Event xmlns='http://schemas.microsoft.com/win/2004/08/events/event'><System><Provider Name='Microsoft-Windows-Security-Auditing' Guid='{54849625-5478-4994-a5ba-3e3b0328c30d}'/><EventID>5382</EventID><Version>0</Version><Level>0</Level><Task>13824</Task><Opcode>0</Opcode><Keywords>0x8020000000000000</Keywords><TimeCreated SystemTime='2026-07-16T10:57:08.6086704Z'/><EventRecordID>274992</EventRecordID><Correlation/><Execution ProcessID='948' ThreadID='11152'/><Channel>Security</Channel><Computer>DESKTOP-15MLO7N</Computer><Security/></System><EventData><Data Name='SubjectUserSid'>S-1-5-18</Data><Data Name='SubjectUserName'>DESKTOP-15MLO7N$</Data><Data Name='SubjectDomainName'>WORKGROUP</Data><Data Name='SubjectLogonId'>0x3e7</Data><Data Name='SchemaFriendlyName'>NGC Local Accoount Logon Vault Resource Schema</Data><Data Name='Schema'>{1d4350a3-330d-4af9-b3ff-a927a45998ac}</Data><Data Name='Resource'>NGC Local Accoount Logon Vault Resource</Data><Data Name='Identity'>01050000000000051500000012457BF6066DD3D1CF04EF1FE9030000</Data><Data Name='PackageSid'></Data><Data Name='Flags'>0</Data><Data Name='ReturnCode'>1168</Data><Data Name='ProcessCreationTime'>2026-07-11T18:15:47.5849929Z</Data><Data Name='ClientProcessId'>6516</Data></EventData><RenderingInfo Culture='en-IN'><Message>Vault credentials were read.

Subject:
	Security ID:		S-1-5-18
	Account Name:		DESKTOP-15MLO7N$
	Account Domain:		WORKGROUP
	Logon ID:		0x3E7

This event occurs when a user reads a stored vault credential.</Message><Level>Information</Level><Task>User Account Management</Task><Opcode>Info</Opcode><Channel>Security</Channel><Provider>Microsoft Windows security auditing.</Provider><Keywords><Keyword>Audit Success</Keyword></Keywords></RenderingInfo></Event><Event xmlns='http://schemas.microsoft.com/win/2004/08/events/event'><System><Provider Name='Microsoft-Windows-Security-Auditing' Guid='{54849625-5478-4994-a5ba-3e3b0328c30d}'/><EventID>4798</EventID><Version>0</Version><Level>0</Level><Task>13824</Task><Opcode>0</Opcode><Keywords>0x8020000000000000</Keywords><TimeCreated SystemTime='2026-07-16T10:56:20.0330105Z'/><EventRecordID>274991</EventRecordID><Correlation ActivityID='{d674bba0-1160-0000-82bc-74d66011dd01}'/><Execution ProcessID='948' ThreadID='12468'/><Channel>Security</Channel><Computer>DESKTOP-15MLO7N</Computer><Security/></System><EventData><Data Name='TargetUserName'>parma</Data><Data Name='TargetDomainName'>DESKTOP-15MLO7N</Data><Data Name='TargetSid'>S-1-5-21-4135273746-3520294150-535758031-1001</Data><Data Name='SubjectUserSid'>S-1-5-18</Data><Data Name='SubjectUserName'>DESKTOP-15MLO7N$</Data><Data Name='SubjectDomainName'>WORKGROUP</Data><Data Name='SubjectLogonId'>0x3e7</Data><Data Name='CallerProcessId'>0x2a04</Data><Data Name='CallerProcessName'>C:\Windows\System32\svchost.exe</Data></EventData><RenderingInfo Culture='en-IN'><Message>A user's local group membership was enumerated.

Subject:
	Security ID:		S-1-5-18
	Account Name:		DESKTOP-15MLO7N$
	Account Domain:		WORKGROUP
	Logon ID:		0x3E7

User:
	Security ID:		S-1-5-21-4135273746-3520294150-535758031-1001
	Account Name:		parma
	Account Domain:		DESKTOP-15MLO7N

Process Information:
	Process ID:		0x2a04
	Process Name:		C:\Windows\System32\svchost.exe</Message><Level>Information</Level><Task>User Account Management</Task><Opcode>Info</Opcode><Channel>Security</Channel><Provider>Microsoft Windows security auditing.</Provider><Keywords><Keyword>Audit Success</Keyword></Keywords></RenderingInfo></Event><Event xmlns='http://schemas.microsoft.com/win/2004/08/events/event'><System><Provider Name='Microsoft-Windows-Security-Auditing' Guid='{54849625-5478-4994-a5ba-3e3b0328c30d}'/><EventID>4798</EventID><Version>0</Version><Level>0</Level><Task>13824</Task><Opcode>0</Opcode><Keywords>0x8020000000000000</Keywords><TimeCreated SystemTime='2026-07-16T10:56:20.0321543Z'/><EventRecordID>274990</EventRecordID><Correlation ActivityID='{d674bba0-1160-0000-82bc-74d66011dd01}'/><Execution ProcessID='948' ThreadID='12468'/><Channel>Security</Channel><Computer>DESKTOP-15MLO7N</Computer><Security/></System><EventData><Data Name='TargetUserName'>Guest</Data><Data Name='TargetDomainName'>DESKTOP-15MLO7N</Data><Data Name='TargetSid'>S-1-5-21-4135273746-3520294150-535758031-501</Data><Data Name='SubjectUserSid'>S-1-5-18</Data><Data Name='SubjectUserName'>DESKTOP-15MLO7N$</Data><Data Name='SubjectDomainName'>WORKGROUP</Data><Data Name='SubjectLogonId'>0x3e7</Data><Data Name='CallerProcessId'>0x2a04</Data><Data Name='CallerProcessName'>C:\Windows\System32\svchost.exe</Data></EventData><RenderingInfo Culture='en-IN'><Message>A user's local group membership was enumerated.

Subject:
	Security ID:		S-1-5-18
	Account Name:		DESKTOP-15MLO7N$
	Account Domain:		WORKGROUP
	Logon ID:		0x3E7

User:
	Security ID:		S-1-5-21-4135273746-3520294150-535758031-501
	Account Name:		Guest
	Account Domain:		DESKTOP-15MLO7N

Process Information:
	Process ID:		0x2a04
	Process Name:		C:\Windows\System32\svchost.exe</Message><Level>Information</Level><Task>User Account Management</Task><Opcode>Info</Opcode><Channel>Security</Channel><Provider>Microsoft Windows security auditing.</Provider><Keywords><Keyword>Audit Success</Keyword></Keywords></RenderingInfo></Event><Event xmlns='http://schemas.microsoft.com/win/2004/08/events/event'><System><Provider Name='Microsoft-Windows-Security-Auditing' Guid='{54849625-5478-4994-a5ba-3e3b0328c30d}'/><EventID>4798</EventID><Version>0</Version><Level>0</Level><Task>13824</Task><Opcode>0</Opcode><Keywords>0x8020000000000000</Keywords><TimeCreated SystemTime='2026-07-16T10:56:20.0315751Z'/><EventRecordID>274989</EventRecordID><Correlation ActivityID='{d674bba0-1160-0000-82bc-74d66011dd01}'/><Execution ProcessID='948' ThreadID='12468'/><Channel>Security</Channel><Computer>DESKTOP-15MLO7N</Computer><Security/></System><EventData><Data Name='TargetUserName'>DefaultAccount</Data><Data Name='TargetDomainName'>DESKTOP-15MLO7N</Data><Data Name='TargetSid'>S-1-5-21-4135273746-3520294150-535758031-503</Data><Data Name='SubjectUserSid'>S-1-5-18</Data><Data Name='SubjectUserName'>DESKTOP-15MLO7N$</Data><Data Name='SubjectDomainName'>WORKGROUP</Data><Data Name='SubjectLogonId'>0x3e7</Data><Data Name='CallerProcessId'>0x2a04</Data><Data Name='CallerProcessName'>C:\Windows\System32\svchost.exe</Data></EventData><RenderingInfo Culture='en-IN'><Message>A user's local group membership was enumerated.

Subject:
	Security ID:		S-1-5-18
	Account Name:		DESKTOP-15MLO7N$
	Account Domain:		WORKGROUP
	Logon ID:		0x3E7

User:
	Security ID:		S-1-5-21-4135273746-3520294150-535758031-503
	Account Name:		DefaultAccount
	Account Domain:		DESKTOP-15MLO7N

Process Information:
	Process ID:		0x2a04
	Process Name:		C:\Windows\System32\svchost.exe</Message><Level>Information</Level><Task>User Account Management</Task><Opcode>Info</Opcode><Channel>Security</Channel><Provider>Microsoft Windows security auditing.</Provider><Keywords><Keyword>Audit Success</Keyword></Keywords></RenderingInfo></Event><Event xmlns='http://schemas.microsoft.com/win/2004/08/events/event'><System><Provider Name='Microsoft-Windows-Security-Auditing' Guid='{54849625-5478-4994-a5ba-3e3b0328c30d}'/><EventID>4798</EventID><Version>0</Version><Level>0</Level><Task>13824</Task><Opcode>0</Opcode><Keywords>0x8020000000000000</Keywords><TimeCreated SystemTime='2026-07-16T10:56:20.0307599Z'/><EventRecordID>274988</EventRecordID><Correlation ActivityID='{d674bba0-1160-0000-82bc-74d66011dd01}'/><Execution ProcessID='948' ThreadID='12468'/><Channel>Security</Channel><Computer>DESKTOP-15MLO7N</Computer><Security/></System><EventData><Data Name='TargetUserName'>Administrator</Data><Data Name='TargetDomainName'>DESKTOP-15MLO7N</Data><Data Name='TargetSid'>S-1-5-21-4135273746-3520294150-535758031-500</Data><Data Name='SubjectUserSid'>S-1-5-18</Data><Data Name='SubjectUserName'>DESKTOP-15MLO7N$</Data><Data Name='SubjectDomainName'>WORKGROUP</Data><Data Name='SubjectLogonId'>0x3e7</Data><Data Name='CallerProcessId'>0x2a04</Data><Data Name='CallerProcessName'>C:\Windows\System32\svchost.exe</Data></EventData><RenderingInfo Culture='en-IN'><Message>A user's local group membership was enumerated.

Subject:
	Security ID:		S-1-5-18
	Account Name:		DESKTOP-15MLO7N$
	Account Domain:		WORKGROUP
	Logon ID:		0x3E7

User:
	Security ID:		S-1-5-21-4135273746-3520294150-535758031-500
	Account Name:		Administrator
	Account Domain:		DESKTOP-15MLO7N

Process Information:
	Process ID:		0x2a04
	Process Name:		C:\Windows\System32\svchost.exe</Message><Level>Information</Level><Task>User Account Management</Task><Opcode>Info</Opcode><Channel>Security</Channel><Provider>Microsoft Windows security auditing.</Provider><Keywords><Keyword>Audit Success</Keyword></Keywords></RenderingInfo></Event><Event xmlns='http://schemas.microsoft.com/win/2004/08/events/event'><System><Provider Name='Microsoft-Windows-Security-Auditing' Guid='{54849625-5478-4994-a5ba-3e3b0328c30d}'/><EventID>4798</EventID><Version>0</Version><Level>0</Level><Task>13824</Task><Opcode>0</Opcode><Keywords>0x8020000000000000</Keywords><TimeCreated SystemTime='2026-07-16T10:56:20.0264167Z'/><EventRecordID>274987</EventRecordID><Correlation ActivityID='{d674bba0-1160-0000-82bc-74d66011dd01}'/><Execution ProcessID='948' ThreadID='12468'/><Channel>Security</Channel><Computer>DESKTOP-15MLO7N</Computer><Security/></System><EventData><Data Name='TargetUserName'>parma</Data><Data Name='TargetDomainName'>DESKTOP-15MLO7N</Data><Data Name='TargetSid'>S-1-5-21-4135273746-3520294150-535758031-1001</Data><Data Name='SubjectUserSid'>S-1-5-18</Data><Data Name='SubjectUserName'>DESKTOP-15MLO7N$</Data><Data Name='SubjectDomainName'>WORKGROUP</Data><Data Name='SubjectLogonId'>0x3e7</Data><Data Name='CallerProcessId'>0x2a04</Data><Data Name='CallerProcessName'>C:\Windows\System32\svchost.exe</Data></EventData><RenderingInfo Culture='en-IN'><Message>A user's local group membership was enumerated.

Subject:
	Security ID:		S-1-5-18
	Account Name:		DESKTOP-15MLO7N$
	Account Domain:		WORKGROUP
	Logon ID:		0x3E7

User:
	Security ID:		S-1-5-21-4135273746-3520294150-535758031-1001
	Account Name:		parma
	Account Domain:		DESKTOP-15MLO7N

Process Information:
	Process ID:		0x2a04
	Process Name:		C:\Windows\System32\svchost.exe</Message><Level>Information</Level><Task>User Account Management</Task><Opcode>Info</Opcode><Channel>Security</Channel><Provider>Microsoft Windows security auditing.</Provider><Keywords><Keyword>Audit Success</Keyword></Keywords></RenderingInfo></Event><Event xmlns='http://schemas.microsoft.com/win/2004/08/events/event'><System><Provider Name='Microsoft-Windows-Security-Auditing' Guid='{54849625-5478-4994-a5ba-3e3b0328c30d}'/><EventID>4798</EventID><Version>0</Version><Level>0</Level><Task>13824</Task><Opcode>0</Opcode><Keywords>0x8020000000000000</Keywords><TimeCreated SystemTime='2026-07-16T10:56:20.0258317Z'/><EventRecordID>274986</EventRecordID><Correlation ActivityID='{d674bba0-1160-0000-82bc-74d66011dd01}'/><Execution ProcessID='948' ThreadID='12468'/><Channel>Security</Channel><Computer>DESKTOP-15MLO7N</Computer><Security/></System><EventData><Data Name='TargetUserName'>Guest</Data><Data Name='TargetDomainName'>DESKTOP-15MLO7N</Data><Data Name='TargetSid'>S-1-5-21-4135273746-3520294150-535758031-501</Data><Data Name='SubjectUserSid'>S-1-5-18</Data><Data Name='SubjectUserName'>DESKTOP-15MLO7N$</Data><Data Name='SubjectDomainName'>WORKGROUP</Data><Data Name='SubjectLogonId'>0x3e7</Data><Data Name='CallerProcessId'>0x2a04</Data><Data Name='CallerProcessName'>C:\Windows\System32\svchost.exe</Data></EventData><RenderingInfo Culture='en-IN'><Message>A user's local group membership was enumerated.

Subject:
	Security ID:		S-1-5-18
	Account Name:		DESKTOP-15MLO7N$
	Account Domain:		WORKGROUP
	Logon ID:		0x3E7

User:
	Security ID:		S-1-5-21-4135273746-3520294150-535758031-501
	Account Name:		Guest
	Account Domain:		DESKTOP-15MLO7N

Process Information:
	Process ID:		0x2a04
	Process Name:		C:\Windows\System32\svchost.exe</Message><Level>Information</Level><Task>User Account Management</Task><Opcode>Info</Opcode><Channel>Security</Channel><Provider>Microsoft Windows security auditing.</Provider><Keywords><Keyword>Audit Success</Keyword></Keywords></RenderingInfo></Event><Event xmlns='http://schemas.microsoft.com/win/2004/08/events/event'><System><Provider Name='Microsoft-Windows-Security-Auditing' Guid='{54849625-5478-4994-a5ba-3e3b0328c30d}'/><EventID>4798</EventID><Version>0</Version><Level>0</Level><Task>13824</Task><Opcode>0</Opcode><Keywords>0x8020000000000000</Keywords><TimeCreated SystemTime='2026-07-16T10:56:20.0252758Z'/><EventRecordID>274985</EventRecordID><Correlation ActivityID='{d674bba0-1160-0000-82bc-74d66011dd01}'/><Execution ProcessID='948' ThreadID='12468'/><Channel>Security</Channel><Computer>DESKTOP-15MLO7N</Computer><Security/></System><EventData><Data Name='TargetUserName'>DefaultAccount</Data><Data Name='TargetDomainName'>DESKTOP-15MLO7N</Data><Data Name='TargetSid'>S-1-5-21-4135273746-3520294150-535758031-503</Data><Data Name='SubjectUserSid'>S-1-5-18</Data><Data Name='SubjectUserName'>DESKTOP-15MLO7N$</Data><Data Name='SubjectDomainName'>WORKGROUP</Data><Data Name='SubjectLogonId'>0x3e7</Data><Data Name='CallerProcessId'>0x2a04</Data><Data Name='CallerProcessName'>C:\Windows\System32\svchost.exe</Data></EventData><RenderingInfo Culture='en-IN'><Message>A user's local group membership was enumerated.

Subject:
	Security ID:		S-1-5-18
	Account Name:		DESKTOP-15MLO7N$
	Account Domain:		WORKGROUP
	Logon ID:		0x3E7

User:
	Security ID:		S-1-5-21-4135273746-3520294150-535758031-503
	Account Name:		DefaultAccount
	Account Domain:		DESKTOP-15MLO7N

Process Information:
	Process ID:		0x2a04
	Process Name:		C:\Windows\System32\svchost.exe</Message><Level>Information</Level><Task>User Account Management</Task><Opcode>Info</Opcode><Channel>Security</Channel><Provider>Microsoft Windows security auditing.</Provider><Keywords><Keyword>Audit Success</Keyword></Keywords></RenderingInfo></Event><Event xmlns='http://schemas.microsoft.com/win/2004/08/events/event'><System><Provider Name='Microsoft-Windows-Security-Auditing' Guid='{54849625-5478-4994-a5ba-3e3b0328c30d}'/><EventID>4798</EventID><Version>0</Version><Level>0</Level><Task>13824</Task><Opcode>0</Opcode><Keywords>0x8020000000000000</Keywords><TimeCreated SystemTime='2026-07-16T10:56:20.0247041Z'/><EventRecordID>274984</EventRecordID><Correlation ActivityID='{d674bba0-1160-0000-82bc-74d66011dd01}'/><Execution ProcessID='948' ThreadID='12468'/><Channel>Security</Channel><Computer>DESKTOP-15MLO7N</Computer><Security/></System><EventData><Data Name='TargetUserName'>Administrator</Data><Data Name='TargetDomainName'>DESKTOP-15MLO7N</Data><Data Name='TargetSid'>S-1-5-21-4135273746-3520294150-535758031-500</Data><Data Name='SubjectUserSid'>S-1-5-18</Data><Data Name='SubjectUserName'>DESKTOP-15MLO7N$</Data><Data Name='SubjectDomainName'>WORKGROUP</Data><Data Name='SubjectLogonId'>0x3e7</Data><Data Name='CallerProcessId'>0x2a04</Data><Data Name='CallerProcessName'>C:\Windows\System32\svchost.exe</Data></EventData><RenderingInfo Culture='en-IN'><Message>A user's local group membership was enumerated.

Subject:
	Security ID:		S-1-5-18
	Account Name:		DESKTOP-15MLO7N$
	Account Domain:		WORKGROUP
	Logon ID:		0x3E7

User:
	Security ID:		S-1-5-21-4135273746-3520294150-535758031-500
	Account Name:		Administrator
	Account Domain:		DESKTOP-15MLO7N

Process Information:
	Process ID:		0x2a04
	Process Name:		C:\Windows\System32\svchost.exe</Message><Level>Information</Level><Task>User Account Management</Task><Opcode>Info</Opcode><Channel>Security</Channel><Provider>Microsoft Windows security auditing.</Provider><Keywords><Keyword>Audit Success</Keyword></Keywords></RenderingInfo></Event><Event xmlns='http://schemas.microsoft.com/win/2004/08/events/event'><System><Provider Name='Microsoft-Windows-Security-Auditing' Guid='{54849625-5478-4994-a5ba-3e3b0328c30d}'/><EventID>4798</EventID><Version>0</Version><Level>0</Level><Task>13824</Task><Opcode>0</Opcode><Keywords>0x8020000000000000</Keywords><TimeCreated SystemTime='2026-07-16T10:55:14.8133948Z'/><EventRecordID>274983</EventRecordID><Correlation ActivityID='{d674bba0-1160-0000-82bc-74d66011dd01}'/><Execution ProcessID='948' ThreadID='12468'/><Channel>Security</Channel><Computer>DESKTOP-15MLO7N</Computer><Security/></System><EventData><Data Name='TargetUserName'>parma</Data><Data Name='TargetDomainName'>DESKTOP-15MLO7N</Data><Data Name='TargetSid'>S-1-5-21-4135273746-3520294150-535758031-1001</Data><Data Name='SubjectUserSid'>S-1-5-18</Data><Data Name='SubjectUserName'>DESKTOP-15MLO7N$</Data><Data Name='SubjectDomainName'>WORKGROUP</Data><Data Name='SubjectLogonId'>0x3e7</Data><Data Name='CallerProcessId'>0x2a04</Data><Data Name='CallerProcessName'>C:\Windows\System32\svchost.exe</Data></EventData><RenderingInfo Culture='en-IN'><Message>A user's local group membership was enumerated.

Subject:
	Security ID:		S-1-5-18
	Account Name:		DESKTOP-15MLO7N$
	Account Domain:		WORKGROUP
	Logon ID:		0x3E7

User:
	Security ID:		S-1-5-21-4135273746-3520294150-535758031-1001
	Account Name:		parma
	Account Domain:		DESKTOP-15MLO7N

Process Information:
	Process ID:		0x2a04
	Process Name:		C:\Windows\System32\svchost.exe</Message><Level>Information</Level><Task>User Account Management</Task><Opcode>Info</Opcode><Channel>Security</Channel><Provider>Microsoft Windows security auditing.</Provider><Keywords><Keyword>Audit Success</Keyword></Keywords></RenderingInfo></Event><Event xmlns='http://schemas.microsoft.com/win/2004/08/events/event'><System><Provider Name='Microsoft-Windows-Security-Auditing' Guid='{54849625-5478-4994-a5ba-3e3b0328c30d}'/><EventID>4798</EventID><Version>0</Version><Level>0</Level><Task>13824</Task><Opcode>0</Opcode><Keywords>0x8020000000000000</Keywords><TimeCreated SystemTime='2026-07-16T10:55:14.8127060Z'/><EventRecordID>274982</EventRecordID><Correlation ActivityID='{d674bba0-1160-0000-82bc-74d66011dd01}'/><Execution ProcessID='948' ThreadID='12468'/><Channel>Security</Channel><Computer>DESKTOP-15MLO7N</Computer><Security/></System><EventData><Data Name='TargetUserName'>Guest</Data><Data Name='TargetDomainName'>DESKTOP-15MLO7N</Data><Data Name='TargetSid'>S-1-5-21-4135273746-3520294150-535758031-501</Data><Data Name='SubjectUserSid'>S-1-5-18</Data><Data Name='SubjectUserName'>DESKTOP-15MLO7N$</Data><Data Name='SubjectDomainName'>WORKGROUP</Data><Data Name='SubjectLogonId'>0x3e7</Data><Data Name='CallerProcessId'>0x2a04</Data><Data Name='CallerProcessName'>C:\Windows\System32\svchost.exe</Data></EventData><RenderingInfo Culture='en-IN'><Message>A user's local group membership was enumerated.

Subject:
	Security ID:		S-1-5-18
	Account Name:		DESKTOP-15MLO7N$
	Account Domain:		WORKGROUP
	Logon ID:		0x3E7

User:
	Security ID:		S-1-5-21-4135273746-3520294150-535758031-501
	Account Name:		Guest
	Account Domain:		DESKTOP-15MLO7N

Process Information:
	Process ID:		0x2a04
	Process Name:		C:\Windows\System32\svchost.exe</Message><Level>Information</Level><Task>User Account Management</Task><Opcode>Info</Opcode><Channel>Security</Channel><Provider>Microsoft Windows security auditing.</Provider><Keywords><Keyword>Audit Success</Keyword></Keywords></RenderingInfo></Event><Event xmlns='http://schemas.microsoft.com/win/2004/08/events/event'><System><Provider Name='Microsoft-Windows-Security-Auditing' Guid='{54849625-5478-4994-a5ba-3e3b0328c30d}'/><EventID>4798</EventID><Version>0</Version><Level>0</Level><Task>13824</Task><Opcode>0</Opcode><Keywords>0x8020000000000000</Keywords><TimeCreated SystemTime='2026-07-16T10:55:14.8112307Z'/><EventRecordID>274981</EventRecordID><Correlation ActivityID='{d674bba0-1160-0000-82bc-74d66011dd01}'/><Execution ProcessID='948' ThreadID='12468'/><Channel>Security</Channel><Computer>DESKTOP-15MLO7N</Computer><Security/></System><EventData><Data Name='TargetUserName'>DefaultAccount</Data><Data Name='TargetDomainName'>DESKTOP-15MLO7N</Data><Data Name='TargetSid'>S-1-5-21-4135273746-3520294150-535758031-503</Data><Data Name='SubjectUserSid'>S-1-5-18</Data><Data Name='SubjectUserName'>DESKTOP-15MLO7N$</Data><Data Name='SubjectDomainName'>WORKGROUP</Data><Data Name='SubjectLogonId'>0x3e7</Data><Data Name='CallerProcessId'>0x2a04</Data><Data Name='CallerProcessName'>C:\Windows\System32\svchost.exe</Data></EventData><RenderingInfo Culture='en-IN'><Message>A user's local group membership was enumerated.

Subject:
	Security ID:		S-1-5-18
	Account Name:		DESKTOP-15MLO7N$
	Account Domain:		WORKGROUP
	Logon ID:		0x3E7

User:
	Security ID:		S-1-5-21-4135273746-3520294150-535758031-503
	Account Name:		DefaultAccount
	Account Domain:		DESKTOP-15MLO7N

Process Information:
	Process ID:		0x2a04
	Process Name:		C:\Windows\System32\svchost.exe</Message><Level>Information</Level><Task>User Account Management</Task><Opcode>Info</Opcode><Channel>Security</Channel><Provider>Microsoft Windows security auditing.</Provider><Keywords><Keyword>Audit Success</Keyword></Keywords></RenderingInfo></Event><Event xmlns='http://schemas.microsoft.com/win/2004/08/events/event'><System><Provider Name='Microsoft-Windows-Security-Auditing' Guid='{54849625-5478-4994-a5ba-3e3b0328c30d}'/><EventID>4798</EventID><Version>0</Version><Level>0</Level><Task>13824</Task><Opcode>0</Opcode><Keywords>0x8020000000000000</Keywords><TimeCreated SystemTime='2026-07-16T10:55:14.8101832Z'/><EventRecordID>274980</EventRecordID><Correlation ActivityID='{d674bba0-1160-0000-82bc-74d66011dd01}'/><Execution ProcessID='948' ThreadID='12468'/><Channel>Security</Channel><Computer>DESKTOP-15MLO7N</Computer><Security/></System><EventData><Data Name='TargetUserName'>Administrator</Data><Data Name='TargetDomainName'>DESKTOP-15MLO7N</Data><Data Name='TargetSid'>S-1-5-21-4135273746-3520294150-535758031-500</Data><Data Name='SubjectUserSid'>S-1-5-18</Data><Data Name='SubjectUserName'>DESKTOP-15MLO7N$</Data><Data Name='SubjectDomainName'>WORKGROUP</Data><Data Name='SubjectLogonId'>0x3e7</Data><Data Name='CallerProcessId'>0x2a04</Data><Data Name='CallerProcessName'>C:\Windows\System32\svchost.exe</Data></EventData><RenderingInfo Culture='en-IN'><Message>A user's local group membership was enumerated.

Subject:
	Security ID:		S-1-5-18
	Account Name:		DESKTOP-15MLO7N$
	Account Domain:		WORKGROUP
	Logon ID:		0x3E7

User:
	Security ID:		S-1-5-21-4135273746-3520294150-535758031-500
	Account Name:		Administrator
	Account Domain:		DESKTOP-15MLO7N

Process Information:
	Process ID:		0x2a04
	Process Name:		C:\Windows\System32\svchost.exe</Message><Level>Information</Level><Task>User Account Management</Task><Opcode>Info</Opcode><Channel>Security</Channel><Provider>Microsoft Windows security auditing.</Provider><Keywords><Keyword>Audit Success</Keyword></Keywords></RenderingInfo></Event><Event xmlns='http://schemas.microsoft.com/win/2004/08/events/event'><System><Provider Name='Microsoft-Windows-Security-Auditing' Guid='{54849625-5478-4994-a5ba-3e3b0328c30d}'/><EventID>4798</EventID><Version>0</Version><Level>0</Level><Task>13824</Task><Opcode>0</Opcode><Keywords>0x8020000000000000</Keywords><TimeCreated SystemTime='2026-07-16T10:55:14.7980825Z'/><EventRecordID>274979</EventRecordID><Correlation ActivityID='{d674bba0-1160-0000-82bc-74d66011dd01}'/><Execution ProcessID='948' ThreadID='12468'/><Channel>Security</Channel><Computer>DESKTOP-15MLO7N</Computer><Security/></System><EventData><Data Name='TargetUserName'>parma</Data><Data Name='TargetDomainName'>DESKTOP-15MLO7N</Data><Data Name='TargetSid'>S-1-5-21-4135273746-3520294150-535758031-1001</Data><Data Name='SubjectUserSid'>S-1-5-18</Data><Data Name='SubjectUserName'>DESKTOP-15MLO7N$</Data><Data Name='SubjectDomainName'>WORKGROUP</Data><Data Name='SubjectLogonId'>0x3e7</Data><Data Name='CallerProcessId'>0x2a04</Data><Data Name='CallerProcessName'>C:\Windows\System32\svchost.exe</Data></EventData><RenderingInfo Culture='en-IN'><Message>A user's local group membership was enumerated.

Subject:
	Security ID:		S-1-5-18
	Account Name:		DESKTOP-15MLO7N$
	Account Domain:		WORKGROUP
	Logon ID:		0x3E7

User:
	Security ID:		S-1-5-21-4135273746-3520294150-535758031-1001
	Account Name:		parma
	Account Domain:		DESKTOP-15MLO7N

Process Information:
	Process ID:		0x2a04
	Process Name:		C:\Windows\System32\svchost.exe</Message><Level>Information</Level><Task>User Account Management</Task><Opcode>Info</Opcode><Channel>Security</Channel><Provider>Microsoft Windows security auditing.</Provider><Keywords><Keyword>Audit Success</Keyword></Keywords></RenderingInfo></Event><Event xmlns='http://schemas.microsoft.com/win/2004/08/events/event'><System><Provider Name='Microsoft-Windows-Security-Auditing' Guid='{54849625-5478-4994-a5ba-3e3b0328c30d}'/><EventID>4798</EventID><Version>0</Version><Level>0</Level><Task>13824</Task><Opcode>0</Opcode><Keywords>0x8020000000000000</Keywords><TimeCreated SystemTime='2026-07-16T10:55:14.7950207Z'/><EventRecordID>274978</EventRecordID><Correlation ActivityID='{d674bba0-1160-0000-82bc-74d66011dd01}'/><Execution ProcessID='948' ThreadID='12468'/><Channel>Security</Channel><Computer>DESKTOP-15MLO7N</Computer><Security/></System><EventData><Data Name='TargetUserName'>Guest</Data><Data Name='TargetDomainName'>DESKTOP-15MLO7N</Data><Data Name='TargetSid'>S-1-5-21-4135273746-3520294150-535758031-501</Data><Data Name='SubjectUserSid'>S-1-5-18</Data><Data Name='SubjectUserName'>DESKTOP-15MLO7N$</Data><Data Name='SubjectDomainName'>WORKGROUP</Data><Data Name='SubjectLogonId'>0x3e7</Data><Data Name='CallerProcessId'>0x2a04</Data><Data Name='CallerProcessName'>C:\Windows\System32\svchost.exe</Data></EventData><RenderingInfo Culture='en-IN'><Message>A user's local group membership was enumerated.

Subject:
	Security ID:		S-1-5-18
	Account Name:		DESKTOP-15MLO7N$
	Account Domain:		WORKGROUP
	Logon ID:		0x3E7

User:
	Security ID:		S-1-5-21-4135273746-3520294150-535758031-501
	Account Name:		Guest
	Account Domain:		DESKTOP-15MLO7N

Process Information:
	Process ID:		0x2a04
	Process Name:		C:\Windows\System32\svchost.exe</Message><Level>Information</Level><Task>User Account Management</Task><Opcode>Info</Opcode><Channel>Security</Channel><Provider>Microsoft Windows security auditing.</Provider><Keywords><Keyword>Audit Success</Keyword></Keywords></RenderingInfo></Event><Event xmlns='http://schemas.microsoft.com/win/2004/08/events/event'><System><Provider Name='Microsoft-Windows-Security-Auditing' Guid='{54849625-5478-4994-a5ba-3e3b0328c30d}'/><EventID>4798</EventID><Version>0</Version><Level>0</Level><Task>13824</Task><Opcode>0</Opcode><Keywords>0x8020000000000000</Keywords><TimeCreated SystemTime='2026-07-16T10:55:14.7918298Z'/><EventRecordID>274977</EventRecordID><Correlation ActivityID='{d674bba0-1160-0000-82bc-74d66011dd01}'/><Execution ProcessID='948' ThreadID='12468'/><Channel>Security</Channel><Computer>DESKTOP-15MLO7N</Computer><Security/></System><EventData><Data Name='TargetUserName'>DefaultAccount</Data><Data Name='TargetDomainName'>DESKTOP-15MLO7N</Data><Data Name='TargetSid'>S-1-5-21-4135273746-3520294150-535758031-503</Data><Data Name='SubjectUserSid'>S-1-5-18</Data><Data Name='SubjectUserName'>DESKTOP-15MLO7N$</Data><Data Name='SubjectDomainName'>WORKGROUP</Data><Data Name='SubjectLogonId'>0x3e7</Data><Data Name='CallerProcessId'>0x2a04</Data><Data Name='CallerProcessName'>C:\Windows\System32\svchost.exe</Data></EventData><RenderingInfo Culture='en-IN'><Message>A user's local group membership was enumerated.

Subject:
	Security ID:		S-1-5-18
	Account Name:		DESKTOP-15MLO7N$
	Account Domain:		WORKGROUP
	Logon ID:		0x3E7

User:
	Security ID:		S-1-5-21-4135273746-3520294150-535758031-503
	Account Name:		DefaultAccount
	Account Domain:		DESKTOP-15MLO7N

Process Information:
	Process ID:		0x2a04
	Process Name:		C:\Windows\System32\svchost.exe</Message><Level>Information</Level><Task>User Account Management</Task><Opcode>Info</Opcode><Channel>Security</Channel><Provider>Microsoft Windows security auditing.</Provider><Keywords><Keyword>Audit Success</Keyword></Keywords></RenderingInfo></Event><Event xmlns='http://schemas.microsoft.com/win/2004/08/events/event'><System><Provider Name='Microsoft-Windows-Security-Auditing' Guid='{54849625-5478-4994-a5ba-3e3b0328c30d}'/><EventID>4798</EventID><Version>0</Version><Level>0</Level><Task>13824</Task><Opcode>0</Opcode><Keywords>0x8020000000000000</Keywords><TimeCreated SystemTime='2026-07-16T10:55:14.7893975Z'/><EventRecordID>274976</EventRecordID><Correlation ActivityID='{d674bba0-1160-0000-82bc-74d66011dd01}'/><Execution ProcessID='948' ThreadID='12468'/><Channel>Security</Channel><Computer>DESKTOP-15MLO7N</Computer><Security/></System><EventData><Data Name='TargetUserName'>Administrator</Data><Data Name='TargetDomainName'>DESKTOP-15MLO7N</Data><Data Name='TargetSid'>S-1-5-21-4135273746-3520294150-535758031-500</Data><Data Name='SubjectUserSid'>S-1-5-18</Data><Data Name='SubjectUserName'>DESKTOP-15MLO7N$</Data><Data Name='SubjectDomainName'>WORKGROUP</Data><Data Name='SubjectLogonId'>0x3e7</Data><Data Name='CallerProcessId'>0x2a04</Data><Data Name='CallerProcessName'>C:\Windows\System32\svchost.exe</Data></EventData><RenderingInfo Culture='en-IN'><Message>A user's local group membership was enumerated.

Subject:
	Security ID:		S-1-5-18
	Account Name:		DESKTOP-15MLO7N$
	Account Domain:		WORKGROUP
	Logon ID:		0x3E7

User:
	Security ID:		S-1-5-21-4135273746-3520294150-535758031-500
	Account Name:		Administrator
	Account Domain:		DESKTOP-15MLO7N

Process Information:
	Process ID:		0x2a04
	Process Name:		C:\Windows\System32\svchost.exe</Message><Level>Information</Level><Task>User Account Management</Task><Opcode>Info</Opcode><Channel>Security</Channel><Provider>Microsoft Windows security auditing.</Provider><Keywords><Keyword>Audit Success</Keyword></Keywords></RenderingInfo></Event><Event xmlns='http://schemas.microsoft.com/win/2004/08/events/event'><System><Provider Name='Microsoft-Windows-Security-Auditing' Guid='{54849625-5478-4994-a5ba-3e3b0328c30d}'/><EventID>4799</EventID><Version>0</Version><Level>0</Level><Task>13826</Task><Opcode>0</Opcode><Keywords>0x8020000000000000</Keywords><TimeCreated SystemTime='2026-07-16T10:53:53.6798975Z'/><EventRecordID>274975</EventRecordID><Correlation ActivityID='{d674bba0-1160-0000-82bc-74d66011dd01}'/><Execution ProcessID='948' ThreadID='12412'/><Channel>Security</Channel><Computer>DESKTOP-15MLO7N</Computer><Security/></System><EventData><Data Name='TargetUserName'>Administrators</Data><Data Name='TargetDomainName'>Builtin</Data><Data Name='TargetSid'>S-1-5-32-544</Data><Data Name='SubjectUserSid'>S-1-5-21-4135273746-3520294150-535758031-1001</Data><Data Name='SubjectUserName'>parma</Data><Data Name='SubjectDomainName'>DESKTOP-15MLO7N</Data><Data Name='SubjectLogonId'>0x4fa2d1a</Data><Data Name='CallerProcessId'>0x1bec</Data><Data Name='CallerProcessName'>C:\Windows\System32\taskhostw.exe</Data></EventData><RenderingInfo Culture='en-IN'><Message>A security-enabled local group membership was enumerated.

Subject:
	Security ID:		S-1-5-21-4135273746-3520294150-535758031-1001
	Account Name:		parma
	Account Domain:		DESKTOP-15MLO7N
	Logon ID:		0x4FA2D1A

Group:
	Security ID:		S-1-5-32-544
	Group Name:		Administrators
	Group Domain:		Builtin

Process Information:
	Process ID:		0x1bec
	Process Name:		C:\Windows\System32\taskhostw.exe</Message><Level>Information</Level><Task>Security Group Management</Task><Opcode>Info</Opcode><Channel>Security</Channel><Provider>Microsoft Windows security auditing.</Provider><Keywords><Keyword>Audit Success</Keyword></Keywords></RenderingInfo></Event><Event xmlns='http://schemas.microsoft.com/win/2004/08/events/event'><System><Provider Name='Microsoft-Windows-Security-Auditing' Guid='{54849625-5478-4994-a5ba-3e3b0328c30d}'/><EventID>4798</EventID><Version>0</Version><Level>0</Level><Task>13824</Task><Opcode>0</Opcode><Keywords>0x8020000000000000</Keywords><TimeCreated SystemTime='2026-07-16T10:53:35.4628495Z'/><EventRecordID>274974</EventRecordID><Correlation ActivityID='{d674bba0-1160-0000-82bc-74d66011dd01}'/><Execution ProcessID='948' ThreadID='12412'/><Channel>Security</Channel><Computer>DESKTOP-15MLO7N</Computer><Security/></System><EventData><Data Name='TargetUserName'>parma</Data><Data Name='TargetDomainName'>DESKTOP-15MLO7N</Data><Data Name='TargetSid'>S-1-5-21-4135273746-3520294150-535758031-1001</Data><Data Name='SubjectUserSid'>S-1-5-18</Data><Data Name='SubjectUserName'>DESKTOP-15MLO7N$</Data><Data Name='SubjectDomainName'>WORKGROUP</Data><Data Name='SubjectLogonId'>0x3e7</Data><Data Name='CallerProcessId'>0x2a04</Data><Data Name='CallerProcessName'>C:\Windows\System32\svchost.exe</Data></EventData><RenderingInfo Culture='en-IN'><Message>A user's local group membership was enumerated.

Subject:
	Security ID:		S-1-5-18
	Account Name:		DESKTOP-15MLO7N$
	Account Domain:		WORKGROUP
	Logon ID:		0x3E7

User:
	Security ID:		S-1-5-21-4135273746-3520294150-535758031-1001
	Account Name:		parma
	Account Domain:		DESKTOP-15MLO7N

Process Information:
	Process ID:		0x2a04
	Process Name:		C:\Windows\System32\svchost.exe</Message><Level>Information</Level><Task>User Account Management</Task><Opcode>Info</Opcode><Channel>Security</Channel><Provider>Microsoft Windows security auditing.</Provider><Keywords><Keyword>Audit Success</Keyword></Keywords></RenderingInfo></Event><Event xmlns='http://schemas.microsoft.com/win/2004/08/events/event'><System><Provider Name='Microsoft-Windows-Security-Auditing' Guid='{54849625-5478-4994-a5ba-3e3b0328c30d}'/><EventID>4798</EventID><Version>0</Version><Level>0</Level><Task>13824</Task><Opcode>0</Opcode><Keywords>0x8020000000000000</Keywords><TimeCreated SystemTime='2026-07-16T10:53:35.4622437Z'/><EventRecordID>274973</EventRecordID><Correlation ActivityID='{d674bba0-1160-0000-82bc-74d66011dd01}'/><Execution ProcessID='948' ThreadID='12412'/><Channel>Security</Channel><Computer>DESKTOP-15MLO7N</Computer><Security/></System><EventData><Data Name='TargetUserName'>Guest</Data><Data Name='TargetDomainName'>DESKTOP-15MLO7N</Data><Data Name='TargetSid'>S-1-5-21-4135273746-3520294150-535758031-501</Data><Data Name='SubjectUserSid'>S-1-5-18</Data><Data Name='SubjectUserName'>DESKTOP-15MLO7N$</Data><Data Name='SubjectDomainName'>WORKGROUP</Data><Data Name='SubjectLogonId'>0x3e7</Data><Data Name='CallerProcessId'>0x2a04</Data><Data Name='CallerProcessName'>C:\Windows\System32\svchost.exe</Data></EventData><RenderingInfo Culture='en-IN'><Message>A user's local group membership was enumerated.

Subject:
	Security ID:		S-1-5-18
	Account Name:		DESKTOP-15MLO7N$
	Account Domain:		WORKGROUP
	Logon ID:		0x3E7

User:
	Security ID:		S-1-5-21-4135273746-3520294150-535758031-501
	Account Name:		Guest
	Account Domain:		DESKTOP-15MLO7N

Process Information:
	Process ID:		0x2a04
	Process Name:		C:\Windows\System32\svchost.exe</Message><Level>Information</Level><Task>User Account Management</Task><Opcode>Info</Opcode><Channel>Security</Channel><Provider>Microsoft Windows security auditing.</Provider><Keywords><Keyword>Audit Success</Keyword></Keywords></RenderingInfo></Event>