<Event xmlns='http://schemas.microsoft.com/win/2004/08/events/event'><System><Provider Name='Microsoft-Windows-Security-Auditing' Guid='{54849625-5478-4994-a5ba-3e3b0328c30d}'/><EventID>4672</EventID><Version>0</Version><Level>0</Level><Task>12548</Task><Opcode>0</Opcode><Keywords>0x8020000000000000</Keywords><TimeCreated SystemTime='2026-07-16T10:49:43.7005904Z'/><EventRecordID>274782</EventRecordID><Correlation ActivityID='{d674bba0-1160-0000-82bc-74d66011dd01}'/><Execution ProcessID='948' ThreadID='10828'/><Channel>Security</Channel><Computer>DESKTOP-15MLO7N</Computer><Security/></System><EventData><Data Name='SubjectUserSid'>S-1-5-18</Data><Data Name='SubjectUserName'>SYSTEM</Data><Data Name='SubjectDomainName'>NT AUTHORITY</Data><Data Name='SubjectLogonId'>0x3e7</Data><Data Name='PrivilegeList'>SeAssignPrimaryTokenPrivilege
			SeTcbPrivilege
			SeSecurityPrivilege
			SeTakeOwnershipPrivilege
			SeLoadDriverPrivilege
			SeBackupPrivilege
			SeRestorePrivilege
			SeDebugPrivilege
			SeAuditPrivilege
			SeSystemEnvironmentPrivilege
			SeImpersonatePrivilege
			SeDelegateSessionUserImpersonatePrivilege</Data></EventData><RenderingInfo Culture='en-IN'><Message>Special privileges assigned to new logon.

Subject:
	Security ID:		S-1-5-18
	Account Name:		SYSTEM
	Account Domain:		NT AUTHORITY
	Logon ID:		0x3E7

Privileges:		SeAssignPrimaryTokenPrivilege
			SeTcbPrivilege
			SeSecurityPrivilege
			SeTakeOwnershipPrivilege
			SeLoadDriverPrivilege
			SeBackupPrivilege
			SeRestorePrivilege
			SeDebugPrivilege
			SeAuditPrivilege
			SeSystemEnvironmentPrivilege
			SeImpersonatePrivilege
			SeDelegateSessionUserImpersonatePrivilege</Message><Level>Information</Level><Task>Special Logon</Task><Opcode>Info</Opcode><Channel>Security</Channel><Provider>Microsoft Windows security auditing.</Provider><Keywords><Keyword>Audit Success</Keyword></Keywords></RenderingInfo></Event><Event xmlns='http://schemas.microsoft.com/win/2004/08/events/event'><System><Provider Name='Microsoft-Windows-Security-Auditing' Guid='{54849625-5478-4994-a5ba-3e3b0328c30d}'/><EventID>4624</EventID><Version>2</Version><Level>0</Level><Task>12544</Task><Opcode>0</Opcode><Keywords>0x8020000000000000</Keywords><TimeCreated SystemTime='2026-07-16T10:49:43.7005641Z'/><EventRecordID>274781</EventRecordID><Correlation ActivityID='{d674bba0-1160-0000-82bc-74d66011dd01}'/><Execution ProcessID='948' ThreadID='10828'/><Channel>Security</Channel><Computer>DESKTOP-15MLO7N</Computer><Security/></System><EventData><Data Name='SubjectUserSid'>S-1-5-18</Data><Data Name='SubjectUserName'>DESKTOP-15MLO7N$</Data><Data Name='SubjectDomainName'>WORKGROUP</Data><Data Name='SubjectLogonId'>0x3e7</Data><Data Name='TargetUserSid'>S-1-5-18</Data><Data Name='TargetUserName'>SYSTEM</Data><Data Name='TargetDomainName'>NT AUTHORITY</Data><Data Name='TargetLogonId'>0x3e7</Data><Data Name='LogonType'>5</Data><Data Name='LogonProcessName'>Advapi  </Data><Data Name='AuthenticationPackageName'>Negotiate</Data><Data Name='WorkstationName'>-</Data><Data Name='LogonGuid'>{00000000-0000-0000-0000-000000000000}</Data><Data Name='TransmittedServices'>-</Data><Data Name='LmPackageName'>-</Data><Data Name='KeyLength'>0</Data><Data Name='ProcessId'>0x358</Data><Data Name='ProcessName'>C:\Windows\System32\services.exe</Data><Data Name='IpAddress'>-</Data><Data Name='IpPort'>-</Data><Data Name='ImpersonationLevel'>%%1833</Data><Data Name='RestrictedAdminMode'>-</Data><Data Name='TargetOutboundUserName'>-</Data><Data Name='TargetOutboundDomainName'>-</Data><Data Name='VirtualAccount'>%%1843</Data><Data Name='TargetLinkedLogonId'>0x0</Data><Data Name='ElevatedToken'>%%1842</Data></EventData><RenderingInfo Culture='en-IN'><Message>An account was successfully logged on.

Subject:
	Security ID:		S-1-5-18
	Account Name:		DESKTOP-15MLO7N$
	Account Domain:		WORKGROUP
	Logon ID:		0x3E7

Logon Information:
	Logon Type:		5
	Restricted Admin Mode:	-
	Virtual Account:		No
	Elevated Token:		Yes

Impersonation Level:		Impersonation

New Logon:
	Security ID:		S-1-5-18
	Account Name:		SYSTEM
	Account Domain:		NT AUTHORITY
	Logon ID:		0x3E7
	Linked Logon ID:		0x0
	Network Account Name:	-
	Network Account Domain:	-
	Logon GUID:		{00000000-0000-0000-0000-000000000000}

Process Information:
	Process ID:		0x358
	Process Name:		C:\Windows\System32\services.exe

Network Information:
	Workstation Name:	-
	Source Network Address:	-
	Source Port:		-

Detailed Authentication Information:
	Logon Process:		Advapi  
	Authentication Package:	Negotiate
	Transited Services:	-
	Package Name (NTLM only):	-
	Key Length:		0

This event is generated when a logon session is created. It is generated on the computer that was accessed.

The subject fields indicate the account on the local system which requested the logon. This is most commonly a service such as the Server service, or a local process such as Winlogon.exe or Services.exe.

The logon type field indicates the kind of logon that occurred. The most common types are 2 (interactive) and 3 (network).

The New Logon fields indicate the account for whom the new logon was created, i.e. the account that was logged on.

The network fields indicate where a remote logon request originated. Workstation name is not always available and may be left blank in some cases.

The impersonation level field indicates the extent to which a process in the logon session can impersonate.

The authentication information fields provide detailed information about this specific logon request.
	- Logon GUID is a unique identifier that can be used to correlate this event with a KDC event.
	- Transited services indicate which intermediate services have participated in this logon request.
	- Package name indicates which sub-protocol was used among the NTLM protocols.
	- Key length indicates the length of the generated session key. This will be 0 if no session key was requested.</Message><Level>Information</Level><Task>Logon</Task><Opcode>Info</Opcode><Channel>Security</Channel><Provider>Microsoft Windows security auditing.</Provider><Keywords><Keyword>Audit Success</Keyword></Keywords></RenderingInfo></Event><Event xmlns='http://schemas.microsoft.com/win/2004/08/events/event'><System><Provider Name='Microsoft-Windows-Security-Auditing' Guid='{54849625-5478-4994-a5ba-3e3b0328c30d}'/><EventID>4798</EventID><Version>0</Version><Level>0</Level><Task>13824</Task><Opcode>0</Opcode><Keywords>0x8020000000000000</Keywords><TimeCreated SystemTime='2026-07-16T10:49:39.6099815Z'/><EventRecordID>274780</EventRecordID><Correlation ActivityID='{d674bba0-1160-0000-82bc-74d66011dd01}'/><Execution ProcessID='948' ThreadID='10828'/><Channel>Security</Channel><Computer>DESKTOP-15MLO7N</Computer><Security/></System><EventData><Data Name='TargetUserName'>parma</Data><Data Name='TargetDomainName'>DESKTOP-15MLO7N</Data><Data Name='TargetSid'>S-1-5-21-4135273746-3520294150-535758031-1001</Data><Data Name='SubjectUserSid'>S-1-5-18</Data><Data Name='SubjectUserName'>DESKTOP-15MLO7N$</Data><Data Name='SubjectDomainName'>WORKGROUP</Data><Data Name='SubjectLogonId'>0x3e7</Data><Data Name='CallerProcessId'>0x2a04</Data><Data Name='CallerProcessName'>C:\Windows\System32\svchost.exe</Data></EventData><RenderingInfo Culture='en-IN'><Message>A user's local group membership was enumerated.

Subject:
	Security ID:		S-1-5-18
	Account Name:		DESKTOP-15MLO7N$
	Account Domain:		WORKGROUP
	Logon ID:		0x3E7

User:
	Security ID:		S-1-5-21-4135273746-3520294150-535758031-1001
	Account Name:		parma
	Account Domain:		DESKTOP-15MLO7N

Process Information:
	Process ID:		0x2a04
	Process Name:		C:\Windows\System32\svchost.exe</Message><Level>Information</Level><Task>User Account Management</Task><Opcode>Info</Opcode><Channel>Security</Channel><Provider>Microsoft Windows security auditing.</Provider><Keywords><Keyword>Audit Success</Keyword></Keywords></RenderingInfo></Event><Event xmlns='http://schemas.microsoft.com/win/2004/08/events/event'><System><Provider Name='Microsoft-Windows-Security-Auditing' Guid='{54849625-5478-4994-a5ba-3e3b0328c30d}'/><EventID>4798</EventID><Version>0</Version><Level>0</Level><Task>13824</Task><Opcode>0</Opcode><Keywords>0x8020000000000000</Keywords><TimeCreated SystemTime='2026-07-16T10:49:39.6093880Z'/><EventRecordID>274779</EventRecordID><Correlation ActivityID='{d674bba0-1160-0000-82bc-74d66011dd01}'/><Execution ProcessID='948' ThreadID='10828'/><Channel>Security</Channel><Computer>DESKTOP-15MLO7N</Computer><Security/></System><EventData><Data Name='TargetUserName'>Guest</Data><Data Name='TargetDomainName'>DESKTOP-15MLO7N</Data><Data Name='TargetSid'>S-1-5-21-4135273746-3520294150-535758031-501</Data><Data Name='SubjectUserSid'>S-1-5-18</Data><Data Name='SubjectUserName'>DESKTOP-15MLO7N$</Data><Data Name='SubjectDomainName'>WORKGROUP</Data><Data Name='SubjectLogonId'>0x3e7</Data><Data Name='CallerProcessId'>0x2a04</Data><Data Name='CallerProcessName'>C:\Windows\System32\svchost.exe</Data></EventData><RenderingInfo Culture='en-IN'><Message>A user's local group membership was enumerated.

Subject:
	Security ID:		S-1-5-18
	Account Name:		DESKTOP-15MLO7N$
	Account Domain:		WORKGROUP
	Logon ID:		0x3E7

User:
	Security ID:		S-1-5-21-4135273746-3520294150-535758031-501
	Account Name:		Guest
	Account Domain:		DESKTOP-15MLO7N

Process Information:
	Process ID:		0x2a04
	Process Name:		C:\Windows\System32\svchost.exe</Message><Level>Information</Level><Task>User Account Management</Task><Opcode>Info</Opcode><Channel>Security</Channel><Provider>Microsoft Windows security auditing.</Provider><Keywords><Keyword>Audit Success</Keyword></Keywords></RenderingInfo></Event><Event xmlns='http://schemas.microsoft.com/win/2004/08/events/event'><System><Provider Name='Microsoft-Windows-Security-Auditing' Guid='{54849625-5478-4994-a5ba-3e3b0328c30d}'/><EventID>4798</EventID><Version>0</Version><Level>0</Level><Task>13824</Task><Opcode>0</Opcode><Keywords>0x8020000000000000</Keywords><TimeCreated SystemTime='2026-07-16T10:49:39.6088299Z'/><EventRecordID>274778</EventRecordID><Correlation ActivityID='{d674bba0-1160-0000-82bc-74d66011dd01}'/><Execution ProcessID='948' ThreadID='10828'/><Channel>Security</Channel><Computer>DESKTOP-15MLO7N</Computer><Security/></System><EventData><Data Name='TargetUserName'>DefaultAccount</Data><Data Name='TargetDomainName'>DESKTOP-15MLO7N</Data><Data Name='TargetSid'>S-1-5-21-4135273746-3520294150-535758031-503</Data><Data Name='SubjectUserSid'>S-1-5-18</Data><Data Name='SubjectUserName'>DESKTOP-15MLO7N$</Data><Data Name='SubjectDomainName'>WORKGROUP</Data><Data Name='SubjectLogonId'>0x3e7</Data><Data Name='CallerProcessId'>0x2a04</Data><Data Name='CallerProcessName'>C:\Windows\System32\svchost.exe</Data></EventData><RenderingInfo Culture='en-IN'><Message>A user's local group membership was enumerated.

Subject:
	Security ID:		S-1-5-18
	Account Name:		DESKTOP-15MLO7N$
	Account Domain:		WORKGROUP
	Logon ID:		0x3E7

User:
	Security ID:		S-1-5-21-4135273746-3520294150-535758031-503
	Account Name:		DefaultAccount
	Account Domain:		DESKTOP-15MLO7N

Process Information:
	Process ID:		0x2a04
	Process Name:		C:\Windows\System32\svchost.exe</Message><Level>Information</Level><Task>User Account Management</Task><Opcode>Info</Opcode><Channel>Security</Channel><Provider>Microsoft Windows security auditing.</Provider><Keywords><Keyword>Audit Success</Keyword></Keywords></RenderingInfo></Event><Event xmlns='http://schemas.microsoft.com/win/2004/08/events/event'><System><Provider Name='Microsoft-Windows-Security-Auditing' Guid='{54849625-5478-4994-a5ba-3e3b0328c30d}'/><EventID>4798</EventID><Version>0</Version><Level>0</Level><Task>13824</Task><Opcode>0</Opcode><Keywords>0x8020000000000000</Keywords><TimeCreated SystemTime='2026-07-16T10:49:39.6082640Z'/><EventRecordID>274777</EventRecordID><Correlation ActivityID='{d674bba0-1160-0000-82bc-74d66011dd01}'/><Execution ProcessID='948' ThreadID='10828'/><Channel>Security</Channel><Computer>DESKTOP-15MLO7N</Computer><Security/></System><EventData><Data Name='TargetUserName'>Administrator</Data><Data Name='TargetDomainName'>DESKTOP-15MLO7N</Data><Data Name='TargetSid'>S-1-5-21-4135273746-3520294150-535758031-500</Data><Data Name='SubjectUserSid'>S-1-5-18</Data><Data Name='SubjectUserName'>DESKTOP-15MLO7N$</Data><Data Name='SubjectDomainName'>WORKGROUP</Data><Data Name='SubjectLogonId'>0x3e7</Data><Data Name='CallerProcessId'>0x2a04</Data><Data Name='CallerProcessName'>C:\Windows\System32\svchost.exe</Data></EventData><RenderingInfo Culture='en-IN'><Message>A user's local group membership was enumerated.

Subject:
	Security ID:		S-1-5-18
	Account Name:		DESKTOP-15MLO7N$
	Account Domain:		WORKGROUP
	Logon ID:		0x3E7

User:
	Security ID:		S-1-5-21-4135273746-3520294150-535758031-500
	Account Name:		Administrator
	Account Domain:		DESKTOP-15MLO7N

Process Information:
	Process ID:		0x2a04
	Process Name:		C:\Windows\System32\svchost.exe</Message><Level>Information</Level><Task>User Account Management</Task><Opcode>Info</Opcode><Channel>Security</Channel><Provider>Microsoft Windows security auditing.</Provider><Keywords><Keyword>Audit Success</Keyword></Keywords></RenderingInfo></Event><Event xmlns='http://schemas.microsoft.com/win/2004/08/events/event'><System><Provider Name='Microsoft-Windows-Security-Auditing' Guid='{54849625-5478-4994-a5ba-3e3b0328c30d}'/><EventID>4798</EventID><Version>0</Version><Level>0</Level><Task>13824</Task><Opcode>0</Opcode><Keywords>0x8020000000000000</Keywords><TimeCreated SystemTime='2026-07-16T10:49:39.6023453Z'/><EventRecordID>274776</EventRecordID><Correlation ActivityID='{d674bba0-1160-0000-82bc-74d66011dd01}'/><Execution ProcessID='948' ThreadID='10828'/><Channel>Security</Channel><Computer>DESKTOP-15MLO7N</Computer><Security/></System><EventData><Data Name='TargetUserName'>parma</Data><Data Name='TargetDomainName'>DESKTOP-15MLO7N</Data><Data Name='TargetSid'>S-1-5-21-4135273746-3520294150-535758031-1001</Data><Data Name='SubjectUserSid'>S-1-5-18</Data><Data Name='SubjectUserName'>DESKTOP-15MLO7N$</Data><Data Name='SubjectDomainName'>WORKGROUP</Data><Data Name='SubjectLogonId'>0x3e7</Data><Data Name='CallerProcessId'>0x2a04</Data><Data Name='CallerProcessName'>C:\Windows\System32\svchost.exe</Data></EventData><RenderingInfo Culture='en-IN'><Message>A user's local group membership was enumerated.

Subject:
	Security ID:		S-1-5-18
	Account Name:		DESKTOP-15MLO7N$
	Account Domain:		WORKGROUP
	Logon ID:		0x3E7

User:
	Security ID:		S-1-5-21-4135273746-3520294150-535758031-1001
	Account Name:		parma
	Account Domain:		DESKTOP-15MLO7N

Process Information:
	Process ID:		0x2a04
	Process Name:		C:\Windows\System32\svchost.exe</Message><Level>Information</Level><Task>User Account Management</Task><Opcode>Info</Opcode><Channel>Security</Channel><Provider>Microsoft Windows security auditing.</Provider><Keywords><Keyword>Audit Success</Keyword></Keywords></RenderingInfo></Event><Event xmlns='http://schemas.microsoft.com/win/2004/08/events/event'><System><Provider Name='Microsoft-Windows-Security-Auditing' Guid='{54849625-5478-4994-a5ba-3e3b0328c30d}'/><EventID>4798</EventID><Version>0</Version><Level>0</Level><Task>13824</Task><Opcode>0</Opcode><Keywords>0x8020000000000000</Keywords><TimeCreated SystemTime='2026-07-16T10:49:39.6013183Z'/><EventRecordID>274775</EventRecordID><Correlation ActivityID='{d674bba0-1160-0000-82bc-74d66011dd01}'/><Execution ProcessID='948' ThreadID='10828'/><Channel>Security</Channel><Computer>DESKTOP-15MLO7N</Computer><Security/></System><EventData><Data Name='TargetUserName'>Guest</Data><Data Name='TargetDomainName'>DESKTOP-15MLO7N</Data><Data Name='TargetSid'>S-1-5-21-4135273746-3520294150-535758031-501</Data><Data Name='SubjectUserSid'>S-1-5-18</Data><Data Name='SubjectUserName'>DESKTOP-15MLO7N$</Data><Data Name='SubjectDomainName'>WORKGROUP</Data><Data Name='SubjectLogonId'>0x3e7</Data><Data Name='CallerProcessId'>0x2a04</Data><Data Name='CallerProcessName'>C:\Windows\System32\svchost.exe</Data></EventData><RenderingInfo Culture='en-IN'><Message>A user's local group membership was enumerated.

Subject:
	Security ID:		S-1-5-18
	Account Name:		DESKTOP-15MLO7N$
	Account Domain:		WORKGROUP
	Logon ID:		0x3E7

User:
	Security ID:		S-1-5-21-4135273746-3520294150-535758031-501
	Account Name:		Guest
	Account Domain:		DESKTOP-15MLO7N

Process Information:
	Process ID:		0x2a04
	Process Name:		C:\Windows\System32\svchost.exe</Message><Level>Information</Level><Task>User Account Management</Task><Opcode>Info</Opcode><Channel>Security</Channel><Provider>Microsoft Windows security auditing.</Provider><Keywords><Keyword>Audit Success</Keyword></Keywords></RenderingInfo></Event><Event xmlns='http://schemas.microsoft.com/win/2004/08/events/event'><System><Provider Name='Microsoft-Windows-Security-Auditing' Guid='{54849625-5478-4994-a5ba-3e3b0328c30d}'/><EventID>4798</EventID><Version>0</Version><Level>0</Level><Task>13824</Task><Opcode>0</Opcode><Keywords>0x8020000000000000</Keywords><TimeCreated SystemTime='2026-07-16T10:49:39.6003575Z'/><EventRecordID>274774</EventRecordID><Correlation ActivityID='{d674bba0-1160-0000-82bc-74d66011dd01}'/><Execution ProcessID='948' ThreadID='10828'/><Channel>Security</Channel><Computer>DESKTOP-15MLO7N</Computer><Security/></System><EventData><Data Name='TargetUserName'>DefaultAccount</Data><Data Name='TargetDomainName'>DESKTOP-15MLO7N</Data><Data Name='TargetSid'>S-1-5-21-4135273746-3520294150-535758031-503</Data><Data Name='SubjectUserSid'>S-1-5-18</Data><Data Name='SubjectUserName'>DESKTOP-15MLO7N$</Data><Data Name='SubjectDomainName'>WORKGROUP</Data><Data Name='SubjectLogonId'>0x3e7</Data><Data Name='CallerProcessId'>0x2a04</Data><Data Name='CallerProcessName'>C:\Windows\System32\svchost.exe</Data></EventData><RenderingInfo Culture='en-IN'><Message>A user's local group membership was enumerated.

Subject:
	Security ID:		S-1-5-18
	Account Name:		DESKTOP-15MLO7N$
	Account Domain:		WORKGROUP
	Logon ID:		0x3E7

User:
	Security ID:		S-1-5-21-4135273746-3520294150-535758031-503
	Account Name:		DefaultAccount
	Account Domain:		DESKTOP-15MLO7N

Process Information:
	Process ID:		0x2a04
	Process Name:		C:\Windows\System32\svchost.exe</Message><Level>Information</Level><Task>User Account Management</Task><Opcode>Info</Opcode><Channel>Security</Channel><Provider>Microsoft Windows security auditing.</Provider><Keywords><Keyword>Audit Success</Keyword></Keywords></RenderingInfo></Event><Event xmlns='http://schemas.microsoft.com/win/2004/08/events/event'><System><Provider Name='Microsoft-Windows-Security-Auditing' Guid='{54849625-5478-4994-a5ba-3e3b0328c30d}'/><EventID>4798</EventID><Version>0</Version><Level>0</Level><Task>13824</Task><Opcode>0</Opcode><Keywords>0x8020000000000000</Keywords><TimeCreated SystemTime='2026-07-16T10:49:39.5993121Z'/><EventRecordID>274773</EventRecordID><Correlation ActivityID='{d674bba0-1160-0000-82bc-74d66011dd01}'/><Execution ProcessID='948' ThreadID='10828'/><Channel>Security</Channel><Computer>DESKTOP-15MLO7N</Computer><Security/></System><EventData><Data Name='TargetUserName'>Administrator</Data><Data Name='TargetDomainName'>DESKTOP-15MLO7N</Data><Data Name='TargetSid'>S-1-5-21-4135273746-3520294150-535758031-500</Data><Data Name='SubjectUserSid'>S-1-5-18</Data><Data Name='SubjectUserName'>DESKTOP-15MLO7N$</Data><Data Name='SubjectDomainName'>WORKGROUP</Data><Data Name='SubjectLogonId'>0x3e7</Data><Data Name='CallerProcessId'>0x2a04</Data><Data Name='CallerProcessName'>C:\Windows\System32\svchost.exe</Data></EventData><RenderingInfo Culture='en-IN'><Message>A user's local group membership was enumerated.

Subject:
	Security ID:		S-1-5-18
	Account Name:		DESKTOP-15MLO7N$
	Account Domain:		WORKGROUP
	Logon ID:		0x3E7

User:
	Security ID:		S-1-5-21-4135273746-3520294150-535758031-500
	Account Name:		Administrator
	Account Domain:		DESKTOP-15MLO7N

Process Information:
	Process ID:		0x2a04
	Process Name:		C:\Windows\System32\svchost.exe</Message><Level>Information</Level><Task>User Account Management</Task><Opcode>Info</Opcode><Channel>Security</Channel><Provider>Microsoft Windows security auditing.</Provider><Keywords><Keyword>Audit Success</Keyword></Keywords></RenderingInfo></Event><Event xmlns='http://schemas.microsoft.com/win/2004/08/events/event'><System><Provider Name='Microsoft-Windows-Security-Auditing' Guid='{54849625-5478-4994-a5ba-3e3b0328c30d}'/><EventID>5382</EventID><Version>0</Version><Level>0</Level><Task>13824</Task><Opcode>0</Opcode><Keywords>0x8020000000000000</Keywords><TimeCreated SystemTime='2026-07-16T10:49:26.1217033Z'/><EventRecordID>274772</EventRecordID><Correlation/><Execution ProcessID='948' ThreadID='10828'/><Channel>Security</Channel><Computer>DESKTOP-15MLO7N</Computer><Security/></System><EventData><Data Name='SubjectUserSid'>S-1-5-18</Data><Data Name='SubjectUserName'>DESKTOP-15MLO7N$</Data><Data Name='SubjectDomainName'>WORKGROUP</Data><Data Name='SubjectLogonId'>0x3e7</Data><Data Name='SchemaFriendlyName'>NGC Local Accoount Logon Vault Resource Schema</Data><Data Name='Schema'>{1d4350a3-330d-4af9-b3ff-a927a45998ac}</Data><Data Name='Resource'>NGC Local Accoount Logon Vault Resource</Data><Data Name='Identity'>01050000000000051500000012457BF6066DD3D1CF04EF1FE9030000</Data><Data Name='PackageSid'></Data><Data Name='Flags'>0</Data><Data Name='ReturnCode'>1168</Data><Data Name='ProcessCreationTime'>2026-07-11T18:15:47.5849929Z</Data><Data Name='ClientProcessId'>6516</Data></EventData><RenderingInfo Culture='en-IN'><Message>Vault credentials were read.

Subject:
	Security ID:		S-1-5-18
	Account Name:		DESKTOP-15MLO7N$
	Account Domain:		WORKGROUP
	Logon ID:		0x3E7

This event occurs when a user reads a stored vault credential.</Message><Level>Information</Level><Task>User Account Management</Task><Opcode>Info</Opcode><Channel>Security</Channel><Provider>Microsoft Windows security auditing.</Provider><Keywords><Keyword>Audit Success</Keyword></Keywords></RenderingInfo></Event><Event xmlns='http://schemas.microsoft.com/win/2004/08/events/event'><System><Provider Name='Microsoft-Windows-Security-Auditing' Guid='{54849625-5478-4994-a5ba-3e3b0328c30d}'/><EventID>5379</EventID><Version>0</Version><Level>0</Level><Task>13824</Task><Opcode>0</Opcode><Keywords>0x8020000000000000</Keywords><TimeCreated SystemTime='2026-07-16T10:49:16.3154911Z'/><EventRecordID>274771</EventRecordID><Correlation ActivityID='{d674bba0-1160-0000-82bc-74d66011dd01}'/><Execution ProcessID='948' ThreadID='10828'/><Channel>Security</Channel><Computer>DESKTOP-15MLO7N</Computer><Security/></System><EventData><Data Name='SubjectUserSid'>S-1-5-21-4135273746-3520294150-535758031-1001</Data><Data Name='SubjectUserName'>parma</Data><Data Name='SubjectDomainName'>DESKTOP-15MLO7N</Data><Data Name='SubjectLogonId'>0x4fa2d92</Data><Data Name='TargetName'>MicrosoftAccount:user=02xhtdblrfbfuaer</Data><Data Name='Type'>0</Data><Data Name='CountOfCredentialsReturned'>0</Data><Data Name='ReadOperation'>%%8100</Data><Data Name='ReturnCode'>3221226021</Data><Data Name='ProcessCreationTime'>2026-07-11T20:34:18.2739730Z</Data><Data Name='ClientProcessId'>7928</Data></EventData><RenderingInfo Culture='en-IN'><Message>Credential Manager credentials were read.

Subject:
	Security ID:		S-1-5-21-4135273746-3520294150-535758031-1001
	Account Name:		parma
	Account Domain:		DESKTOP-15MLO7N
	Logon ID:		0x4FA2D92
	Read Operation:		Enumerate Credentials

This event occurs when a user performs a read operation on stored credentials in Credential Manager.</Message><Level>Information</Level><Task>User Account Management</Task><Opcode>Info</Opcode><Channel>Security</Channel><Provider>Microsoft Windows security auditing.</Provider><Keywords><Keyword>Audit Success</Keyword></Keywords></RenderingInfo></Event><Event xmlns='http://schemas.microsoft.com/win/2004/08/events/event'><System><Provider Name='Microsoft-Windows-Security-Auditing' Guid='{54849625-5478-4994-a5ba-3e3b0328c30d}'/><EventID>5379</EventID><Version>0</Version><Level>0</Level><Task>13824</Task><Opcode>0</Opcode><Keywords>0x8020000000000000</Keywords><TimeCreated SystemTime='2026-07-16T10:49:16.3153812Z'/><EventRecordID>274770</EventRecordID><Correlation ActivityID='{d674bba0-1160-0000-82bc-74d66011dd01}'/><Execution ProcessID='948' ThreadID='10828'/><Channel>Security</Channel><Computer>DESKTOP-15MLO7N</Computer><Security/></System><EventData><Data Name='SubjectUserSid'>S-1-5-21-4135273746-3520294150-535758031-1001</Data><Data Name='SubjectUserName'>parma</Data><Data Name='SubjectDomainName'>DESKTOP-15MLO7N</Data><Data Name='SubjectLogonId'>0x4fa2d92</Data><Data Name='TargetName'>MicrosoftAccount:user=02xhtdblrfbfuaer</Data><Data Name='Type'>0</Data><Data Name='CountOfCredentialsReturned'>0</Data><Data Name='ReadOperation'>%%8100</Data><Data Name='ReturnCode'>3221226021</Data><Data Name='ProcessCreationTime'>2026-07-11T20:34:18.2739730Z</Data><Data Name='ClientProcessId'>7928</Data></EventData><RenderingInfo Culture='en-IN'><Message>Credential Manager credentials were read.

Subject:
	Security ID:		S-1-5-21-4135273746-3520294150-535758031-1001
	Account Name:		parma
	Account Domain:		DESKTOP-15MLO7N
	Logon ID:		0x4FA2D92
	Read Operation:		Enumerate Credentials

This event occurs when a user performs a read operation on stored credentials in Credential Manager.</Message><Level>Information</Level><Task>User Account Management</Task><Opcode>Info</Opcode><Channel>Security</Channel><Provider>Microsoft Windows security auditing.</Provider><Keywords><Keyword>Audit Success</Keyword></Keywords></RenderingInfo></Event><Event xmlns='http://schemas.microsoft.com/win/2004/08/events/event'><System><Provider Name='Microsoft-Windows-Security-Auditing' Guid='{54849625-5478-4994-a5ba-3e3b0328c30d}'/><EventID>5379</EventID><Version>0</Version><Level>0</Level><Task>13824</Task><Opcode>0</Opcode><Keywords>0x8020000000000000</Keywords><TimeCreated SystemTime='2026-07-16T10:49:16.3120095Z'/><EventRecordID>274769</EventRecordID><Correlation ActivityID='{d674bba0-1160-0000-82bc-74d66011dd01}'/><Execution ProcessID='948' ThreadID='10828'/><Channel>Security</Channel><Computer>DESKTOP-15MLO7N</Computer><Security/></System><EventData><Data Name='SubjectUserSid'>S-1-5-21-4135273746-3520294150-535758031-1001</Data><Data Name='SubjectUserName'>parma</Data><Data Name='SubjectDomainName'>DESKTOP-15MLO7N</Data><Data Name='SubjectLogonId'>0x4fa2d92</Data><Data Name='TargetName'>MicrosoftAccount:user=02xhtdblrfbfuaer</Data><Data Name='Type'>0</Data><Data Name='CountOfCredentialsReturned'>0</Data><Data Name='ReadOperation'>%%8100</Data><Data Name='ReturnCode'>3221226021</Data><Data Name='ProcessCreationTime'>2026-07-11T20:34:18.2739730Z</Data><Data Name='ClientProcessId'>7928</Data></EventData><RenderingInfo Culture='en-IN'><Message>Credential Manager credentials were read.

Subject:
	Security ID:		S-1-5-21-4135273746-3520294150-535758031-1001
	Account Name:		parma
	Account Domain:		DESKTOP-15MLO7N
	Logon ID:		0x4FA2D92
	Read Operation:		Enumerate Credentials

This event occurs when a user performs a read operation on stored credentials in Credential Manager.</Message><Level>Information</Level><Task>User Account Management</Task><Opcode>Info</Opcode><Channel>Security</Channel><Provider>Microsoft Windows security auditing.</Provider><Keywords><Keyword>Audit Success</Keyword></Keywords></RenderingInfo></Event><Event xmlns='http://schemas.microsoft.com/win/2004/08/events/event'><System><Provider Name='Microsoft-Windows-Security-Auditing' Guid='{54849625-5478-4994-a5ba-3e3b0328c30d}'/><EventID>5379</EventID><Version>0</Version><Level>0</Level><Task>13824</Task><Opcode>0</Opcode><Keywords>0x8020000000000000</Keywords><TimeCreated SystemTime='2026-07-16T10:49:16.2770729Z'/><EventRecordID>274768</EventRecordID><Correlation ActivityID='{d674bba0-1160-0000-82bc-74d66011dd01}'/><Execution ProcessID='948' ThreadID='10828'/><Channel>Security</Channel><Computer>DESKTOP-15MLO7N</Computer><Security/></System><EventData><Data Name='SubjectUserSid'>S-1-5-21-4135273746-3520294150-535758031-1001</Data><Data Name='SubjectUserName'>parma</Data><Data Name='SubjectDomainName'>DESKTOP-15MLO7N</Data><Data Name='SubjectLogonId'>0x4fa2d92</Data><Data Name='TargetName'>MicrosoftAccount:user=02xhtdblrfbfuaer</Data><Data Name='Type'>0</Data><Data Name='CountOfCredentialsReturned'>0</Data><Data Name='ReadOperation'>%%8100</Data><Data Name='ReturnCode'>3221226021</Data><Data Name='ProcessCreationTime'>2026-07-11T20:34:18.2739730Z</Data><Data Name='ClientProcessId'>7928</Data></EventData><RenderingInfo Culture='en-IN'><Message>Credential Manager credentials were read.

Subject:
	Security ID:		S-1-5-21-4135273746-3520294150-535758031-1001
	Account Name:		parma
	Account Domain:		DESKTOP-15MLO7N
	Logon ID:		0x4FA2D92
	Read Operation:		Enumerate Credentials

This event occurs when a user performs a read operation on stored credentials in Credential Manager.</Message><Level>Information</Level><Task>User Account Management</Task><Opcode>Info</Opcode><Channel>Security</Channel><Provider>Microsoft Windows security auditing.</Provider><Keywords><Keyword>Audit Success</Keyword></Keywords></RenderingInfo></Event><Event xmlns='http://schemas.microsoft.com/win/2004/08/events/event'><System><Provider Name='Microsoft-Windows-Security-Auditing' Guid='{54849625-5478-4994-a5ba-3e3b0328c30d}'/><EventID>5379</EventID><Version>0</Version><Level>0</Level><Task>13824</Task><Opcode>0</Opcode><Keywords>0x8020000000000000</Keywords><TimeCreated SystemTime='2026-07-16T10:49:15.6250128Z'/><EventRecordID>274767</EventRecordID><Correlation ActivityID='{d674bba0-1160-0000-82bc-74d66011dd01}'/><Execution ProcessID='948' ThreadID='10828'/><Channel>Security</Channel><Computer>DESKTOP-15MLO7N</Computer><Security/></System><EventData><Data Name='SubjectUserSid'>S-1-5-21-4135273746-3520294150-535758031-1001</Data><Data Name='SubjectUserName'>parma</Data><Data Name='SubjectDomainName'>DESKTOP-15MLO7N</Data><Data Name='SubjectLogonId'>0x4fa2d92</Data><Data Name='TargetName'>WindowsLive:(cert):name=02xhtdblrfbfuaer;serviceuri=*</Data><Data Name='Type'>0</Data><Data Name='CountOfCredentialsReturned'>0</Data><Data Name='ReadOperation'>%%8100</Data><Data Name='ReturnCode'>3221226021</Data><Data Name='ProcessCreationTime'>2026-07-11T20:34:18.2739730Z</Data><Data Name='ClientProcessId'>7928</Data></EventData><RenderingInfo Culture='en-IN'><Message>Credential Manager credentials were read.

Subject:
	Security ID:		S-1-5-21-4135273746-3520294150-535758031-1001
	Account Name:		parma
	Account Domain:		DESKTOP-15MLO7N
	Logon ID:		0x4FA2D92
	Read Operation:		Enumerate Credentials

This event occurs when a user performs a read operation on stored credentials in Credential Manager.</Message><Level>Information</Level><Task>User Account Management</Task><Opcode>Info</Opcode><Channel>Security</Channel><Provider>Microsoft Windows security auditing.</Provider><Keywords><Keyword>Audit Success</Keyword></Keywords></RenderingInfo></Event><Event xmlns='http://schemas.microsoft.com/win/2004/08/events/event'><System><Provider Name='Microsoft-Windows-Security-Auditing' Guid='{54849625-5478-4994-a5ba-3e3b0328c30d}'/><EventID>5379</EventID><Version>0</Version><Level>0</Level><Task>13824</Task><Opcode>0</Opcode><Keywords>0x8020000000000000</Keywords><TimeCreated SystemTime='2026-07-16T10:49:15.6243567Z'/><EventRecordID>274766</EventRecordID><Correlation ActivityID='{d674bba0-1160-0000-82bc-74d66011dd01}'/><Execution ProcessID='948' ThreadID='10828'/><Channel>Security</Channel><Computer>DESKTOP-15MLO7N</Computer><Security/></System><EventData><Data Name='SubjectUserSid'>S-1-5-21-4135273746-3520294150-535758031-1001</Data><Data Name='SubjectUserName'>parma</Data><Data Name='SubjectDomainName'>DESKTOP-15MLO7N</Data><Data Name='SubjectLogonId'>0x4fa2d92</Data><Data Name='TargetName'>WindowsLive:(token):name=02xhtdblrfbfuaer;serviceuri=*</Data><Data Name='Type'>0</Data><Data Name='CountOfCredentialsReturned'>0</Data><Data Name='ReadOperation'>%%8100</Data><Data Name='ReturnCode'>3221226021</Data><Data Name='ProcessCreationTime'>2026-07-11T20:34:18.2739730Z</Data><Data Name='ClientProcessId'>7928</Data></EventData><RenderingInfo Culture='en-IN'><Message>Credential Manager credentials were read.

Subject:
	Security ID:		S-1-5-21-4135273746-3520294150-535758031-1001
	Account Name:		parma
	Account Domain:		DESKTOP-15MLO7N
	Logon ID:		0x4FA2D92
	Read Operation:		Enumerate Credentials

This event occurs when a user performs a read operation on stored credentials in Credential Manager.</Message><Level>Information</Level><Task>User Account Management</Task><Opcode>Info</Opcode><Channel>Security</Channel><Provider>Microsoft Windows security auditing.</Provider><Keywords><Keyword>Audit Success</Keyword></Keywords></RenderingInfo></Event><Event xmlns='http://schemas.microsoft.com/win/2004/08/events/event'><System><Provider Name='Microsoft-Windows-Security-Auditing' Guid='{54849625-5478-4994-a5ba-3e3b0328c30d}'/><EventID>5379</EventID><Version>0</Version><Level>0</Level><Task>13824</Task><Opcode>0</Opcode><Keywords>0x8020000000000000</Keywords><TimeCreated SystemTime='2026-07-16T10:49:15.6242313Z'/><EventRecordID>274765</EventRecordID><Correlation ActivityID='{d674bba0-1160-0000-82bc-74d66011dd01}'/><Execution ProcessID='948' ThreadID='10828'/><Channel>Security</Channel><Computer>DESKTOP-15MLO7N</Computer><Security/></System><EventData><Data Name='SubjectUserSid'>S-1-5-21-4135273746-3520294150-535758031-1001</Data><Data Name='SubjectUserName'>parma</Data><Data Name='SubjectDomainName'>DESKTOP-15MLO7N</Data><Data Name='SubjectLogonId'>0x4fa2d92</Data><Data Name='TargetName'>MicrosoftAccount:user=02xhtdblrfbfuaer</Data><Data Name='Type'>0</Data><Data Name='CountOfCredentialsReturned'>0</Data><Data Name='ReadOperation'>%%8100</Data><Data Name='ReturnCode'>3221226021</Data><Data Name='ProcessCreationTime'>2026-07-11T20:34:18.2739730Z</Data><Data Name='ClientProcessId'>7928</Data></EventData><RenderingInfo Culture='en-IN'><Message>Credential Manager credentials were read.

Subject:
	Security ID:		S-1-5-21-4135273746-3520294150-535758031-1001
	Account Name:		parma
	Account Domain:		DESKTOP-15MLO7N
	Logon ID:		0x4FA2D92
	Read Operation:		Enumerate Credentials

This event occurs when a user performs a read operation on stored credentials in Credential Manager.</Message><Level>Information</Level><Task>User Account Management</Task><Opcode>Info</Opcode><Channel>Security</Channel><Provider>Microsoft Windows security auditing.</Provider><Keywords><Keyword>Audit Success</Keyword></Keywords></RenderingInfo></Event><Event xmlns='http://schemas.microsoft.com/win/2004/08/events/event'><System><Provider Name='Microsoft-Windows-Security-Auditing' Guid='{54849625-5478-4994-a5ba-3e3b0328c30d}'/><EventID>4799</EventID><Version>0</Version><Level>0</Level><Task>13826</Task><Opcode>0</Opcode><Keywords>0x8020000000000000</Keywords><TimeCreated SystemTime='2026-07-16T10:49:13.7133917Z'/><EventRecordID>274764</EventRecordID><Correlation ActivityID='{d674bba0-1160-0000-82bc-74d66011dd01}'/><Execution ProcessID='948' ThreadID='12412'/><Channel>Security</Channel><Computer>DESKTOP-15MLO7N</Computer><Security/></System><EventData><Data Name='TargetUserName'>Administrators</Data><Data Name='TargetDomainName'>Builtin</Data><Data Name='TargetSid'>S-1-5-32-544</Data><Data Name='SubjectUserSid'>S-1-5-21-4135273746-3520294150-535758031-1001</Data><Data Name='SubjectUserName'>parma</Data><Data Name='SubjectDomainName'>DESKTOP-15MLO7N</Data><Data Name='SubjectLogonId'>0x4fa2d1a</Data><Data Name='CallerProcessId'>0x2aec</Data><Data Name='CallerProcessName'>C:\Windows\System32\taskhostw.exe</Data></EventData><RenderingInfo Culture='en-IN'><Message>A security-enabled local group membership was enumerated.

Subject:
	Security ID:		S-1-5-21-4135273746-3520294150-535758031-1001
	Account Name:		parma
	Account Domain:		DESKTOP-15MLO7N
	Logon ID:		0x4FA2D1A

Group:
	Security ID:		S-1-5-32-544
	Group Name:		Administrators
	Group Domain:		Builtin

Process Information:
	Process ID:		0x2aec
	Process Name:		C:\Windows\System32\taskhostw.exe</Message><Level>Information</Level><Task>Security Group Management</Task><Opcode>Info</Opcode><Channel>Security</Channel><Provider>Microsoft Windows security auditing.</Provider><Keywords><Keyword>Audit Success</Keyword></Keywords></RenderingInfo></Event><Event xmlns='http://schemas.microsoft.com/win/2004/08/events/event'><System><Provider Name='Microsoft-Windows-Security-Auditing' Guid='{54849625-5478-4994-a5ba-3e3b0328c30d}'/><EventID>5382</EventID><Version>0</Version><Level>0</Level><Task>13824</Task><Opcode>0</Opcode><Keywords>0x8020000000000000</Keywords><TimeCreated SystemTime='2026-07-16T10:49:05.9073889Z'/><EventRecordID>274763</EventRecordID><Correlation/><Execution ProcessID='948' ThreadID='9912'/><Channel>Security</Channel><Computer>DESKTOP-15MLO7N</Computer><Security/></System><EventData><Data Name='SubjectUserSid'>S-1-5-18</Data><Data Name='SubjectUserName'>DESKTOP-15MLO7N$</Data><Data Name='SubjectDomainName'>WORKGROUP</Data><Data Name='SubjectLogonId'>0x3e7</Data><Data Name='SchemaFriendlyName'>NGC Local Accoount Logon Vault Resource Schema</Data><Data Name='Schema'>{1d4350a3-330d-4af9-b3ff-a927a45998ac}</Data><Data Name='Resource'>NGC Local Accoount Logon Vault Resource</Data><Data Name='Identity'>01050000000000051500000012457BF6066DD3D1CF04EF1FE9030000</Data><Data Name='PackageSid'></Data><Data Name='Flags'>0</Data><Data Name='ReturnCode'>1168</Data><Data Name='ProcessCreationTime'>2026-07-11T18:15:47.5849929Z</Data><Data Name='ClientProcessId'>6516</Data></EventData><RenderingInfo Culture='en-IN'><Message>Vault credentials were read.

Subject:
	Security ID:		S-1-5-18
	Account Name:		DESKTOP-15MLO7N$
	Account Domain:		WORKGROUP
	Logon ID:		0x3E7

This event occurs when a user reads a stored vault credential.</Message><Level>Information</Level><Task>User Account Management</Task><Opcode>Info</Opcode><Channel>Security</Channel><Provider>Microsoft Windows security auditing.</Provider><Keywords><Keyword>Audit Success</Keyword></Keywords></RenderingInfo></Event><Event xmlns='http://schemas.microsoft.com/win/2004/08/events/event'><System><Provider Name='Microsoft-Windows-Security-Auditing' Guid='{54849625-5478-4994-a5ba-3e3b0328c30d}'/><EventID>4634</EventID><Version>0</Version><Level>0</Level><Task>12545</Task><Opcode>0</Opcode><Keywords>0x8020000000000000</Keywords><TimeCreated SystemTime='2026-07-16T10:49:05.8198318Z'/><EventRecordID>274762</EventRecordID><Correlation/><Execution ProcessID='948' ThreadID='10828'/><Channel>Security</Channel><Computer>DESKTOP-15MLO7N</Computer><Security/></System><EventData><Data Name='TargetUserSid'>S-1-5-21-4135273746-3520294150-535758031-1001</Data><Data Name='TargetUserName'>parma</Data><Data Name='TargetDomainName'>DESKTOP-15MLO7N</Data><Data Name='TargetLogonId'>0x5011b27</Data><Data Name='LogonType'>2</Data></EventData><RenderingInfo Culture='en-IN'><Message>An account was logged off.

Subject:
	Security ID:		S-1-5-21-4135273746-3520294150-535758031-1001
	Account Name:		parma
	Account Domain:		DESKTOP-15MLO7N
	Logon ID:		0x5011B27

Logon Type:			2

This event is generated when a logon session is destroyed. It may be positively correlated with a logon event using the Logon ID value. Logon IDs are only unique between reboots on the same computer.</Message><Level>Information</Level><Task>Logoff</Task><Opcode>Info</Opcode><Channel>Security</Channel><Provider>Microsoft Windows security auditing.</Provider><Keywords><Keyword>Audit Success</Keyword></Keywords></RenderingInfo></Event><Event xmlns='http://schemas.microsoft.com/win/2004/08/events/event'><System><Provider Name='Microsoft-Windows-Security-Auditing' Guid='{54849625-5478-4994-a5ba-3e3b0328c30d}'/><EventID>4634</EventID><Version>0</Version><Level>0</Level><Task>12545</Task><Opcode>0</Opcode><Keywords>0x8020000000000000</Keywords><TimeCreated SystemTime='2026-07-16T10:49:05.8197909Z'/><EventRecordID>274761</EventRecordID><Correlation/><Execution ProcessID='948' ThreadID='9912'/><Channel>Security</Channel><Computer>DESKTOP-15MLO7N</Computer><Security/></System><EventData><Data Name='TargetUserSid'>S-1-5-21-4135273746-3520294150-535758031-1001</Data><Data Name='TargetUserName'>parma</Data><Data Name='TargetDomainName'>DESKTOP-15MLO7N</Data><Data Name='TargetLogonId'>0x5011eed</Data><Data Name='LogonType'>7</Data></EventData><RenderingInfo Culture='en-IN'><Message>An account was logged off.

Subject:
	Security ID:		S-1-5-21-4135273746-3520294150-535758031-1001
	Account Name:		parma
	Account Domain:		DESKTOP-15MLO7N
	Logon ID:		0x5011EED

Logon Type:			7

This event is generated when a logon session is destroyed. It may be positively correlated with a logon event using the Logon ID value. Logon IDs are only unique between reboots on the same computer.</Message><Level>Information</Level><Task>Logoff</Task><Opcode>Info</Opcode><Channel>Security</Channel><Provider>Microsoft Windows security auditing.</Provider><Keywords><Keyword>Audit Success</Keyword></Keywords></RenderingInfo></Event><Event xmlns='http://schemas.microsoft.com/win/2004/08/events/event'><System><Provider Name='Microsoft-Windows-Security-Auditing' Guid='{54849625-5478-4994-a5ba-3e3b0328c30d}'/><EventID>4634</EventID><Version>0</Version><Level>0</Level><Task>12545</Task><Opcode>0</Opcode><Keywords>0x8020000000000000</Keywords><TimeCreated SystemTime='2026-07-16T10:49:05.8197888Z'/><EventRecordID>274760</EventRecordID><Correlation/><Execution ProcessID='948' ThreadID='10828'/><Channel>Security</Channel><Computer>DESKTOP-15MLO7N</Computer><Security/></System><EventData><Data Name='TargetUserSid'>S-1-5-21-4135273746-3520294150-535758031-1001</Data><Data Name='TargetUserName'>parma</Data><Data Name='TargetDomainName'>DESKTOP-15MLO7N</Data><Data Name='TargetLogonId'>0x5011b6c</Data><Data Name='LogonType'>2</Data></EventData><RenderingInfo Culture='en-IN'><Message>An account was logged off.

Subject:
	Security ID:		S-1-5-21-4135273746-3520294150-535758031-1001
	Account Name:		parma
	Account Domain:		DESKTOP-15MLO7N
	Logon ID:		0x5011B6C

Logon Type:			2

This event is generated when a logon session is destroyed. It may be positively correlated with a logon event using the Logon ID value. Logon IDs are only unique between reboots on the same computer.</Message><Level>Information</Level><Task>Logoff</Task><Opcode>Info</Opcode><Channel>Security</Channel><Provider>Microsoft Windows security auditing.</Provider><Keywords><Keyword>Audit Success</Keyword></Keywords></RenderingInfo></Event><Event xmlns='http://schemas.microsoft.com/win/2004/08/events/event'><System><Provider Name='Microsoft-Windows-Security-Auditing' Guid='{54849625-5478-4994-a5ba-3e3b0328c30d}'/><EventID>4634</EventID><Version>0</Version><Level>0</Level><Task>12545</Task><Opcode>0</Opcode><Keywords>0x8020000000000000</Keywords><TimeCreated SystemTime='2026-07-16T10:49:05.8197208Z'/><EventRecordID>274759</EventRecordID><Correlation/><Execution ProcessID='948' ThreadID='10828'/><Channel>Security</Channel><Computer>DESKTOP-15MLO7N</Computer><Security/></System><EventData><Data Name='TargetUserSid'>S-1-5-21-4135273746-3520294150-535758031-1001</Data><Data Name='TargetUserName'>parma</Data><Data Name='TargetDomainName'>DESKTOP-15MLO7N</Data><Data Name='TargetLogonId'>0x5011f6a</Data><Data Name='LogonType'>7</Data></EventData><RenderingInfo Culture='en-IN'><Message>An account was logged off.

Subject:
	Security ID:		S-1-5-21-4135273746-3520294150-535758031-1001
	Account Name:		parma
	Account Domain:		DESKTOP-15MLO7N
	Logon ID:		0x5011F6A

Logon Type:			7

This event is generated when a logon session is destroyed. It may be positively correlated with a logon event using the Logon ID value. Logon IDs are only unique between reboots on the same computer.</Message><Level>Information</Level><Task>Logoff</Task><Opcode>Info</Opcode><Channel>Security</Channel><Provider>Microsoft Windows security auditing.</Provider><Keywords><Keyword>Audit Success</Keyword></Keywords></RenderingInfo></Event><Event xmlns='http://schemas.microsoft.com/win/2004/08/events/event'><System><Provider Name='Microsoft-Windows-Security-Auditing' Guid='{54849625-5478-4994-a5ba-3e3b0328c30d}'/><EventID>4672</EventID><Version>0</Version><Level>0</Level><Task>12548</Task><Opcode>0</Opcode><Keywords>0x8020000000000000</Keywords><TimeCreated SystemTime='2026-07-16T10:49:05.8195531Z'/><EventRecordID>274758</EventRecordID><Correlation/><Execution ProcessID='948' ThreadID='6844'/><Channel>Security</Channel><Computer>DESKTOP-15MLO7N</Computer><Security/></System><EventData><Data Name='SubjectUserSid'>S-1-5-21-4135273746-3520294150-535758031-1001</Data><Data Name='SubjectUserName'>parmarjigar8070@gmail.com</Data><Data Name='SubjectDomainName'>MicrosoftAccount</Data><Data Name='SubjectLogonId'>0x5011eed</Data><Data Name='PrivilegeList'>SeSecurityPrivilege
			SeTakeOwnershipPrivilege
			SeLoadDriverPrivilege
			SeBackupPrivilege
			SeRestorePrivilege
			SeDebugPrivilege
			SeSystemEnvironmentPrivilege
			SeImpersonatePrivilege
			SeDelegateSessionUserImpersonatePrivilege</Data></EventData><RenderingInfo Culture='en-IN'><Message>Special privileges assigned to new logon.

Subject:
	Security ID:		S-1-5-21-4135273746-3520294150-535758031-1001
	Account Name:		parmarjigar8070@gmail.com
	Account Domain:		MicrosoftAccount
	Logon ID:		0x5011EED

Privileges:		SeSecurityPrivilege
			SeTakeOwnershipPrivilege
			SeLoadDriverPrivilege
			SeBackupPrivilege
			SeRestorePrivilege
			SeDebugPrivilege
			SeSystemEnvironmentPrivilege
			SeImpersonatePrivilege
			SeDelegateSessionUserImpersonatePrivilege</Message><Level>Information</Level><Task>Special Logon</Task><Opcode>Info</Opcode><Channel>Security</Channel><Provider>Microsoft Windows security auditing.</Provider><Keywords><Keyword>Audit Success</Keyword></Keywords></RenderingInfo></Event>