<Event xmlns='http://schemas.microsoft.com/win/2004/08/events/event'><System><Provider Name='Microsoft-Windows-Security-Auditing' Guid='{54849625-5478-4994-a5ba-3e3b0328c30d}'/><EventID>4624</EventID><Version>2</Version><Level>0</Level><Task>12544</Task><Opcode>0</Opcode><Keywords>0x8020000000000000</Keywords><TimeCreated SystemTime='2026-07-16T10:49:05.8195431Z'/><EventRecordID>274757</EventRecordID><Correlation/><Execution ProcessID='948' ThreadID='6844'/><Channel>Security</Channel><Computer>DESKTOP-15MLO7N</Computer><Security/></System><EventData><Data Name='SubjectUserSid'>S-1-5-18</Data><Data Name='SubjectUserName'>DESKTOP-15MLO7N$</Data><Data Name='SubjectDomainName'>WORKGROUP</Data><Data Name='SubjectLogonId'>0x3e7</Data><Data Name='TargetUserSid'>S-1-5-21-4135273746-3520294150-535758031-1001</Data><Data Name='TargetUserName'>parmarjigar8070@gmail.com</Data><Data Name='TargetDomainName'>MicrosoftAccount</Data><Data Name='TargetLogonId'>0x5011f6a</Data><Data Name='LogonType'>7</Data><Data Name='LogonProcessName'>Negotiat</Data><Data Name='AuthenticationPackageName'>Negotiate</Data><Data Name='WorkstationName'>DESKTOP-15MLO7N</Data><Data Name='LogonGuid'>{00000000-0000-0000-0000-000000000000}</Data><Data Name='TransmittedServices'>-</Data><Data Name='LmPackageName'>-</Data><Data Name='KeyLength'>0</Data><Data Name='ProcessId'>0x3b4</Data><Data Name='ProcessName'>C:\Windows\System32\lsass.exe</Data><Data Name='IpAddress'>-</Data><Data Name='IpPort'>-</Data><Data Name='ImpersonationLevel'>%%1833</Data><Data Name='RestrictedAdminMode'>-</Data><Data Name='TargetOutboundUserName'>-</Data><Data Name='TargetOutboundDomainName'>-</Data><Data Name='VirtualAccount'>%%1843</Data><Data Name='TargetLinkedLogonId'>0x5011eed</Data><Data Name='ElevatedToken'>%%1843</Data></EventData><RenderingInfo Culture='en-IN'><Message>An account was successfully logged on.

Subject:
	Security ID:		S-1-5-18
	Account Name:		DESKTOP-15MLO7N$
	Account Domain:		WORKGROUP
	Logon ID:		0x3E7

Logon Information:
	Logon Type:		7
	Restricted Admin Mode:	-
	Virtual Account:		No
	Elevated Token:		No

Impersonation Level:		Impersonation

New Logon:
	Security ID:		S-1-5-21-4135273746-3520294150-535758031-1001
	Account Name:		parmarjigar8070@gmail.com
	Account Domain:		MicrosoftAccount
	Logon ID:		0x5011F6A
	Linked Logon ID:		0x5011EED
	Network Account Name:	-
	Network Account Domain:	-
	Logon GUID:		{00000000-0000-0000-0000-000000000000}

Process Information:
	Process ID:		0x3b4
	Process Name:		C:\Windows\System32\lsass.exe

Network Information:
	Workstation Name:	DESKTOP-15MLO7N
	Source Network Address:	-
	Source Port:		-

Detailed Authentication Information:
	Logon Process:		Negotiat
	Authentication Package:	Negotiate
	Transited Services:	-
	Package Name (NTLM only):	-
	Key Length:		0

This event is generated when a logon session is created. It is generated on the computer that was accessed.

The subject fields indicate the account on the local system which requested the logon. This is most commonly a service such as the Server service, or a local process such as Winlogon.exe or Services.exe.

The logon type field indicates the kind of logon that occurred. The most common types are 2 (interactive) and 3 (network).

The New Logon fields indicate the account for whom the new logon was created, i.e. the account that was logged on.

The network fields indicate where a remote logon request originated. Workstation name is not always available and may be left blank in some cases.

The impersonation level field indicates the extent to which a process in the logon session can impersonate.

The authentication information fields provide detailed information about this specific logon request.
	- Logon GUID is a unique identifier that can be used to correlate this event with a KDC event.
	- Transited services indicate which intermediate services have participated in this logon request.
	- Package name indicates which sub-protocol was used among the NTLM protocols.
	- Key length indicates the length of the generated session key. This will be 0 if no session key was requested.</Message><Level>Information</Level><Task>Logon</Task><Opcode>Info</Opcode><Channel>Security</Channel><Provider>Microsoft Windows security auditing.</Provider><Keywords><Keyword>Audit Success</Keyword></Keywords></RenderingInfo></Event><Event xmlns='http://schemas.microsoft.com/win/2004/08/events/event'><System><Provider Name='Microsoft-Windows-Security-Auditing' Guid='{54849625-5478-4994-a5ba-3e3b0328c30d}'/><EventID>4624</EventID><Version>2</Version><Level>0</Level><Task>12544</Task><Opcode>0</Opcode><Keywords>0x8020000000000000</Keywords><TimeCreated SystemTime='2026-07-16T10:49:05.8195162Z'/><EventRecordID>274756</EventRecordID><Correlation/><Execution ProcessID='948' ThreadID='6844'/><Channel>Security</Channel><Computer>DESKTOP-15MLO7N</Computer><Security/></System><EventData><Data Name='SubjectUserSid'>S-1-5-18</Data><Data Name='SubjectUserName'>DESKTOP-15MLO7N$</Data><Data Name='SubjectDomainName'>WORKGROUP</Data><Data Name='SubjectLogonId'>0x3e7</Data><Data Name='TargetUserSid'>S-1-5-21-4135273746-3520294150-535758031-1001</Data><Data Name='TargetUserName'>parmarjigar8070@gmail.com</Data><Data Name='TargetDomainName'>MicrosoftAccount</Data><Data Name='TargetLogonId'>0x5011eed</Data><Data Name='LogonType'>7</Data><Data Name='LogonProcessName'>Negotiat</Data><Data Name='AuthenticationPackageName'>Negotiate</Data><Data Name='WorkstationName'>DESKTOP-15MLO7N</Data><Data Name='LogonGuid'>{00000000-0000-0000-0000-000000000000}</Data><Data Name='TransmittedServices'>-</Data><Data Name='LmPackageName'>-</Data><Data Name='KeyLength'>0</Data><Data Name='ProcessId'>0x3b4</Data><Data Name='ProcessName'>C:\Windows\System32\lsass.exe</Data><Data Name='IpAddress'>-</Data><Data Name='IpPort'>-</Data><Data Name='ImpersonationLevel'>%%1833</Data><Data Name='RestrictedAdminMode'>-</Data><Data Name='TargetOutboundUserName'>-</Data><Data Name='TargetOutboundDomainName'>-</Data><Data Name='VirtualAccount'>%%1843</Data><Data Name='TargetLinkedLogonId'>0x5011f6a</Data><Data Name='ElevatedToken'>%%1842</Data></EventData><RenderingInfo Culture='en-IN'><Message>An account was successfully logged on.

Subject:
	Security ID:		S-1-5-18
	Account Name:		DESKTOP-15MLO7N$
	Account Domain:		WORKGROUP
	Logon ID:		0x3E7

Logon Information:
	Logon Type:		7
	Restricted Admin Mode:	-
	Virtual Account:		No
	Elevated Token:		Yes

Impersonation Level:		Impersonation

New Logon:
	Security ID:		S-1-5-21-4135273746-3520294150-535758031-1001
	Account Name:		parmarjigar8070@gmail.com
	Account Domain:		MicrosoftAccount
	Logon ID:		0x5011EED
	Linked Logon ID:		0x5011F6A
	Network Account Name:	-
	Network Account Domain:	-
	Logon GUID:		{00000000-0000-0000-0000-000000000000}

Process Information:
	Process ID:		0x3b4
	Process Name:		C:\Windows\System32\lsass.exe

Network Information:
	Workstation Name:	DESKTOP-15MLO7N
	Source Network Address:	-
	Source Port:		-

Detailed Authentication Information:
	Logon Process:		Negotiat
	Authentication Package:	Negotiate
	Transited Services:	-
	Package Name (NTLM only):	-
	Key Length:		0

This event is generated when a logon session is created. It is generated on the computer that was accessed.

The subject fields indicate the account on the local system which requested the logon. This is most commonly a service such as the Server service, or a local process such as Winlogon.exe or Services.exe.

The logon type field indicates the kind of logon that occurred. The most common types are 2 (interactive) and 3 (network).

The New Logon fields indicate the account for whom the new logon was created, i.e. the account that was logged on.

The network fields indicate where a remote logon request originated. Workstation name is not always available and may be left blank in some cases.

The impersonation level field indicates the extent to which a process in the logon session can impersonate.

The authentication information fields provide detailed information about this specific logon request.
	- Logon GUID is a unique identifier that can be used to correlate this event with a KDC event.
	- Transited services indicate which intermediate services have participated in this logon request.
	- Package name indicates which sub-protocol was used among the NTLM protocols.
	- Key length indicates the length of the generated session key. This will be 0 if no session key was requested.</Message><Level>Information</Level><Task>Logon</Task><Opcode>Info</Opcode><Channel>Security</Channel><Provider>Microsoft Windows security auditing.</Provider><Keywords><Keyword>Audit Success</Keyword></Keywords></RenderingInfo></Event><Event xmlns='http://schemas.microsoft.com/win/2004/08/events/event'><System><Provider Name='Microsoft-Windows-Security-Auditing' Guid='{54849625-5478-4994-a5ba-3e3b0328c30d}'/><EventID>4648</EventID><Version>0</Version><Level>0</Level><Task>12544</Task><Opcode>0</Opcode><Keywords>0x8020000000000000</Keywords><TimeCreated SystemTime='2026-07-16T10:49:05.8194818Z'/><EventRecordID>274755</EventRecordID><Correlation/><Execution ProcessID='948' ThreadID='6844'/><Channel>Security</Channel><Computer>DESKTOP-15MLO7N</Computer><Security/></System><EventData><Data Name='SubjectUserSid'>S-1-5-18</Data><Data Name='SubjectUserName'>DESKTOP-15MLO7N$</Data><Data Name='SubjectDomainName'>WORKGROUP</Data><Data Name='SubjectLogonId'>0x3e7</Data><Data Name='LogonGuid'>{00000000-0000-0000-0000-000000000000}</Data><Data Name='TargetUserName'>parmarjigar8070@gmail.com</Data><Data Name='TargetDomainName'>MicrosoftAccount</Data><Data Name='TargetLogonGuid'>{00000000-0000-0000-0000-000000000000}</Data><Data Name='TargetServerName'>localhost</Data><Data Name='TargetInfo'>localhost</Data><Data Name='ProcessId'>0x3b4</Data><Data Name='ProcessName'>C:\Windows\System32\lsass.exe</Data><Data Name='IpAddress'>-</Data><Data Name='IpPort'>-</Data></EventData><RenderingInfo Culture='en-IN'><Message>A logon was attempted using explicit credentials.

Subject:
	Security ID:		S-1-5-18
	Account Name:		DESKTOP-15MLO7N$
	Account Domain:		WORKGROUP
	Logon ID:		0x3E7
	Logon GUID:		{00000000-0000-0000-0000-000000000000}

Account Whose Credentials Were Used:
	Account Name:		parmarjigar8070@gmail.com
	Account Domain:		MicrosoftAccount
	Logon GUID:		{00000000-0000-0000-0000-000000000000}

Target Server:
	Target Server Name:	localhost
	Additional Information:	localhost

Process Information:
	Process ID:		0x3b4
	Process Name:		C:\Windows\System32\lsass.exe

Network Information:
	Network Address:	-
	Port:			-

This event is generated when a process attempts to log on an account by explicitly specifying that account’s credentials.  This most commonly occurs in batch-type configurations such as scheduled tasks, or when using the RUNAS command.</Message><Level>Information</Level><Task>Logon</Task><Opcode>Info</Opcode><Channel>Security</Channel><Provider>Microsoft Windows security auditing.</Provider><Keywords><Keyword>Audit Success</Keyword></Keywords></RenderingInfo></Event><Event xmlns='http://schemas.microsoft.com/win/2004/08/events/event'><System><Provider Name='Microsoft-Windows-Security-Auditing' Guid='{54849625-5478-4994-a5ba-3e3b0328c30d}'/><EventID>4738</EventID><Version>0</Version><Level>0</Level><Task>13824</Task><Opcode>0</Opcode><Keywords>0x8020000000000000</Keywords><TimeCreated SystemTime='2026-07-16T10:49:05.8120279Z'/><EventRecordID>274754</EventRecordID><Correlation/><Execution ProcessID='948' ThreadID='6844'/><Channel>Security</Channel><Computer>DESKTOP-15MLO7N</Computer><Security/></System><EventData><Data Name='Dummy'>-</Data><Data Name='TargetUserName'>parma</Data><Data Name='TargetDomainName'>DESKTOP-15MLO7N</Data><Data Name='TargetSid'>S-1-5-21-4135273746-3520294150-535758031-1001</Data><Data Name='SubjectUserSid'>S-1-5-18</Data><Data Name='SubjectUserName'>DESKTOP-15MLO7N$</Data><Data Name='SubjectDomainName'>WORKGROUP</Data><Data Name='SubjectLogonId'>0x3e7</Data><Data Name='PrivilegeList'>-</Data><Data Name='SamAccountName'>-</Data><Data Name='DisplayName'>%%1793</Data><Data Name='UserPrincipalName'>-</Data><Data Name='HomeDirectory'>-</Data><Data Name='HomePath'>-</Data><Data Name='ScriptPath'>-</Data><Data Name='ProfilePath'>-</Data><Data Name='UserWorkstations'>-</Data><Data Name='PasswordLastSet'>-</Data><Data Name='AccountExpires'>-</Data><Data Name='PrimaryGroupId'>-</Data><Data Name='AllowedToDelegateTo'>-</Data><Data Name='OldUacValue'>-</Data><Data Name='NewUacValue'>-</Data><Data Name='UserAccountControl'>-</Data><Data Name='UserParameters'>-</Data><Data Name='SidHistory'>-</Data><Data Name='LogonHours'>-</Data></EventData><RenderingInfo Culture='en-IN'><Message>A user account was changed.

Subject:
	Security ID:		S-1-5-18
	Account Name:		DESKTOP-15MLO7N$
	Account Domain:		WORKGROUP
	Logon ID:		0x3E7

Target Account:
	Security ID:		S-1-5-21-4135273746-3520294150-535758031-1001
	Account Name:		parma
	Account Domain:		DESKTOP-15MLO7N

Changed Attributes:
	SAM Account Name:	-
	Display Name:		&lt;value not set&gt;
	User Principal Name:	-
	Home Directory:		-
	Home Drive:		-
	Script Path:		-
	Profile Path:		-
	User Workstations:	-
	Password Last Set:	-
	Account Expires:		-
	Primary Group ID:	-
	AllowedToDelegateTo:	-
	Old UAC Value:		-
	New UAC Value:		-
	User Account Control:	-
	User Parameters:	-
	SID History:		-
	Logon Hours:		-

Additional Information:
	Privileges:		-</Message><Level>Information</Level><Task>User Account Management</Task><Opcode>Info</Opcode><Channel>Security</Channel><Provider>Microsoft Windows security auditing.</Provider><Keywords><Keyword>Audit Success</Keyword></Keywords></RenderingInfo></Event><Event xmlns='http://schemas.microsoft.com/win/2004/08/events/event'><System><Provider Name='Microsoft-Windows-Security-Auditing' Guid='{54849625-5478-4994-a5ba-3e3b0328c30d}'/><EventID>5059</EventID><Version>1</Version><Level>0</Level><Task>12292</Task><Opcode>0</Opcode><Keywords>0x8020000000000000</Keywords><TimeCreated SystemTime='2026-07-16T10:49:05.7497284Z'/><EventRecordID>274753</EventRecordID><Correlation ActivityID='{d674bba0-1160-0000-82bc-74d66011dd01}'/><Execution ProcessID='948' ThreadID='10828'/><Channel>Security</Channel><Computer>DESKTOP-15MLO7N</Computer><Security/></System><EventData><Data Name='SubjectUserSid'>S-1-5-19</Data><Data Name='SubjectUserName'>LOCAL SERVICE</Data><Data Name='SubjectDomainName'>NT AUTHORITY</Data><Data Name='SubjectLogonId'>0x3e5</Data><Data Name='ClientProcessId'>6560</Data><Data Name='ClientCreationTime'>2026-07-11T18:15:47.8017743Z</Data><Data Name='ProviderName'>Microsoft Software Key Storage Provider</Data><Data Name='AlgorithmName'>RSA</Data><Data Name='KeyName'>{CC9F90B0-F25D-44F4-B01F-FCFBDB019A2B}</Data><Data Name='KeyType'>%%2500</Data><Data Name='Operation'>%%2464</Data><Data Name='ReturnCode'>0x0</Data></EventData><RenderingInfo Culture='en-IN'><Message>Key migration operation.

Subject:
	Security ID:		S-1-5-19
	Account Name:		LOCAL SERVICE
	Account Domain:		NT AUTHORITY
	Logon ID:		0x3E5

Process Information:
	Process ID:		6560
	Process Creation Time:	‎2026‎-‎07‎-‎11T18:15:47.801774300Z

Cryptographic Parameters:
	Provider Name:	Microsoft Software Key Storage Provider
	Algorithm Name:	RSA
	Key Name:	{CC9F90B0-F25D-44F4-B01F-FCFBDB019A2B}
	Key Type:	User key.

Additional Information:
	Operation:	Export of persistent cryptographic key.
	Return Code:	0x0</Message><Level>Information</Level><Task>Other System Events</Task><Opcode>Info</Opcode><Channel>Security</Channel><Provider>Microsoft Windows security auditing.</Provider><Keywords><Keyword>Audit Success</Keyword></Keywords></RenderingInfo></Event><Event xmlns='http://schemas.microsoft.com/win/2004/08/events/event'><System><Provider Name='Microsoft-Windows-Security-Auditing' Guid='{54849625-5478-4994-a5ba-3e3b0328c30d}'/><EventID>5059</EventID><Version>1</Version><Level>0</Level><Task>12292</Task><Opcode>0</Opcode><Keywords>0x8020000000000000</Keywords><TimeCreated SystemTime='2026-07-16T10:49:05.7474433Z'/><EventRecordID>274752</EventRecordID><Correlation ActivityID='{d674bba0-1160-0000-82bc-74d66011dd01}'/><Execution ProcessID='948' ThreadID='10828'/><Channel>Security</Channel><Computer>DESKTOP-15MLO7N</Computer><Security/></System><EventData><Data Name='SubjectUserSid'>S-1-5-19</Data><Data Name='SubjectUserName'>LOCAL SERVICE</Data><Data Name='SubjectDomainName'>NT AUTHORITY</Data><Data Name='SubjectLogonId'>0x3e5</Data><Data Name='ClientProcessId'>6560</Data><Data Name='ClientCreationTime'>2026-07-11T18:15:47.8017743Z</Data><Data Name='ProviderName'>Microsoft Software Key Storage Provider</Data><Data Name='AlgorithmName'>RSA</Data><Data Name='KeyName'>{CC9F90B0-F25D-44F4-B01F-FCFBDB019A2B}</Data><Data Name='KeyType'>%%2500</Data><Data Name='Operation'>%%2464</Data><Data Name='ReturnCode'>0x0</Data></EventData><RenderingInfo Culture='en-IN'><Message>Key migration operation.

Subject:
	Security ID:		S-1-5-19
	Account Name:		LOCAL SERVICE
	Account Domain:		NT AUTHORITY
	Logon ID:		0x3E5

Process Information:
	Process ID:		6560
	Process Creation Time:	‎2026‎-‎07‎-‎11T18:15:47.801774300Z

Cryptographic Parameters:
	Provider Name:	Microsoft Software Key Storage Provider
	Algorithm Name:	RSA
	Key Name:	{CC9F90B0-F25D-44F4-B01F-FCFBDB019A2B}
	Key Type:	User key.

Additional Information:
	Operation:	Export of persistent cryptographic key.
	Return Code:	0x0</Message><Level>Information</Level><Task>Other System Events</Task><Opcode>Info</Opcode><Channel>Security</Channel><Provider>Microsoft Windows security auditing.</Provider><Keywords><Keyword>Audit Success</Keyword></Keywords></RenderingInfo></Event><Event xmlns='http://schemas.microsoft.com/win/2004/08/events/event'><System><Provider Name='Microsoft-Windows-Security-Auditing' Guid='{54849625-5478-4994-a5ba-3e3b0328c30d}'/><EventID>4672</EventID><Version>0</Version><Level>0</Level><Task>12548</Task><Opcode>0</Opcode><Keywords>0x8020000000000000</Keywords><TimeCreated SystemTime='2026-07-16T10:49:05.7358624Z'/><EventRecordID>274751</EventRecordID><Correlation ActivityID='{d674bba0-1160-0000-82bc-74d66011dd01}'/><Execution ProcessID='948' ThreadID='11152'/><Channel>Security</Channel><Computer>DESKTOP-15MLO7N</Computer><Security/></System><EventData><Data Name='SubjectUserSid'>S-1-5-21-4135273746-3520294150-535758031-1001</Data><Data Name='SubjectUserName'>parmarjigar8070@gmail.com</Data><Data Name='SubjectDomainName'>MicrosoftAccount</Data><Data Name='SubjectLogonId'>0x5011b27</Data><Data Name='PrivilegeList'>SeSecurityPrivilege
			SeTakeOwnershipPrivilege
			SeLoadDriverPrivilege
			SeBackupPrivilege
			SeRestorePrivilege
			SeDebugPrivilege
			SeSystemEnvironmentPrivilege
			SeImpersonatePrivilege
			SeDelegateSessionUserImpersonatePrivilege</Data></EventData><RenderingInfo Culture='en-IN'><Message>Special privileges assigned to new logon.

Subject:
	Security ID:		S-1-5-21-4135273746-3520294150-535758031-1001
	Account Name:		parmarjigar8070@gmail.com
	Account Domain:		MicrosoftAccount
	Logon ID:		0x5011B27

Privileges:		SeSecurityPrivilege
			SeTakeOwnershipPrivilege
			SeLoadDriverPrivilege
			SeBackupPrivilege
			SeRestorePrivilege
			SeDebugPrivilege
			SeSystemEnvironmentPrivilege
			SeImpersonatePrivilege
			SeDelegateSessionUserImpersonatePrivilege</Message><Level>Information</Level><Task>Special Logon</Task><Opcode>Info</Opcode><Channel>Security</Channel><Provider>Microsoft Windows security auditing.</Provider><Keywords><Keyword>Audit Success</Keyword></Keywords></RenderingInfo></Event><Event xmlns='http://schemas.microsoft.com/win/2004/08/events/event'><System><Provider Name='Microsoft-Windows-Security-Auditing' Guid='{54849625-5478-4994-a5ba-3e3b0328c30d}'/><EventID>4624</EventID><Version>2</Version><Level>0</Level><Task>12544</Task><Opcode>0</Opcode><Keywords>0x8020000000000000</Keywords><TimeCreated SystemTime='2026-07-16T10:49:05.7358518Z'/><EventRecordID>274750</EventRecordID><Correlation ActivityID='{d674bba0-1160-0000-82bc-74d66011dd01}'/><Execution ProcessID='948' ThreadID='11152'/><Channel>Security</Channel><Computer>DESKTOP-15MLO7N</Computer><Security/></System><EventData><Data Name='SubjectUserSid'>S-1-5-18</Data><Data Name='SubjectUserName'>DESKTOP-15MLO7N$</Data><Data Name='SubjectDomainName'>WORKGROUP</Data><Data Name='SubjectLogonId'>0x3e7</Data><Data Name='TargetUserSid'>S-1-5-21-4135273746-3520294150-535758031-1001</Data><Data Name='TargetUserName'>parmarjigar8070@gmail.com</Data><Data Name='TargetDomainName'>MicrosoftAccount</Data><Data Name='TargetLogonId'>0x5011b6c</Data><Data Name='LogonType'>11</Data><Data Name='LogonProcessName'>User32 </Data><Data Name='AuthenticationPackageName'>Negotiate</Data><Data Name='WorkstationName'>DESKTOP-15MLO7N</Data><Data Name='LogonGuid'>{00000000-0000-0000-0000-000000000000}</Data><Data Name='TransmittedServices'>-</Data><Data Name='LmPackageName'>-</Data><Data Name='KeyLength'>0</Data><Data Name='ProcessId'>0x6d0</Data><Data Name='ProcessName'>C:\Windows\System32\svchost.exe</Data><Data Name='IpAddress'>127.0.0.1</Data><Data Name='IpPort'>0</Data><Data Name='ImpersonationLevel'>%%1833</Data><Data Name='RestrictedAdminMode'>-</Data><Data Name='TargetOutboundUserName'>-</Data><Data Name='TargetOutboundDomainName'>-</Data><Data Name='VirtualAccount'>%%1843</Data><Data Name='TargetLinkedLogonId'>0x5011b27</Data><Data Name='ElevatedToken'>%%1843</Data></EventData><RenderingInfo Culture='en-IN'><Message>An account was successfully logged on.

Subject:
	Security ID:		S-1-5-18
	Account Name:		DESKTOP-15MLO7N$
	Account Domain:		WORKGROUP
	Logon ID:		0x3E7

Logon Information:
	Logon Type:		11
	Restricted Admin Mode:	-
	Virtual Account:		No
	Elevated Token:		No

Impersonation Level:		Impersonation

New Logon:
	Security ID:		S-1-5-21-4135273746-3520294150-535758031-1001
	Account Name:		parmarjigar8070@gmail.com
	Account Domain:		MicrosoftAccount
	Logon ID:		0x5011B6C
	Linked Logon ID:		0x5011B27
	Network Account Name:	-
	Network Account Domain:	-
	Logon GUID:		{00000000-0000-0000-0000-000000000000}

Process Information:
	Process ID:		0x6d0
	Process Name:		C:\Windows\System32\svchost.exe

Network Information:
	Workstation Name:	DESKTOP-15MLO7N
	Source Network Address:	127.0.0.1
	Source Port:		0

Detailed Authentication Information:
	Logon Process:		User32 
	Authentication Package:	Negotiate
	Transited Services:	-
	Package Name (NTLM only):	-
	Key Length:		0

This event is generated when a logon session is created. It is generated on the computer that was accessed.

The subject fields indicate the account on the local system which requested the logon. This is most commonly a service such as the Server service, or a local process such as Winlogon.exe or Services.exe.

The logon type field indicates the kind of logon that occurred. The most common types are 2 (interactive) and 3 (network).

The New Logon fields indicate the account for whom the new logon was created, i.e. the account that was logged on.

The network fields indicate where a remote logon request originated. Workstation name is not always available and may be left blank in some cases.

The impersonation level field indicates the extent to which a process in the logon session can impersonate.

The authentication information fields provide detailed information about this specific logon request.
	- Logon GUID is a unique identifier that can be used to correlate this event with a KDC event.
	- Transited services indicate which intermediate services have participated in this logon request.
	- Package name indicates which sub-protocol was used among the NTLM protocols.
	- Key length indicates the length of the generated session key. This will be 0 if no session key was requested.</Message><Level>Information</Level><Task>Logon</Task><Opcode>Info</Opcode><Channel>Security</Channel><Provider>Microsoft Windows security auditing.</Provider><Keywords><Keyword>Audit Success</Keyword></Keywords></RenderingInfo></Event><Event xmlns='http://schemas.microsoft.com/win/2004/08/events/event'><System><Provider Name='Microsoft-Windows-Security-Auditing' Guid='{54849625-5478-4994-a5ba-3e3b0328c30d}'/><EventID>4624</EventID><Version>2</Version><Level>0</Level><Task>12544</Task><Opcode>0</Opcode><Keywords>0x8020000000000000</Keywords><TimeCreated SystemTime='2026-07-16T10:49:05.7358130Z'/><EventRecordID>274749</EventRecordID><Correlation ActivityID='{d674bba0-1160-0000-82bc-74d66011dd01}'/><Execution ProcessID='948' ThreadID='11152'/><Channel>Security</Channel><Computer>DESKTOP-15MLO7N</Computer><Security/></System><EventData><Data Name='SubjectUserSid'>S-1-5-18</Data><Data Name='SubjectUserName'>DESKTOP-15MLO7N$</Data><Data Name='SubjectDomainName'>WORKGROUP</Data><Data Name='SubjectLogonId'>0x3e7</Data><Data Name='TargetUserSid'>S-1-5-21-4135273746-3520294150-535758031-1001</Data><Data Name='TargetUserName'>parmarjigar8070@gmail.com</Data><Data Name='TargetDomainName'>MicrosoftAccount</Data><Data Name='TargetLogonId'>0x5011b27</Data><Data Name='LogonType'>11</Data><Data Name='LogonProcessName'>User32 </Data><Data Name='AuthenticationPackageName'>Negotiate</Data><Data Name='WorkstationName'>DESKTOP-15MLO7N</Data><Data Name='LogonGuid'>{00000000-0000-0000-0000-000000000000}</Data><Data Name='TransmittedServices'>-</Data><Data Name='LmPackageName'>-</Data><Data Name='KeyLength'>0</Data><Data Name='ProcessId'>0x6d0</Data><Data Name='ProcessName'>C:\Windows\System32\svchost.exe</Data><Data Name='IpAddress'>127.0.0.1</Data><Data Name='IpPort'>0</Data><Data Name='ImpersonationLevel'>%%1833</Data><Data Name='RestrictedAdminMode'>-</Data><Data Name='TargetOutboundUserName'>-</Data><Data Name='TargetOutboundDomainName'>-</Data><Data Name='VirtualAccount'>%%1843</Data><Data Name='TargetLinkedLogonId'>0x5011b6c</Data><Data Name='ElevatedToken'>%%1842</Data></EventData><RenderingInfo Culture='en-IN'><Message>An account was successfully logged on.

Subject:
	Security ID:		S-1-5-18
	Account Name:		DESKTOP-15MLO7N$
	Account Domain:		WORKGROUP
	Logon ID:		0x3E7

Logon Information:
	Logon Type:		11
	Restricted Admin Mode:	-
	Virtual Account:		No
	Elevated Token:		Yes

Impersonation Level:		Impersonation

New Logon:
	Security ID:		S-1-5-21-4135273746-3520294150-535758031-1001
	Account Name:		parmarjigar8070@gmail.com
	Account Domain:		MicrosoftAccount
	Logon ID:		0x5011B27
	Linked Logon ID:		0x5011B6C
	Network Account Name:	-
	Network Account Domain:	-
	Logon GUID:		{00000000-0000-0000-0000-000000000000}

Process Information:
	Process ID:		0x6d0
	Process Name:		C:\Windows\System32\svchost.exe

Network Information:
	Workstation Name:	DESKTOP-15MLO7N
	Source Network Address:	127.0.0.1
	Source Port:		0

Detailed Authentication Information:
	Logon Process:		User32 
	Authentication Package:	Negotiate
	Transited Services:	-
	Package Name (NTLM only):	-
	Key Length:		0

This event is generated when a logon session is created. It is generated on the computer that was accessed.

The subject fields indicate the account on the local system which requested the logon. This is most commonly a service such as the Server service, or a local process such as Winlogon.exe or Services.exe.

The logon type field indicates the kind of logon that occurred. The most common types are 2 (interactive) and 3 (network).

The New Logon fields indicate the account for whom the new logon was created, i.e. the account that was logged on.

The network fields indicate where a remote logon request originated. Workstation name is not always available and may be left blank in some cases.

The impersonation level field indicates the extent to which a process in the logon session can impersonate.

The authentication information fields provide detailed information about this specific logon request.
	- Logon GUID is a unique identifier that can be used to correlate this event with a KDC event.
	- Transited services indicate which intermediate services have participated in this logon request.
	- Package name indicates which sub-protocol was used among the NTLM protocols.
	- Key length indicates the length of the generated session key. This will be 0 if no session key was requested.</Message><Level>Information</Level><Task>Logon</Task><Opcode>Info</Opcode><Channel>Security</Channel><Provider>Microsoft Windows security auditing.</Provider><Keywords><Keyword>Audit Success</Keyword></Keywords></RenderingInfo></Event><Event xmlns='http://schemas.microsoft.com/win/2004/08/events/event'><System><Provider Name='Microsoft-Windows-Security-Auditing' Guid='{54849625-5478-4994-a5ba-3e3b0328c30d}'/><EventID>4648</EventID><Version>0</Version><Level>0</Level><Task>12544</Task><Opcode>0</Opcode><Keywords>0x8020000000000000</Keywords><TimeCreated SystemTime='2026-07-16T10:49:05.7357612Z'/><EventRecordID>274748</EventRecordID><Correlation ActivityID='{d674bba0-1160-0000-82bc-74d66011dd01}'/><Execution ProcessID='948' ThreadID='11152'/><Channel>Security</Channel><Computer>DESKTOP-15MLO7N</Computer><Security/></System><EventData><Data Name='SubjectUserSid'>S-1-5-18</Data><Data Name='SubjectUserName'>DESKTOP-15MLO7N$</Data><Data Name='SubjectDomainName'>WORKGROUP</Data><Data Name='SubjectLogonId'>0x3e7</Data><Data Name='LogonGuid'>{00000000-0000-0000-0000-000000000000}</Data><Data Name='TargetUserName'>parmarjigar8070@gmail.com</Data><Data Name='TargetDomainName'>MicrosoftAccount</Data><Data Name='TargetLogonGuid'>{00000000-0000-0000-0000-000000000000}</Data><Data Name='TargetServerName'>localhost</Data><Data Name='TargetInfo'>localhost</Data><Data Name='ProcessId'>0x6d0</Data><Data Name='ProcessName'>C:\Windows\System32\svchost.exe</Data><Data Name='IpAddress'>127.0.0.1</Data><Data Name='IpPort'>0</Data></EventData><RenderingInfo Culture='en-IN'><Message>A logon was attempted using explicit credentials.

Subject:
	Security ID:		S-1-5-18
	Account Name:		DESKTOP-15MLO7N$
	Account Domain:		WORKGROUP
	Logon ID:		0x3E7
	Logon GUID:		{00000000-0000-0000-0000-000000000000}

Account Whose Credentials Were Used:
	Account Name:		parmarjigar8070@gmail.com
	Account Domain:		MicrosoftAccount
	Logon GUID:		{00000000-0000-0000-0000-000000000000}

Target Server:
	Target Server Name:	localhost
	Additional Information:	localhost

Process Information:
	Process ID:		0x6d0
	Process Name:		C:\Windows\System32\svchost.exe

Network Information:
	Network Address:	127.0.0.1
	Port:			0

This event is generated when a process attempts to log on an account by explicitly specifying that account’s credentials.  This most commonly occurs in batch-type configurations such as scheduled tasks, or when using the RUNAS command.</Message><Level>Information</Level><Task>Logon</Task><Opcode>Info</Opcode><Channel>Security</Channel><Provider>Microsoft Windows security auditing.</Provider><Keywords><Keyword>Audit Success</Keyword></Keywords></RenderingInfo></Event><Event xmlns='http://schemas.microsoft.com/win/2004/08/events/event'><System><Provider Name='Microsoft-Windows-Security-Auditing' Guid='{54849625-5478-4994-a5ba-3e3b0328c30d}'/><EventID>4738</EventID><Version>0</Version><Level>0</Level><Task>13824</Task><Opcode>0</Opcode><Keywords>0x8020000000000000</Keywords><TimeCreated SystemTime='2026-07-16T10:49:05.7288789Z'/><EventRecordID>274747</EventRecordID><Correlation ActivityID='{d674bba0-1160-0000-82bc-74d66011dd01}'/><Execution ProcessID='948' ThreadID='11152'/><Channel>Security</Channel><Computer>DESKTOP-15MLO7N</Computer><Security/></System><EventData><Data Name='Dummy'>-</Data><Data Name='TargetUserName'>parma</Data><Data Name='TargetDomainName'>DESKTOP-15MLO7N</Data><Data Name='TargetSid'>S-1-5-21-4135273746-3520294150-535758031-1001</Data><Data Name='SubjectUserSid'>S-1-5-18</Data><Data Name='SubjectUserName'>DESKTOP-15MLO7N$</Data><Data Name='SubjectDomainName'>WORKGROUP</Data><Data Name='SubjectLogonId'>0x3e7</Data><Data Name='PrivilegeList'>-</Data><Data Name='SamAccountName'>-</Data><Data Name='DisplayName'>%%1793</Data><Data Name='UserPrincipalName'>-</Data><Data Name='HomeDirectory'>-</Data><Data Name='HomePath'>-</Data><Data Name='ScriptPath'>-</Data><Data Name='ProfilePath'>-</Data><Data Name='UserWorkstations'>-</Data><Data Name='PasswordLastSet'>-</Data><Data Name='AccountExpires'>-</Data><Data Name='PrimaryGroupId'>-</Data><Data Name='AllowedToDelegateTo'>-</Data><Data Name='OldUacValue'>-</Data><Data Name='NewUacValue'>-</Data><Data Name='UserAccountControl'>-</Data><Data Name='UserParameters'>-</Data><Data Name='SidHistory'>-</Data><Data Name='LogonHours'>-</Data></EventData><RenderingInfo Culture='en-IN'><Message>A user account was changed.

Subject:
	Security ID:		S-1-5-18
	Account Name:		DESKTOP-15MLO7N$
	Account Domain:		WORKGROUP
	Logon ID:		0x3E7

Target Account:
	Security ID:		S-1-5-21-4135273746-3520294150-535758031-1001
	Account Name:		parma
	Account Domain:		DESKTOP-15MLO7N

Changed Attributes:
	SAM Account Name:	-
	Display Name:		&lt;value not set&gt;
	User Principal Name:	-
	Home Directory:		-
	Home Drive:		-
	Script Path:		-
	Profile Path:		-
	User Workstations:	-
	Password Last Set:	-
	Account Expires:		-
	Primary Group ID:	-
	AllowedToDelegateTo:	-
	Old UAC Value:		-
	New UAC Value:		-
	User Account Control:	-
	User Parameters:	-
	SID History:		-
	Logon Hours:		-

Additional Information:
	Privileges:		-</Message><Level>Information</Level><Task>User Account Management</Task><Opcode>Info</Opcode><Channel>Security</Channel><Provider>Microsoft Windows security auditing.</Provider><Keywords><Keyword>Audit Success</Keyword></Keywords></RenderingInfo></Event><Event xmlns='http://schemas.microsoft.com/win/2004/08/events/event'><System><Provider Name='Microsoft-Windows-Security-Auditing' Guid='{54849625-5478-4994-a5ba-3e3b0328c30d}'/><EventID>5059</EventID><Version>1</Version><Level>0</Level><Task>12292</Task><Opcode>0</Opcode><Keywords>0x8020000000000000</Keywords><TimeCreated SystemTime='2026-07-16T10:49:05.4139625Z'/><EventRecordID>274746</EventRecordID><Correlation ActivityID='{d674bba0-1160-0000-82bc-74d66011dd01}'/><Execution ProcessID='948' ThreadID='9912'/><Channel>Security</Channel><Computer>DESKTOP-15MLO7N</Computer><Security/></System><EventData><Data Name='SubjectUserSid'>S-1-5-19</Data><Data Name='SubjectUserName'>LOCAL SERVICE</Data><Data Name='SubjectDomainName'>NT AUTHORITY</Data><Data Name='SubjectLogonId'>0x3e5</Data><Data Name='ClientProcessId'>6560</Data><Data Name='ClientCreationTime'>2026-07-11T18:15:47.8017743Z</Data><Data Name='ProviderName'>Microsoft Software Key Storage Provider</Data><Data Name='AlgorithmName'>RSA</Data><Data Name='KeyName'>{CC9F90B0-F25D-44F4-B01F-FCFBDB019A2B}</Data><Data Name='KeyType'>%%2500</Data><Data Name='Operation'>%%2464</Data><Data Name='ReturnCode'>0x0</Data></EventData><RenderingInfo Culture='en-IN'><Message>Key migration operation.

Subject:
	Security ID:		S-1-5-19
	Account Name:		LOCAL SERVICE
	Account Domain:		NT AUTHORITY
	Logon ID:		0x3E5

Process Information:
	Process ID:		6560
	Process Creation Time:	‎2026‎-‎07‎-‎11T18:15:47.801774300Z

Cryptographic Parameters:
	Provider Name:	Microsoft Software Key Storage Provider
	Algorithm Name:	RSA
	Key Name:	{CC9F90B0-F25D-44F4-B01F-FCFBDB019A2B}
	Key Type:	User key.

Additional Information:
	Operation:	Export of persistent cryptographic key.
	Return Code:	0x0</Message><Level>Information</Level><Task>Other System Events</Task><Opcode>Info</Opcode><Channel>Security</Channel><Provider>Microsoft Windows security auditing.</Provider><Keywords><Keyword>Audit Success</Keyword></Keywords></RenderingInfo></Event><Event xmlns='http://schemas.microsoft.com/win/2004/08/events/event'><System><Provider Name='Microsoft-Windows-Security-Auditing' Guid='{54849625-5478-4994-a5ba-3e3b0328c30d}'/><EventID>5059</EventID><Version>1</Version><Level>0</Level><Task>12292</Task><Opcode>0</Opcode><Keywords>0x8020000000000000</Keywords><TimeCreated SystemTime='2026-07-16T10:49:05.4084120Z'/><EventRecordID>274745</EventRecordID><Correlation ActivityID='{d674bba0-1160-0000-82bc-74d66011dd01}'/><Execution ProcessID='948' ThreadID='9912'/><Channel>Security</Channel><Computer>DESKTOP-15MLO7N</Computer><Security/></System><EventData><Data Name='SubjectUserSid'>S-1-5-19</Data><Data Name='SubjectUserName'>LOCAL SERVICE</Data><Data Name='SubjectDomainName'>NT AUTHORITY</Data><Data Name='SubjectLogonId'>0x3e5</Data><Data Name='ClientProcessId'>6560</Data><Data Name='ClientCreationTime'>2026-07-11T18:15:47.8017743Z</Data><Data Name='ProviderName'>Microsoft Software Key Storage Provider</Data><Data Name='AlgorithmName'>RSA</Data><Data Name='KeyName'>{CC9F90B0-F25D-44F4-B01F-FCFBDB019A2B}</Data><Data Name='KeyType'>%%2500</Data><Data Name='Operation'>%%2464</Data><Data Name='ReturnCode'>0x0</Data></EventData><RenderingInfo Culture='en-IN'><Message>Key migration operation.

Subject:
	Security ID:		S-1-5-19
	Account Name:		LOCAL SERVICE
	Account Domain:		NT AUTHORITY
	Logon ID:		0x3E5

Process Information:
	Process ID:		6560
	Process Creation Time:	‎2026‎-‎07‎-‎11T18:15:47.801774300Z

Cryptographic Parameters:
	Provider Name:	Microsoft Software Key Storage Provider
	Algorithm Name:	RSA
	Key Name:	{CC9F90B0-F25D-44F4-B01F-FCFBDB019A2B}
	Key Type:	User key.

Additional Information:
	Operation:	Export of persistent cryptographic key.
	Return Code:	0x0</Message><Level>Information</Level><Task>Other System Events</Task><Opcode>Info</Opcode><Channel>Security</Channel><Provider>Microsoft Windows security auditing.</Provider><Keywords><Keyword>Audit Success</Keyword></Keywords></RenderingInfo></Event><Event xmlns='http://schemas.microsoft.com/win/2004/08/events/event'><System><Provider Name='Microsoft-Windows-Security-Auditing' Guid='{54849625-5478-4994-a5ba-3e3b0328c30d}'/><EventID>5379</EventID><Version>0</Version><Level>0</Level><Task>13824</Task><Opcode>0</Opcode><Keywords>0x8020000000000000</Keywords><TimeCreated SystemTime='2026-07-16T10:48:59.5866381Z'/><EventRecordID>274744</EventRecordID><Correlation ActivityID='{d674bba0-1160-0000-82bc-74d66011dd01}'/><Execution ProcessID='948' ThreadID='11152'/><Channel>Security</Channel><Computer>DESKTOP-15MLO7N</Computer><Security/></System><EventData><Data Name='SubjectUserSid'>S-1-5-18</Data><Data Name='SubjectUserName'>DESKTOP-15MLO7N$</Data><Data Name='SubjectDomainName'>WORKGROUP</Data><Data Name='SubjectLogonId'>0x3e7</Data><Data Name='TargetName'>MicrosoftAccount:user=02axpnyczfmuxmji</Data><Data Name='Type'>0</Data><Data Name='CountOfCredentialsReturned'>0</Data><Data Name='ReadOperation'>%%8100</Data><Data Name='ReturnCode'>3221226021</Data><Data Name='ProcessCreationTime'>2026-07-11T20:34:18.2739730Z</Data><Data Name='ClientProcessId'>7928</Data></EventData><RenderingInfo Culture='en-IN'><Message>Credential Manager credentials were read.

Subject:
	Security ID:		S-1-5-18
	Account Name:		DESKTOP-15MLO7N$
	Account Domain:		WORKGROUP
	Logon ID:		0x3E7
	Read Operation:		Enumerate Credentials

This event occurs when a user performs a read operation on stored credentials in Credential Manager.</Message><Level>Information</Level><Task>User Account Management</Task><Opcode>Info</Opcode><Channel>Security</Channel><Provider>Microsoft Windows security auditing.</Provider><Keywords><Keyword>Audit Success</Keyword></Keywords></RenderingInfo></Event><Event xmlns='http://schemas.microsoft.com/win/2004/08/events/event'><System><Provider Name='Microsoft-Windows-Security-Auditing' Guid='{54849625-5478-4994-a5ba-3e3b0328c30d}'/><EventID>5379</EventID><Version>0</Version><Level>0</Level><Task>13824</Task><Opcode>0</Opcode><Keywords>0x8020000000000000</Keywords><TimeCreated SystemTime='2026-07-16T10:48:59.5865450Z'/><EventRecordID>274743</EventRecordID><Correlation ActivityID='{d674bba0-1160-0000-82bc-74d66011dd01}'/><Execution ProcessID='948' ThreadID='11152'/><Channel>Security</Channel><Computer>DESKTOP-15MLO7N</Computer><Security/></System><EventData><Data Name='SubjectUserSid'>S-1-5-18</Data><Data Name='SubjectUserName'>DESKTOP-15MLO7N$</Data><Data Name='SubjectDomainName'>WORKGROUP</Data><Data Name='SubjectLogonId'>0x3e7</Data><Data Name='TargetName'>MicrosoftAccount:user=02axpnyczfmuxmji</Data><Data Name='Type'>0</Data><Data Name='CountOfCredentialsReturned'>0</Data><Data Name='ReadOperation'>%%8100</Data><Data Name='ReturnCode'>3221226021</Data><Data Name='ProcessCreationTime'>2026-07-11T20:34:18.2739730Z</Data><Data Name='ClientProcessId'>7928</Data></EventData><RenderingInfo Culture='en-IN'><Message>Credential Manager credentials were read.

Subject:
	Security ID:		S-1-5-18
	Account Name:		DESKTOP-15MLO7N$
	Account Domain:		WORKGROUP
	Logon ID:		0x3E7
	Read Operation:		Enumerate Credentials

This event occurs when a user performs a read operation on stored credentials in Credential Manager.</Message><Level>Information</Level><Task>User Account Management</Task><Opcode>Info</Opcode><Channel>Security</Channel><Provider>Microsoft Windows security auditing.</Provider><Keywords><Keyword>Audit Success</Keyword></Keywords></RenderingInfo></Event><Event xmlns='http://schemas.microsoft.com/win/2004/08/events/event'><System><Provider Name='Microsoft-Windows-Security-Auditing' Guid='{54849625-5478-4994-a5ba-3e3b0328c30d}'/><EventID>5379</EventID><Version>0</Version><Level>0</Level><Task>13824</Task><Opcode>0</Opcode><Keywords>0x8020000000000000</Keywords><TimeCreated SystemTime='2026-07-16T10:48:59.5829989Z'/><EventRecordID>274742</EventRecordID><Correlation ActivityID='{d674bba0-1160-0000-82bc-74d66011dd01}'/><Execution ProcessID='948' ThreadID='11152'/><Channel>Security</Channel><Computer>DESKTOP-15MLO7N</Computer><Security/></System><EventData><Data Name='SubjectUserSid'>S-1-5-18</Data><Data Name='SubjectUserName'>DESKTOP-15MLO7N$</Data><Data Name='SubjectDomainName'>WORKGROUP</Data><Data Name='SubjectLogonId'>0x3e7</Data><Data Name='TargetName'>MicrosoftAccount:user=02axpnyczfmuxmji</Data><Data Name='Type'>0</Data><Data Name='CountOfCredentialsReturned'>0</Data><Data Name='ReadOperation'>%%8100</Data><Data Name='ReturnCode'>3221226021</Data><Data Name='ProcessCreationTime'>2026-07-11T20:34:18.2739730Z</Data><Data Name='ClientProcessId'>7928</Data></EventData><RenderingInfo Culture='en-IN'><Message>Credential Manager credentials were read.

Subject:
	Security ID:		S-1-5-18
	Account Name:		DESKTOP-15MLO7N$
	Account Domain:		WORKGROUP
	Logon ID:		0x3E7
	Read Operation:		Enumerate Credentials

This event occurs when a user performs a read operation on stored credentials in Credential Manager.</Message><Level>Information</Level><Task>User Account Management</Task><Opcode>Info</Opcode><Channel>Security</Channel><Provider>Microsoft Windows security auditing.</Provider><Keywords><Keyword>Audit Success</Keyword></Keywords></RenderingInfo></Event><Event xmlns='http://schemas.microsoft.com/win/2004/08/events/event'><System><Provider Name='Microsoft-Windows-Security-Auditing' Guid='{54849625-5478-4994-a5ba-3e3b0328c30d}'/><EventID>5379</EventID><Version>0</Version><Level>0</Level><Task>13824</Task><Opcode>0</Opcode><Keywords>0x8020000000000000</Keywords><TimeCreated SystemTime='2026-07-16T10:48:59.5818723Z'/><EventRecordID>274741</EventRecordID><Correlation ActivityID='{d674bba0-1160-0000-82bc-74d66011dd01}'/><Execution ProcessID='948' ThreadID='11152'/><Channel>Security</Channel><Computer>DESKTOP-15MLO7N</Computer><Security/></System><EventData><Data Name='SubjectUserSid'>S-1-5-18</Data><Data Name='SubjectUserName'>DESKTOP-15MLO7N$</Data><Data Name='SubjectDomainName'>WORKGROUP</Data><Data Name='SubjectLogonId'>0x3e7</Data><Data Name='TargetName'>MicrosoftAccount:user=02axpnyczfmuxmji</Data><Data Name='Type'>0</Data><Data Name='CountOfCredentialsReturned'>0</Data><Data Name='ReadOperation'>%%8100</Data><Data Name='ReturnCode'>3221226021</Data><Data Name='ProcessCreationTime'>2026-07-11T20:34:18.2739730Z</Data><Data Name='ClientProcessId'>7928</Data></EventData><RenderingInfo Culture='en-IN'><Message>Credential Manager credentials were read.

Subject:
	Security ID:		S-1-5-18
	Account Name:		DESKTOP-15MLO7N$
	Account Domain:		WORKGROUP
	Logon ID:		0x3E7
	Read Operation:		Enumerate Credentials

This event occurs when a user performs a read operation on stored credentials in Credential Manager.</Message><Level>Information</Level><Task>User Account Management</Task><Opcode>Info</Opcode><Channel>Security</Channel><Provider>Microsoft Windows security auditing.</Provider><Keywords><Keyword>Audit Success</Keyword></Keywords></RenderingInfo></Event><Event xmlns='http://schemas.microsoft.com/win/2004/08/events/event'><System><Provider Name='Microsoft-Windows-Security-Auditing' Guid='{54849625-5478-4994-a5ba-3e3b0328c30d}'/><EventID>5379</EventID><Version>0</Version><Level>0</Level><Task>13824</Task><Opcode>0</Opcode><Keywords>0x8020000000000000</Keywords><TimeCreated SystemTime='2026-07-16T10:48:59.4482734Z'/><EventRecordID>274740</EventRecordID><Correlation ActivityID='{d674bba0-1160-0000-82bc-74d66011dd01}'/><Execution ProcessID='948' ThreadID='11152'/><Channel>Security</Channel><Computer>DESKTOP-15MLO7N</Computer><Security/></System><EventData><Data Name='SubjectUserSid'>S-1-5-21-4135273746-3520294150-535758031-1001</Data><Data Name='SubjectUserName'>parma</Data><Data Name='SubjectDomainName'>DESKTOP-15MLO7N</Data><Data Name='SubjectLogonId'>0x4fa2d92</Data><Data Name='TargetName'>MicrosoftAccount:user=parmarjigar8070@gmail.com</Data><Data Name='Type'>0</Data><Data Name='CountOfCredentialsReturned'>1</Data><Data Name='ReadOperation'>%%8100</Data><Data Name='ReturnCode'>0</Data><Data Name='ProcessCreationTime'>2026-07-11T20:34:18.2739730Z</Data><Data Name='ClientProcessId'>7928</Data></EventData><RenderingInfo Culture='en-IN'><Message>Credential Manager credentials were read.

Subject:
	Security ID:		S-1-5-21-4135273746-3520294150-535758031-1001
	Account Name:		parma
	Account Domain:		DESKTOP-15MLO7N
	Logon ID:		0x4FA2D92
	Read Operation:		Enumerate Credentials

This event occurs when a user performs a read operation on stored credentials in Credential Manager.</Message><Level>Information</Level><Task>User Account Management</Task><Opcode>Info</Opcode><Channel>Security</Channel><Provider>Microsoft Windows security auditing.</Provider><Keywords><Keyword>Audit Success</Keyword></Keywords></RenderingInfo></Event><Event xmlns='http://schemas.microsoft.com/win/2004/08/events/event'><System><Provider Name='Microsoft-Windows-Security-Auditing' Guid='{54849625-5478-4994-a5ba-3e3b0328c30d}'/><EventID>5379</EventID><Version>0</Version><Level>0</Level><Task>13824</Task><Opcode>0</Opcode><Keywords>0x8020000000000000</Keywords><TimeCreated SystemTime='2026-07-16T10:48:59.4479132Z'/><EventRecordID>274739</EventRecordID><Correlation ActivityID='{d674bba0-1160-0000-82bc-74d66011dd01}'/><Execution ProcessID='948' ThreadID='11152'/><Channel>Security</Channel><Computer>DESKTOP-15MLO7N</Computer><Security/></System><EventData><Data Name='SubjectUserSid'>S-1-5-21-4135273746-3520294150-535758031-1001</Data><Data Name='SubjectUserName'>parma</Data><Data Name='SubjectDomainName'>DESKTOP-15MLO7N</Data><Data Name='SubjectLogonId'>0x4fa2d92</Data><Data Name='TargetName'>MicrosoftAccount:user=parmarjigar8070@gmail.com</Data><Data Name='Type'>0</Data><Data Name='CountOfCredentialsReturned'>1</Data><Data Name='ReadOperation'>%%8100</Data><Data Name='ReturnCode'>0</Data><Data Name='ProcessCreationTime'>2026-07-11T20:34:18.2739730Z</Data><Data Name='ClientProcessId'>7928</Data></EventData><RenderingInfo Culture='en-IN'><Message>Credential Manager credentials were read.

Subject:
	Security ID:		S-1-5-21-4135273746-3520294150-535758031-1001
	Account Name:		parma
	Account Domain:		DESKTOP-15MLO7N
	Logon ID:		0x4FA2D92
	Read Operation:		Enumerate Credentials

This event occurs when a user performs a read operation on stored credentials in Credential Manager.</Message><Level>Information</Level><Task>User Account Management</Task><Opcode>Info</Opcode><Channel>Security</Channel><Provider>Microsoft Windows security auditing.</Provider><Keywords><Keyword>Audit Success</Keyword></Keywords></RenderingInfo></Event><Event xmlns='http://schemas.microsoft.com/win/2004/08/events/event'><System><Provider Name='Microsoft-Windows-Security-Auditing' Guid='{54849625-5478-4994-a5ba-3e3b0328c30d}'/><EventID>5379</EventID><Version>0</Version><Level>0</Level><Task>13824</Task><Opcode>0</Opcode><Keywords>0x8020000000000000</Keywords><TimeCreated SystemTime='2026-07-16T10:48:59.4474982Z'/><EventRecordID>274738</EventRecordID><Correlation ActivityID='{d674bba0-1160-0000-82bc-74d66011dd01}'/><Execution ProcessID='948' ThreadID='11152'/><Channel>Security</Channel><Computer>DESKTOP-15MLO7N</Computer><Security/></System><EventData><Data Name='SubjectUserSid'>S-1-5-21-4135273746-3520294150-535758031-1001</Data><Data Name='SubjectUserName'>parma</Data><Data Name='SubjectDomainName'>DESKTOP-15MLO7N</Data><Data Name='SubjectLogonId'>0x4fa2d92</Data><Data Name='TargetName'>MicrosoftAccount:user=parmarjigar8070@gmail.com</Data><Data Name='Type'>0</Data><Data Name='CountOfCredentialsReturned'>1</Data><Data Name='ReadOperation'>%%8100</Data><Data Name='ReturnCode'>0</Data><Data Name='ProcessCreationTime'>2026-07-11T20:34:18.2739730Z</Data><Data Name='ClientProcessId'>7928</Data></EventData><RenderingInfo Culture='en-IN'><Message>Credential Manager credentials were read.

Subject:
	Security ID:		S-1-5-21-4135273746-3520294150-535758031-1001
	Account Name:		parma
	Account Domain:		DESKTOP-15MLO7N
	Logon ID:		0x4FA2D92
	Read Operation:		Enumerate Credentials

This event occurs when a user performs a read operation on stored credentials in Credential Manager.</Message><Level>Information</Level><Task>User Account Management</Task><Opcode>Info</Opcode><Channel>Security</Channel><Provider>Microsoft Windows security auditing.</Provider><Keywords><Keyword>Audit Success</Keyword></Keywords></RenderingInfo></Event>